#
# There is insufficient memory for the Java Runtime Environment to continue.
# Native memory allocation (malloc) failed to allocate 1324976 bytes for Chunk::new
# Possible reasons:
#   The system is out of physical RAM or swap space
#   The process is running with CompressedOops enabled, and the Java Heap may be blocking the growth of the native heap
# Possible solutions:
#   Reduce memory load on the system
#   Increase physical memory or swap space
#   Check if swap backing store is full
#   Decrease Java heap size (-Xmx/-Xms)
#   Decrease number of Java threads
#   Decrease Java thread stack sizes (-Xss)
#   Set larger code cache with -XX:ReservedCodeCacheSize=
#   JVM is running with Unscaled Compressed Oops mode in which the Java heap is
#     placed in the first 4GB address space. The Java Heap base address is the
#     maximum limit for the native heap growth. Please use -XX:HeapBaseMinAddress
#     to set the Java Heap base and to place the Java Heap above 4GB virtual address.
# This output file may be truncated or incomplete.
#
#  Out of Memory Error (./src/hotspot/share/memory/arena.cpp:197), pid=2176, tid=12512
#
# JRE version: OpenJDK Runtime Environment (11.0.10) (build 11.0.10+0-b96-7249189)
# Java VM: OpenJDK 64-Bit Server VM (11.0.10+0-b96-7249189, mixed mode, tiered, compressed oops, g1 gc, windows-amd64)
# No core dump will be written. Minidumps are not enabled by default on client versions of Windows
#

---------------  S U M M A R Y ------------

Command Line: --add-opens=java.base/java.util=ALL-UNNAMED --add-opens=java.base/java.lang=ALL-UNNAMED --add-opens=java.base/java.lang.invoke=ALL-UNNAMED --add-opens=java.base/java.util=ALL-UNNAMED --add-opens=java.prefs/java.util.prefs=ALL-UNNAMED --add-opens=java.prefs/java.util.prefs=ALL-UNNAMED --add-opens=java.base/java.nio.charset=ALL-UNNAMED --add-opens=java.base/java.net=ALL-UNNAMED --add-opens=java.base/java.util.concurrent.atomic=ALL-UNNAMED -Xmx2048m -Dfile.encoding=UTF-8 -Duser.country=ID -Duser.language=en -Duser.variant org.gradle.launcher.daemon.bootstrap.GradleDaemon 7.0.2

Host: Intel(R) Core(TM) i3-10110U CPU @ 2.10GHz, 4 cores, 3G,  Windows 10 , 64 bit Build 19041 (10.0.19041.1348)
Time: Sun Dec 19 23:51:44 2021 SE Asia Standard Time elapsed time: 3.495098 seconds (0d 0h 0m 3s)

---------------  T H R E A D  ---------------

Current thread (0x0000023156ca4800):  JavaThread "C2 CompilerThread0" daemon [_thread_in_native, id=12512, stack(0x0000007efcb00000,0x0000007efcc00000)]


Current CompileTask:
C2:   3495 2230   !   4       java.net.URLClassLoader$1::run (63 bytes)

Stack: [0x0000007efcb00000,0x0000007efcc00000]
Native frames: (J=compiled Java code, j=interpreted, Vv=VM code, C=native code)
V  [jvm.dll+0x5ecfaa]
V  [jvm.dll+0x722bd5]
V  [jvm.dll+0x72412d]
V  [jvm.dll+0x7247e3]
V  [jvm.dll+0x242928]
V  [jvm.dll+0xbc4fc]
V  [jvm.dll+0xbca0c]
V  [jvm.dll+0x352d3b]
V  [jvm.dll+0x197e0c]
V  [jvm.dll+0x1fb70e]
V  [jvm.dll+0x1fa7f4]
V  [jvm.dll+0x18354c]
V  [jvm.dll+0x208ee7]
V  [jvm.dll+0x207731]
V  [jvm.dll+0x6eb1cf]
V  [jvm.dll+0x6e3d45]
V  [jvm.dll+0x5ebe96]
C  [ucrtbase.dll+0x21bb2]
C  [KERNEL32.DLL+0x17034]
C  [ntdll.dll+0x52651]


---------------  P R O C E S S  ---------------

Threads class SMR info:
_java_thread_list=0x000002315b9e58d0, length=33, elements={
0x000002313d09c800, 0x0000023156c3a000, 0x0000023156c43000, 0x0000023156c95000,
0x0000023156c96000, 0x0000023156c98000, 0x0000023156ca4800, 0x0000023156cab000,
0x0000023156cae800, 0x00000231576fd800, 0x00000231598c8800, 0x0000023159147800,
0x0000023159148800, 0x00000231580e9000, 0x0000023158dac800, 0x0000023158969800,
0x0000023158322000, 0x0000023158aea800, 0x0000023158aeb000, 0x000002315963e800,
0x000002315963f000, 0x000002315963d800, 0x0000023159640000, 0x0000023159641000,
0x0000023159641800, 0x0000023159642800, 0x000002315963d000, 0x0000023159643800,
0x000002315b858000, 0x000002315b852000, 0x000002315b857000, 0x000002315b858800,

[error occurred during error reporting (printing all threads), id 0xc0000005, EXCEPTION_ACCESS_VIOLATION (0xc0000005) at pc=0x00007ffa47a3f443]

VM state:not at safepoint (normal execution)

VM Mutex/Monitor currently owned by a thread: None

Heap address: 0x0000000080000000, size: 2048 MB, Compressed Oops mode: 32-bit
Narrow klass base: 0x0000000000000000, Narrow klass shift: 3
Compressed class space size: 1073741824 Address: 0x0000000100000000

Heap:
 garbage-first heap   total 76800K, used 34033K [0x0000000080000000, 0x0000000100000000)
  region size 1024K, 4 young (4096K), 1 survivors (1024K)
 Metaspace       used 29360K, capacity 30152K, committed 30464K, reserved 1075200K
  class space    used 3933K, capacity 4234K, committed 4352K, reserved 1048576K
Heap Regions: E=young(eden), S=young(survivor), O=old, HS=humongous(starts), HC=humongous(continues), CS=collection set, F=free, A=archive, TAMS=top-at-mark-start (previous, next)
|   0|0x0000000080000000, 0x0000000080100000, 0x0000000080100000|100%| O|  |TAMS 0x0000000080100000, 0x0000000080000000| Untracked 
|   1|0x0000000080100000, 0x0000000080200000, 0x0000000080200000|100%| O|  |TAMS 0x0000000080200000, 0x0000000080100000| Untracked 
|   2|0x0000000080200000, 0x0000000080300000, 0x0000000080300000|100%| O|  |TAMS 0x0000000080300000, 0x0000000080200000| Untracked 
|   3|0x0000000080300000, 0x0000000080400000, 0x0000000080400000|100%|HS|  |TAMS 0x0000000080400000, 0x0000000080300000| Complete 
|   4|0x0000000080400000, 0x0000000080500000, 0x0000000080500000|100%|HC|  |TAMS 0x0000000080500000, 0x0000000080400000| Complete 
|   5|0x0000000080500000, 0x0000000080600000, 0x0000000080600000|100%|HC|  |TAMS 0x0000000080600000, 0x0000000080500000| Complete 
|   6|0x0000000080600000, 0x0000000080700000, 0x0000000080700000|100%| O|  |TAMS 0x0000000080700000, 0x0000000080600000| Untracked 
|   7|0x0000000080700000, 0x0000000080800000, 0x0000000080800000|100%| O|  |TAMS 0x0000000080800000, 0x0000000080700000| Untracked 
|   8|0x0000000080800000, 0x0000000080900000, 0x0000000080900000|100%| O|  |TAMS 0x0000000080900000, 0x0000000080800000| Untracked 
|   9|0x0000000080900000, 0x0000000080a00000, 0x0000000080a00000|100%| O|  |TAMS 0x0000000080a00000, 0x0000000080900000| Untracked 
|  10|0x0000000080a00000, 0x0000000080b00000, 0x0000000080b00000|100%| O|  |TAMS 0x0000000080b00000, 0x0000000080a00000| Untracked 
|  11|0x0000000080b00000, 0x0000000080c00000, 0x0000000080c00000|100%| O|  |TAMS 0x0000000080c00000, 0x0000000080b00000| Untracked 
|  12|0x0000000080c00000, 0x0000000080d00000, 0x0000000080d00000|100%| O|  |TAMS 0x0000000080d00000, 0x0000000080c00000| Untracked 
|  13|0x0000000080d00000, 0x0000000080e00000, 0x0000000080e00000|100%| O|  |TAMS 0x0000000080e00000, 0x0000000080d00000| Untracked 
|  14|0x0000000080e00000, 0x0000000080f00000, 0x0000000080f00000|100%| O|  |TAMS 0x0000000080e00000, 0x0000000080e00000| Untracked 
|  15|0x0000000080f00000, 0x0000000081000000, 0x0000000081000000|100%| O|  |TAMS 0x0000000080f00000, 0x0000000080f00000| Untracked 
|  16|0x0000000081000000, 0x0000000081100000, 0x0000000081100000|100%|HS|  |TAMS 0x0000000081000000, 0x0000000081000000| Complete 
|  17|0x0000000081100000, 0x0000000081200000, 0x0000000081200000|100%|HC|  |TAMS 0x0000000081100000, 0x0000000081100000| Complete 
|  18|0x0000000081200000, 0x0000000081300000, 0x0000000081300000|100%|HS|  |TAMS 0x0000000081200000, 0x0000000081200000| Complete 
|  19|0x0000000081300000, 0x0000000081400000, 0x0000000081400000|100%|HC|  |TAMS 0x0000000081300000, 0x0000000081300000| Complete 
|  20|0x0000000081400000, 0x0000000081500000, 0x0000000081500000|100%|HC|  |TAMS 0x0000000081400000, 0x0000000081400000| Complete 
|  21|0x0000000081500000, 0x0000000081600000, 0x0000000081600000|100%|HS|  |TAMS 0x0000000081500000, 0x0000000081500000| Complete 
|  22|0x0000000081600000, 0x0000000081700000, 0x0000000081700000|100%|HC|  |TAMS 0x0000000081600000, 0x0000000081600000| Complete 
|  23|0x0000000081700000, 0x0000000081800000, 0x0000000081800000|100%|HC|  |TAMS 0x0000000081700000, 0x0000000081700000| Complete 
|  24|0x0000000081800000, 0x0000000081900000, 0x0000000081900000|100%|HC|  |TAMS 0x0000000081800000, 0x0000000081800000| Complete 
|  25|0x0000000081900000, 0x0000000081a00000, 0x0000000081a00000|100%|HC|  |TAMS 0x0000000081900000, 0x0000000081900000| Complete 
|  26|0x0000000081a00000, 0x0000000081b00000, 0x0000000081b00000|100%| O|  |TAMS 0x0000000081a00000, 0x0000000081a00000| Untracked 
|  27|0x0000000081b00000, 0x0000000081c00000, 0x0000000081c00000|100%| O|  |TAMS 0x0000000081b00000, 0x0000000081b00000| Untracked 
|  28|0x0000000081c00000, 0x0000000081d00000, 0x0000000081d00000|100%| O|  |TAMS 0x0000000081c00000, 0x0000000081c00000| Untracked 
|  29|0x0000000081d00000, 0x0000000081e00000, 0x0000000081e00000|100%| O|  |TAMS 0x0000000081d00000, 0x0000000081d00000| Untracked 
|  30|0x0000000081e00000, 0x0000000081e3f000, 0x0000000081f00000| 24%| O|  |TAMS 0x0000000081e00000, 0x0000000081e00000| Untracked 
|  31|0x0000000081f00000, 0x0000000081f00000, 0x0000000082000000|  0%| F|  |TAMS 0x0000000081f00000, 0x0000000081f00000| Untracked 
|  32|0x0000000082000000, 0x0000000082000000, 0x0000000082100000|  0%| F|  |TAMS 0x0000000082000000, 0x0000000082000000| Untracked 
|  33|0x0000000082100000, 0x0000000082100000, 0x0000000082200000|  0%| F|  |TAMS 0x0000000082100000, 0x0000000082100000| Untracked 
|  34|0x0000000082200000, 0x0000000082200000, 0x0000000082300000|  0%| F|  |TAMS 0x0000000082200000, 0x0000000082200000| Untracked 
|  35|0x0000000082300000, 0x0000000082300000, 0x0000000082400000|  0%| F|  |TAMS 0x0000000082300000, 0x0000000082300000| Untracked 
|  36|0x0000000082400000, 0x0000000082400000, 0x0000000082500000|  0%| F|  |TAMS 0x0000000082400000, 0x0000000082400000| Untracked 
|  37|0x0000000082500000, 0x0000000082500000, 0x0000000082600000|  0%| F|  |TAMS 0x0000000082500000, 0x0000000082500000| Untracked 
|  38|0x0000000082600000, 0x0000000082600000, 0x0000000082700000|  0%| F|  |TAMS 0x0000000082600000, 0x0000000082600000| Untracked 
|  39|0x0000000082700000, 0x0000000082700000, 0x0000000082800000|  0%| F|  |TAMS 0x0000000082700000, 0x0000000082700000| Untracked 
|  40|0x0000000082800000, 0x0000000082800000, 0x0000000082900000|  0%| F|  |TAMS 0x0000000082800000, 0x0000000082800000| Untracked 
|  41|0x0000000082900000, 0x0000000082900000, 0x0000000082a00000|  0%| F|  |TAMS 0x0000000082900000, 0x0000000082900000| Untracked 
|  42|0x0000000082a00000, 0x0000000082a00000, 0x0000000082b00000|  0%| F|  |TAMS 0x0000000082a00000, 0x0000000082a00000| Untracked 
|  43|0x0000000082b00000, 0x0000000082b00000, 0x0000000082c00000|  0%| F|  |TAMS 0x0000000082b00000, 0x0000000082b00000| Untracked 
|  44|0x0000000082c00000, 0x0000000082c00000, 0x0000000082d00000|  0%| F|  |TAMS 0x0000000082c00000, 0x0000000082c00000| Untracked 
|  45|0x0000000082d00000, 0x0000000082d00000, 0x0000000082e00000|  0%| F|  |TAMS 0x0000000082d00000, 0x0000000082d00000| Untracked 
|  46|0x0000000082e00000, 0x0000000082e00000, 0x0000000082f00000|  0%| F|  |TAMS 0x0000000082e00000, 0x0000000082e00000| Untracked 
|  47|0x0000000082f00000, 0x0000000082f00000, 0x0000000083000000|  0%| F|  |TAMS 0x0000000082f00000, 0x0000000082f00000| Untracked 
|  48|0x0000000083000000, 0x00000000830fd6c0, 0x0000000083100000| 98%| S|CS|TAMS 0x0000000083000000, 0x0000000083000000| Complete 
|  49|0x0000000083100000, 0x0000000083100000, 0x0000000083200000|  0%| F|  |TAMS 0x0000000083100000, 0x0000000083100000| Untracked 
|  50|0x0000000083200000, 0x0000000083200000, 0x0000000083300000|  0%| F|  |TAMS 0x0000000083200000, 0x0000000083200000| Untracked 
|  51|0x0000000083300000, 0x0000000083300000, 0x0000000083400000|  0%| F|  |TAMS 0x0000000083300000, 0x0000000083300000| Untracked 
|  52|0x0000000083400000, 0x0000000083400000, 0x0000000083500000|  0%| F|  |TAMS 0x0000000083400000, 0x0000000083400000| Untracked 
|  53|0x0000000083500000, 0x0000000083500000, 0x0000000083600000|  0%| F|  |TAMS 0x0000000083500000, 0x0000000083500000| Untracked 
|  54|0x0000000083600000, 0x0000000083600000, 0x0000000083700000|  0%| F|  |TAMS 0x0000000083600000, 0x0000000083600000| Untracked 
|  55|0x0000000083700000, 0x0000000083700000, 0x0000000083800000|  0%| F|  |TAMS 0x0000000083700000, 0x0000000083700000| Untracked 
|  56|0x0000000083800000, 0x0000000083800000, 0x0000000083900000|  0%| F|  |TAMS 0x0000000083800000, 0x0000000083800000| Untracked 
|  57|0x0000000083900000, 0x0000000083900000, 0x0000000083a00000|  0%| F|  |TAMS 0x0000000083900000, 0x0000000083900000| Untracked 
|  58|0x0000000083a00000, 0x0000000083a00000, 0x0000000083b00000|  0%| F|  |TAMS 0x0000000083a00000, 0x0000000083a00000| Untracked 
|  59|0x0000000083b00000, 0x0000000083b00000, 0x0000000083c00000|  0%| F|  |TAMS 0x0000000083b00000, 0x0000000083b00000| Untracked 
|  60|0x0000000083c00000, 0x0000000083c00000, 0x0000000083d00000|  0%| F|  |TAMS 0x0000000083c00000, 0x0000000083c00000| Untracked 
|  61|0x0000000083d00000, 0x0000000083d00000, 0x0000000083e00000|  0%| F|  |TAMS 0x0000000083d00000, 0x0000000083d00000| Untracked 
|  62|0x0000000083e00000, 0x0000000083e00000, 0x0000000083f00000|  0%| F|  |TAMS 0x0000000083e00000, 0x0000000083e00000| Untracked 
|  63|0x0000000083f00000, 0x0000000083f00000, 0x0000000084000000|  0%| F|  |TAMS 0x0000000083f00000, 0x0000000083f00000| Untracked 
|  64|0x0000000084000000, 0x0000000084000000, 0x0000000084100000|  0%| F|  |TAMS 0x0000000084000000, 0x0000000084000000| Untracked 
|  65|0x0000000084100000, 0x0000000084100000, 0x0000000084200000|  0%| F|  |TAMS 0x0000000084100000, 0x0000000084100000| Untracked 
|  66|0x0000000084200000, 0x0000000084200000, 0x0000000084300000|  0%| F|  |TAMS 0x0000000084200000, 0x0000000084200000| Untracked 
|  67|0x0000000084300000, 0x0000000084300000, 0x0000000084400000|  0%| F|  |TAMS 0x0000000084300000, 0x0000000084300000| Untracked 
|  68|0x0000000084400000, 0x0000000084400000, 0x0000000084500000|  0%| F|  |TAMS 0x0000000084400000, 0x0000000084400000| Untracked 
|  69|0x0000000084500000, 0x0000000084500000, 0x0000000084600000|  0%| F|  |TAMS 0x0000000084500000, 0x0000000084500000| Untracked 
|  70|0x0000000084600000, 0x0000000084600000, 0x0000000084700000|  0%| F|  |TAMS 0x0000000084600000, 0x0000000084600000| Untracked 
|  71|0x0000000084700000, 0x0000000084700000, 0x0000000084800000|  0%| F|  |TAMS 0x0000000084700000, 0x0000000084700000| Untracked 
|  72|0x0000000084800000, 0x0000000084887be8, 0x0000000084900000| 53%| E|  |TAMS 0x0000000084800000, 0x0000000084800000| Complete 
|  73|0x0000000084900000, 0x0000000084a00000, 0x0000000084a00000|100%| E|CS|TAMS 0x0000000084900000, 0x0000000084900000| Complete 
|  74|0x0000000084a00000, 0x0000000084b00000, 0x0000000084b00000|100%| E|CS|TAMS 0x0000000084a00000, 0x0000000084a00000| Complete 

Card table byte_map: [0x000002314ff90000,0x0000023150390000] _byte_map_base: 0x000002314fb90000

Marking Bits (Prev, Next): (CMBitMap*) 0x000002313d0dcdc0, (CMBitMap*) 0x000002313d0dcd88
 Prev Bits: [0x0000023152790000, 0x0000023154790000)
 Next Bits: [0x0000023150790000, 0x0000023152790000)

Polling page: 0x000002313afd0000

Metaspace:

Usage:
  Non-class:     25.31 MB capacity,    24.83 MB ( 98%) used,   424.18 KB (  2%) free+waste,    66.75 KB ( <1%) overhead. 
      Class:      4.14 MB capacity,     3.84 MB ( 93%) used,   267.40 KB (  6%) free+waste,    33.81 KB ( <1%) overhead. 
       Both:     29.45 MB capacity,    28.67 MB ( 97%) used,   691.58 KB (  2%) free+waste,   100.56 KB ( <1%) overhead. 

Virtual space:
  Non-class space:       26.00 MB reserved,      25.50 MB ( 98%) committed 
      Class space:        1.00 GB reserved,       4.25 MB ( <1%) committed 
             Both:        1.03 GB reserved,      29.75 MB (  3%) committed 

Chunk freelists:
   Non-Class:  0 bytes
       Class:  21.00 KB
        Both:  21.00 KB

MaxMetaspaceSize: 17179869184.00 GB
CompressedClassSpaceSize: 1.00 GB

CodeHeap 'non-profiled nmethods': size=120064Kb used=1033Kb max_used=1033Kb free=119030Kb
 bounds [0x0000023148650000, 0x00000231488c0000, 0x000002314fb90000]
CodeHeap 'profiled nmethods': size=120000Kb used=5624Kb max_used=5624Kb free=114375Kb
 bounds [0x0000023141120000, 0x00000231416a0000, 0x0000023148650000]
CodeHeap 'non-nmethods': size=5696Kb used=1163Kb max_used=1198Kb free=4532Kb
 bounds [0x0000023140b90000, 0x0000023140e00000, 0x0000023141120000]
 total_blobs=3054 nmethods=2548 adapters=417
 compilation: enabled
              stopped_count=0, restarted_count=0
 full_count=0

Compilation events (20 events):
Event: 3.469 Thread 0x0000023156cab000 2550       3       org.objectweb.asm.Type::getArgumentTypes (154 bytes)
Event: 3.471 Thread 0x0000023156cab000 nmethod 2550 0x0000023141693f10 code [0x0000023141694400, 0x0000023141696c88]
Event: 3.472 Thread 0x0000023156cab000 2549       3       org.objectweb.asm.MethodWriter::visitMaxs (60 bytes)
Event: 3.472 Thread 0x0000023156cab000 nmethod 2549 0x0000023141697b90 code [0x0000023141697d60, 0x0000023141697fd8]
Event: 3.472 Thread 0x0000023156cab000 2551       3       org.objectweb.asm.MethodWriter::visitEnd (1 bytes)
Event: 3.472 Thread 0x0000023156cab000 nmethod 2551 0x0000023141698090 code [0x0000023141698240, 0x0000023141698338]
Event: 3.472 Thread 0x0000023156cab000 2552       3       org.objectweb.asm.MethodVisitor::<init> (94 bytes)
Event: 3.472 Thread 0x0000023156cab000 nmethod 2552 0x0000023141698410 code [0x00000231416986a0, 0x00000231416991c8]
Event: 3.472 Thread 0x0000023156cab000 2553       3       org.objectweb.asm.MethodWriter::computeMethodInfoSize (571 bytes)
Event: 3.474 Thread 0x0000023156cab000 nmethod 2553 0x0000023141699510 code [0x0000023141699860, 0x000002314169a868]
Event: 3.474 Thread 0x0000023156cab000 2554       3       org.objectweb.asm.MethodWriter::hasFrames (13 bytes)
Event: 3.474 Thread 0x0000023156cab000 nmethod 2554 0x000002314169af90 code [0x000002314169b140, 0x000002314169b298]
Event: 3.489 Thread 0x0000023156cab000 2555       1       org.gradle.internal.event.DefaultListenerManager::access$100 (5 bytes)
Event: 3.489 Thread 0x0000023156cab000 nmethod 2555 0x0000023148752110 code [0x00000231487522c0, 0x0000023148752358]
Event: 3.489 Thread 0x0000023156cab000 2557       3       java.lang.reflect.Proxy$ProxyBuilder::addElementTypes (33 bytes)
Event: 3.490 Thread 0x0000023156cab000 nmethod 2557 0x000002314169b310 code [0x000002314169b540, 0x000002314169bc08]
Event: 3.490 Thread 0x0000023156cab000 2558       3       java.lang.reflect.ProxyGenerator$MethodInfo::<init> (86 bytes)
Event: 3.490 Thread 0x0000023156cab000 nmethod 2558 0x000002314169bf10 code [0x000002314169c1c0, 0x000002314169cda8]
Event: 3.490 Thread 0x0000023156cab000 2556       1       java.lang.reflect.Method::getSharedExceptionTypes (5 bytes)
Event: 3.490 Thread 0x0000023156cab000 nmethod 2556 0x0000023148752410 code [0x00000231487525c0, 0x0000023148752678]

GC Heap History (16 events):
Event: 0.718 GC heap before
{Heap before GC invocations=0 (full 0):
 garbage-first heap   total 63488K, used 19456K [0x0000000080000000, 0x0000000100000000)
  region size 1024K, 14 young (14336K), 0 survivors (0K)
 Metaspace       used 6731K, capacity 6925K, committed 7168K, reserved 1056768K
  class space    used 582K, capacity 650K, committed 768K, reserved 1048576K
}
Event: 0.725 GC heap after
{Heap after GC invocations=1 (full 0):
 garbage-first heap   total 63488K, used 7998K [0x0000000080000000, 0x0000000100000000)
  region size 1024K, 2 young (2048K), 2 survivors (2048K)
 Metaspace       used 6731K, capacity 6925K, committed 7168K, reserved 1056768K
  class space    used 582K, capacity 650K, committed 768K, reserved 1048576K
}
Event: 1.043 GC heap before
{Heap before GC invocations=1 (full 0):
 garbage-first heap   total 63488K, used 23358K [0x0000000080000000, 0x0000000100000000)
  region size 1024K, 17 young (17408K), 2 survivors (2048K)
 Metaspace       used 10496K, capacity 10716K, committed 11008K, reserved 1058816K
  class space    used 1100K, capacity 1172K, committed 1280K, reserved 1048576K
}
Event: 1.046 GC heap after
{Heap after GC invocations=2 (full 0):
 garbage-first heap   total 63488K, used 9505K [0x0000000080000000, 0x0000000100000000)
  region size 1024K, 2 young (2048K), 2 survivors (2048K)
 Metaspace       used 10496K, capacity 10716K, committed 11008K, reserved 1058816K
  class space    used 1100K, capacity 1172K, committed 1280K, reserved 1048576K
}
Event: 1.290 GC heap before
{Heap before GC invocations=2 (full 0):
 garbage-first heap   total 63488K, used 29985K [0x0000000080000000, 0x0000000100000000)
  region size 1024K, 22 young (22528K), 2 survivors (2048K)
 Metaspace       used 11125K, capacity 11381K, committed 11520K, reserved 1058816K
  class space    used 1166K, capacity 1244K, committed 1280K, reserved 1048576K
}
Event: 1.292 GC heap after
{Heap after GC invocations=3 (full 0):
 garbage-first heap   total 63488K, used 9971K [0x0000000080000000, 0x0000000100000000)
  region size 1024K, 2 young (2048K), 2 survivors (2048K)
 Metaspace       used 11125K, capacity 11381K, committed 11520K, reserved 1058816K
  class space    used 1166K, capacity 1244K, committed 1280K, reserved 1048576K
}
Event: 1.510 GC heap before
{Heap before GC invocations=3 (full 0):
 garbage-first heap   total 63488K, used 35571K [0x0000000080000000, 0x0000000100000000)
  region size 1024K, 27 young (27648K), 2 survivors (2048K)
 Metaspace       used 11936K, capacity 12208K, committed 12544K, reserved 1060864K
  class space    used 1324K, capacity 1413K, committed 1536K, reserved 1048576K
}
Event: 1.516 GC heap after
{Heap after GC invocations=4 (full 0):
 garbage-first heap   total 63488K, used 14505K [0x0000000080000000, 0x0000000100000000)
  region size 1024K, 4 young (4096K), 4 survivors (4096K)
 Metaspace       used 11936K, capacity 12208K, committed 12544K, reserved 1060864K
  class space    used 1324K, capacity 1413K, committed 1536K, reserved 1048576K
}
Event: 2.170 GC heap before
{Heap before GC invocations=4 (full 0):
 garbage-first heap   total 63488K, used 39081K [0x0000000080000000, 0x0000000100000000)
  region size 1024K, 28 young (28672K), 4 survivors (4096K)
 Metaspace       used 18182K, capacity 18673K, committed 18816K, reserved 1064960K
  class space    used 2166K, capacity 2314K, committed 2432K, reserved 1048576K
}
Event: 2.175 GC heap after
{Heap after GC invocations=5 (full 0):
 garbage-first heap   total 63488K, used 16535K [0x0000000080000000, 0x0000000100000000)
  region size 1024K, 3 young (3072K), 3 survivors (3072K)
 Metaspace       used 18182K, capacity 18673K, committed 18816K, reserved 1064960K
  class space    used 2166K, capacity 2314K, committed 2432K, reserved 1048576K
}
Event: 2.367 GC heap before
{Heap before GC invocations=5 (full 0):
 garbage-first heap   total 63488K, used 35991K [0x0000000080000000, 0x0000000100000000)
  region size 1024K, 23 young (23552K), 3 survivors (3072K)
 Metaspace       used 20594K, capacity 21092K, committed 21248K, reserved 1067008K
  class space    used 2514K, capacity 2700K, committed 2816K, reserved 1048576K
}
Event: 2.373 GC heap after
{Heap after GC invocations=6 (full 0):
 garbage-first heap   total 76800K, used 17138K [0x0000000080000000, 0x0000000100000000)
  region size 1024K, 3 young (3072K), 3 survivors (3072K)
 Metaspace       used 20594K, capacity 21092K, committed 21248K, reserved 1067008K
  class space    used 2514K, capacity 2700K, committed 2816K, reserved 1048576K
}
Event: 2.755 GC heap before
{Heap before GC invocations=7 (full 0):
 garbage-first heap   total 76800K, used 46834K [0x0000000080000000, 0x0000000100000000)
  region size 1024K, 32 young (32768K), 3 survivors (3072K)
 Metaspace       used 23544K, capacity 24119K, committed 24320K, reserved 1071104K
  class space    used 3002K, capacity 3202K, committed 3328K, reserved 1048576K
}
Event: 2.759 GC heap after
{Heap after GC invocations=8 (full 0):
 garbage-first heap   total 76800K, used 17840K [0x0000000080000000, 0x0000000100000000)
  region size 1024K, 2 young (2048K), 2 survivors (2048K)
 Metaspace       used 23544K, capacity 24119K, committed 24320K, reserved 1071104K
  class space    used 3002K, capacity 3202K, committed 3328K, reserved 1048576K
}
Event: 3.177 GC heap before
{Heap before GC invocations=8 (full 0):
 garbage-first heap   total 76800K, used 59824K [0x0000000080000000, 0x0000000100000000)
  region size 1024K, 33 young (33792K), 2 survivors (2048K)
 Metaspace       used 26758K, capacity 27461K, committed 27648K, reserved 1073152K
  class space    used 3527K, capacity 3805K, committed 3840K, reserved 1048576K
}
Event: 3.181 GC heap after
{Heap after GC invocations=9 (full 0):
 garbage-first heap   total 76800K, used 31107K [0x0000000080000000, 0x0000000100000000)
  region size 1024K, 5 young (5120K), 5 survivors (5120K)
 Metaspace       used 26758K, capacity 27461K, committed 27648K, reserved 1073152K
  class space    used 3527K, capacity 3805K, committed 3840K, reserved 1048576K
}

Deoptimization events (20 events):
Event: 3.013 Thread 0x0000023158322000 DEOPT PACKING pc=0x000002314872362c sp=0x0000007efd7f8370
Event: 3.013 Thread 0x0000023158322000 DEOPT UNPACKING pc=0x0000023140bb78af sp=0x0000007efd7f83d0 mode 2
Event: 3.013 Thread 0x0000023158322000 Uncommon trap: trap_request=0xffffffc6 fr.pc=0x000002314872362c relative=0x00000000000034ec
Event: 3.014 Thread 0x0000023158322000 Uncommon trap: reason=bimorphic_or_optimized_type_check action=maybe_recompile pc=0x000002314872362c method=java.lang.ClassLoader.loadClass(Ljava/lang/String;Z)Ljava/lang/Class; @ 38 c2
Event: 3.014 Thread 0x0000023158322000 DEOPT PACKING pc=0x000002314872362c sp=0x0000007efd7f8600
Event: 3.014 Thread 0x0000023158322000 DEOPT UNPACKING pc=0x0000023140bb78af sp=0x0000007efd7f8660 mode 2
Event: 3.014 Thread 0x0000023158322000 Uncommon trap: trap_request=0xffffffc6 fr.pc=0x000002314872362c relative=0x00000000000034ec
Event: 3.014 Thread 0x0000023158322000 Uncommon trap: reason=bimorphic_or_optimized_type_check action=maybe_recompile pc=0x000002314872362c method=java.lang.ClassLoader.loadClass(Ljava/lang/String;Z)Ljava/lang/Class; @ 38 c2
Event: 3.014 Thread 0x0000023158322000 DEOPT PACKING pc=0x000002314872362c sp=0x0000007efd7f9cb0
Event: 3.014 Thread 0x0000023158322000 DEOPT UNPACKING pc=0x0000023140bb78af sp=0x0000007efd7f9d10 mode 2
Event: 3.040 Thread 0x0000023158322000 DEOPT PACKING pc=0x00000231411ea544 sp=0x0000007efd7f5c70
Event: 3.040 Thread 0x0000023158322000 DEOPT UNPACKING pc=0x0000023140bb76ce sp=0x0000007efd7f5260 mode 0
Event: 3.043 Thread 0x0000023158322000 Uncommon trap: trap_request=0xffffff4d fr.pc=0x00000231486c57ac relative=0x0000000000001dcc
Event: 3.043 Thread 0x0000023158322000 Uncommon trap: reason=unstable_if action=reinterpret pc=0x00000231486c57ac method=java.util.zip.ZipFile$Source.initCEN(ILjava/util/zip/ZipCoder;)V @ 582 c2
Event: 3.043 Thread 0x0000023158322000 DEOPT PACKING pc=0x00000231486c57ac sp=0x0000007efd7f5d80
Event: 3.043 Thread 0x0000023158322000 DEOPT UNPACKING pc=0x0000023140bb78af sp=0x0000007efd7f5d68 mode 2
Event: 3.342 Thread 0x0000023158322000 Uncommon trap: trap_request=0xffffff4d fr.pc=0x00000231487384cc relative=0x000000000000020c
Event: 3.342 Thread 0x0000023158322000 Uncommon trap: reason=unstable_if action=reinterpret pc=0x00000231487384cc method=java.util.HashMap.hash(Ljava/lang/Object;)I @ 1 c2
Event: 3.342 Thread 0x0000023158322000 DEOPT PACKING pc=0x00000231487384cc sp=0x0000007efd7f9440
Event: 3.342 Thread 0x0000023158322000 DEOPT UNPACKING pc=0x0000023140bb78af sp=0x0000007efd7f9378 mode 2

Classes redefined (0 events):
No events

Internal exceptions (20 events):
Event: 3.124 Thread 0x0000023158322000 Exception <a 'java/lang/NoSuchMethodError'{0x0000000083158790}: <clinit>> (0x0000000083158790) thrown at [./src/hotspot/share/prims/jni.cpp, line 1362]
Event: 3.127 Thread 0x0000023158322000 Exception <a 'java/lang/NoSuchMethodError'{0x0000000083173218}: <clinit>> (0x0000000083173218) thrown at [./src/hotspot/share/prims/jni.cpp, line 1362]
Event: 3.128 Thread 0x0000023158322000 Exception <a 'java/lang/NoSuchMethodError'{0x000000008317d240}: <clinit>> (0x000000008317d240) thrown at [./src/hotspot/share/prims/jni.cpp, line 1362]
Event: 3.128 Thread 0x0000023158322000 Exception <a 'java/lang/NoSuchMethodError'{0x0000000083186ad8}: <clinit>> (0x0000000083186ad8) thrown at [./src/hotspot/share/prims/jni.cpp, line 1362]
Event: 3.129 Thread 0x0000023158322000 Exception <a 'java/lang/NoSuchMethodError'{0x00000000831903a0}: <clinit>> (0x00000000831903a0) thrown at [./src/hotspot/share/prims/jni.cpp, line 1362]
Event: 3.134 Thread 0x0000023158322000 Exception <a 'java/lang/NoSuchMethodError'{0x0000000083043890}: <clinit>> (0x0000000083043890) thrown at [./src/hotspot/share/prims/jni.cpp, line 1362]
Event: 3.134 Thread 0x0000023158322000 Exception <a 'java/lang/NoSuchMethodError'{0x00000000830462c8}: <clinit>> (0x00000000830462c8) thrown at [./src/hotspot/share/prims/jni.cpp, line 1362]
Event: 3.134 Thread 0x0000023158322000 Exception <a 'java/lang/NoSuchMethodError'{0x00000000830478d0}: <clinit>> (0x00000000830478d0) thrown at [./src/hotspot/share/prims/jni.cpp, line 1362]
Event: 3.135 Thread 0x0000023158322000 Exception <a 'java/lang/NoSuchMethodError'{0x0000000083048e68}: <clinit>> (0x0000000083048e68) thrown at [./src/hotspot/share/prims/jni.cpp, line 1362]
Event: 3.135 Thread 0x0000023158322000 Exception <a 'java/lang/NoSuchMethodError'{0x000000008304a5c8}: <clinit>> (0x000000008304a5c8) thrown at [./src/hotspot/share/prims/jni.cpp, line 1362]
Event: 3.135 Thread 0x0000023158322000 Exception <a 'java/lang/NoSuchMethodError'{0x000000008304bc60}: <clinit>> (0x000000008304bc60) thrown at [./src/hotspot/share/prims/jni.cpp, line 1362]
Event: 3.135 Thread 0x0000023158322000 Exception <a 'java/lang/NoSuchMethodError'{0x000000008304d198}: <clinit>> (0x000000008304d198) thrown at [./src/hotspot/share/prims/jni.cpp, line 1362]
Event: 3.230 Thread 0x0000023158322000 Exception <a 'java/lang/NoSuchMethodError'{0x000000008459dd48}: 'java.lang.Object java.lang.invoke.DirectMethodHandle$Holder.invokeSpecialIFC(java.lang.Object, java.lang.Object, java.lang.Object, java.lang.Object)'> (0x000000008459dd48) thrown at [./src/hotspot/share/interpreter/linkResolver.cpp, line 773]
Event: 3.236 Thread 0x0000023158322000 Exception <a 'java/lang/NoSuchMethodError'{0x00000000844744c0}: 'java.lang.Object java.lang.invoke.DirectMethodHandle$Holder.invokeSpecial(java.lang.Object, java.lang.Object, java.lang.Object, java.lang.Object, java.lang.Object, java.lang.Object, java.lang.Object, java.lang.Object, java.lang.Object, java.lang.Object, java.lang.Object, java.lang.Object, java.lang.Object)'> (0x00000000844744c0) thrown at [./src/hotspot/share/interpreter/linkResolver.cpp, line 773]
Event: 3.236 Thread 0x0000023158322000 Exception <a 'java/lang/NoSuchMethodError'{0x0000000084485748}: 'java.lang.Object java.lang.invoke.DirectMethodHandle$Holder.invokeSpecial(java.lang.Object, java.lang.Object, java.lang.Object, java.lang.Object, java.lang.Object, java.lang.Object, java.lang.Object, java.lang.Object, java.lang.Object, java.lang.Object, java.lang.Object, java.lang.Object)'> (0x0000000084485748) thrown at [./src/hotspot/share/interpreter/linkResolver.cpp, line 773]
Event: 3.237 Thread 0x0000023158322000 Exception <a 'java/lang/NoSuchMethodError'{0x000000008448a870}: 'java.lang.Object java.lang.invoke.Invokers$Holder.linkToTargetMethod(java.lang.Object, java.lang.Object, java.lang.Object, java.lang.Object, java.lang.Object, java.lang.Object, java.lang.Object, java.lang.Object, java.lang.Object, java.lang.Object, java.lang.Object)'> (0x000000008448a870) thrown at [./src/hotspot/share/interpreter/linkResolver.cpp, line 773]
Event: 3.245 Thread 0x0000023158322000 Exception <a 'java/lang/NoSuchMethodError'{0x00000000843c2100}: 'java.lang.Object java.lang.invoke.DirectMethodHandle$Holder.invokeSpecial(java.lang.Object, java.lang.Object, java.lang.Object, java.lang.Object, java.lang.Object, java.lang.Object, java.lang.Object, java.lang.Object, java.lang.Object, java.lang.Object, java.lang.Object, java.lang.Object, java.lang.Object, java.lang.Object)'> (0x00000000843c2100) thrown at [./src/hotspot/share/interpreter/linkResolver.cpp, line 773]
Event: 3.246 Thread 0x0000023158322000 Exception <a 'java/lang/NoSuchMethodError'{0x00000000843d36f8}: 'java.lang.Object java.lang.invoke.Invokers$Holder.linkToTargetMethod(java.lang.Object, java.lang.Object, java.lang.Object, java.lang.Object, java.lang.Object, java.lang.Object, java.lang.Object, java.lang.Object, java.lang.Object, java.lang.Object, java.lang.Object, java.lang.Object)'> (0x00000000843d36f8) thrown at [./src/hotspot/share/interpreter/linkResolver.cpp, line 773]
Event: 3.250 Thread 0x0000023158322000 Exception <a 'java/lang/NoSuchMethodError'{0x0000000084261bc0}: 'java.lang.Object java.lang.invoke.DirectMethodHandle$Holder.invokeStaticInit(java.lang.Object, java.lang.Object, java.lang.Object, java.lang.Object)'> (0x0000000084261bc0) thrown at [./src/hotspot/share/interpreter/linkResolver.cpp, line 773]
Event: 3.342 Thread 0x0000023158322000 Implicit null exception at 0x00000231487382f5 to 0x00000231487384bc

Events (20 events):
Event: 3.484 loading class org/gradle/internal/execution/UnitOfWork$InputVisitor
Event: 3.484 loading class org/gradle/internal/execution/UnitOfWork$InputVisitor done
Event: 3.486 loading class org/gradle/internal/execution/DefaultOutputSnapshotter
Event: 3.486 loading class org/gradle/internal/execution/DefaultOutputSnapshotter done
Event: 3.486 loading class org/gradle/internal/execution/UnitOfWork$OutputVisitor
Event: 3.486 loading class org/gradle/internal/execution/UnitOfWork$OutputVisitor done
Event: 3.486 loading class org/gradle/internal/execution/history/impl/DefaultOverlappingOutputDetector
Event: 3.486 loading class org/gradle/internal/execution/history/impl/DefaultOverlappingOutputDetector done
Event: 3.487 loading class org/gradle/internal/execution/timeout/impl/DefaultTimeoutHandler
Event: 3.487 loading class org/gradle/internal/execution/timeout/impl/DefaultTimeoutHandler done
Event: 3.487 loading class org/gradle/internal/execution/timeout/Timeout
Event: 3.487 loading class org/gradle/internal/execution/timeout/Timeout done
Event: 3.490 loading class org/gradle/internal/id/UniqueId
Event: 3.490 loading class org/gradle/internal/id/UniqueId done
Event: 3.490 loading class com/google/common/io/BaseEncoding
Event: 3.490 loading class com/google/common/io/BaseEncoding done
Event: 3.492 loading class com/google/common/io/BaseEncoding$Base64Encoding
Event: 3.492 loading class com/google/common/io/BaseEncoding$Base64Encoding done
Event: 3.493 loading class com/google/common/io/BaseEncoding$StandardBaseEncoding
Event: 3.493 loading class com/google/common/io/BaseEncoding$StandardBaseEncoding done


Dynamic libraries:
0x00007ff7ab0a0000 - 0x00007ff7ab0aa000 	C:\Program Files\Android\Android Studio\jre\bin\java.exe
0x00007ffadb190000 - 0x00007ffadb385000 	C:\Windows\SYSTEM32\ntdll.dll
0x00007ffadaff0000 - 0x00007ffadb0ae000 	C:\Windows\System32\KERNEL32.DLL
0x00007ffad88b0000 - 0x00007ffad8b78000 	C:\Windows\System32\KERNELBASE.dll
0x00007ffad8b80000 - 0x00007ffad8c80000 	C:\Windows\System32\ucrtbase.dll
0x00007ffac6c40000 - 0x00007ffac6c57000 	C:\Program Files\Android\Android Studio\jre\bin\VCRUNTIME140.dll
0x00007ffac86d0000 - 0x00007ffac86e9000 	C:\Program Files\Android\Android Studio\jre\bin\jli.dll
0x00007ffada000000 - 0x00007ffada1a1000 	C:\Windows\System32\USER32.dll
0x00007ffac6180000 - 0x00007ffac641a000 	C:\Windows\WinSxS\amd64_microsoft.windows.common-controls_6595b64144ccf1df_6.0.19041.1110_none_60b5254171f9507e\COMCTL32.dll
0x00007ffad9120000 - 0x00007ffad9142000 	C:\Windows\System32\win32u.dll
0x00007ffad9540000 - 0x00007ffad95de000 	C:\Windows\System32\msvcrt.dll
0x00007ffadb0b0000 - 0x00007ffadb0db000 	C:\Windows\System32\GDI32.dll
0x00007ffad8db0000 - 0x00007ffad8ebb000 	C:\Windows\System32\gdi32full.dll
0x00007ffad8d10000 - 0x00007ffad8dad000 	C:\Windows\System32\msvcp_win.dll
0x00007ffad95e0000 - 0x00007ffad9610000 	C:\Windows\System32\IMM32.DLL
0x00007ffa8e750000 - 0x00007ffa8e7ed000 	C:\Program Files\Android\Android Studio\jre\bin\msvcp140.dll
0x00007ffa47350000 - 0x00007ffa47e1f000 	C:\Program Files\Android\Android Studio\jre\bin\server\jvm.dll
0x00007ffada460000 - 0x00007ffada50c000 	C:\Windows\System32\ADVAPI32.dll
0x00007ffad96d0000 - 0x00007ffad976b000 	C:\Windows\System32\sechost.dll
0x00007ffada510000 - 0x00007ffada63a000 	C:\Windows\System32\RPCRT4.dll
0x00007ffad9610000 - 0x00007ffad9618000 	C:\Windows\System32\PSAPI.DLL
0x00007ffacfd10000 - 0x00007ffacfd1a000 	C:\Windows\SYSTEM32\VERSION.dll
0x00007ffac3690000 - 0x00007ffac36b7000 	C:\Windows\SYSTEM32\WINMM.dll
0x00007ffabefd0000 - 0x00007ffabefd9000 	C:\Windows\SYSTEM32\WSOCK32.dll
0x00007ffadb0e0000 - 0x00007ffadb14b000 	C:\Windows\System32\WS2_32.dll
0x00007ffad67b0000 - 0x00007ffad67c2000 	C:\Windows\SYSTEM32\kernel.appcore.dll
0x00007ffad25e0000 - 0x00007ffad25f1000 	C:\Program Files\Android\Android Studio\jre\bin\verify.dll
0x00007ffac9870000 - 0x00007ffac9a54000 	C:\Windows\SYSTEM32\DBGHELP.DLL
0x00007ffac10a0000 - 0x00007ffac10cc000 	C:\Windows\SYSTEM32\dbgcore.DLL
0x00007ffad9150000 - 0x00007ffad91d3000 	C:\Windows\System32\bcryptPrimitives.dll
0x00007ffad25b0000 - 0x00007ffad25d9000 	C:\Program Files\Android\Android Studio\jre\bin\java.dll
0x00007ffad3290000 - 0x00007ffad329b000 	C:\Program Files\Android\Android Studio\jre\bin\jimage.dll
0x00007ffad2590000 - 0x00007ffad25a8000 	C:\Program Files\Android\Android Studio\jre\bin\zip.dll
0x00007ffada6e0000 - 0x00007ffadae1f000 	C:\Windows\System32\SHELL32.dll
0x00007ffad69b0000 - 0x00007ffad7140000 	C:\Windows\SYSTEM32\windows.storage.dll
0x00007ffad91e0000 - 0x00007ffad9535000 	C:\Windows\System32\combase.dll
0x00007ffad8290000 - 0x00007ffad82be000 	C:\Windows\SYSTEM32\Wldp.dll
0x00007ffad9620000 - 0x00007ffad96cd000 	C:\Windows\System32\SHCORE.dll
0x00007ffadaf90000 - 0x00007ffadafe5000 	C:\Windows\System32\shlwapi.dll
0x00007ffad87f0000 - 0x00007ffad880f000 	C:\Windows\SYSTEM32\profapi.dll
0x00007ffad2570000 - 0x00007ffad258a000 	C:\Program Files\Android\Android Studio\jre\bin\net.dll
0x00007ffaced50000 - 0x00007ffacee5c000 	C:\Windows\SYSTEM32\WINHTTP.dll
0x00007ffad7f90000 - 0x00007ffad7ffa000 	C:\Windows\system32\mswsock.dll
0x00007ffad2550000 - 0x00007ffad2564000 	C:\Program Files\Android\Android Studio\jre\bin\nio.dll
0x00007ffac87d0000 - 0x00007ffac87f7000 	C:\Users\Lenovo\.gradle\native\8bec1ad78214c89d9ad589b4d07fe93259594b29d510b10fafb7a158f7737e5d\windows-amd64\native-platform.dll
0x00007ffaa1ce0000 - 0x00007ffaa1e1d000 	C:\Users\Lenovo\.gradle\native\53dbd7edfb1c66fb8903c78663c9afc45aea4f116125fa6feffd364cf09443e8\windows-amd64\native-platform-file-events.dll
0x00007ffad2540000 - 0x00007ffad254a000 	C:\Program Files\Android\Android Studio\jre\bin\management.dll
0x00007ffad2530000 - 0x00007ffad253c000 	C:\Program Files\Android\Android Studio\jre\bin\management_ext.dll
0x00007ffad81e0000 - 0x00007ffad81f8000 	C:\Windows\SYSTEM32\CRYPTSP.dll
0x00007ffad7910000 - 0x00007ffad7944000 	C:\Windows\system32\rsaenh.dll
0x00007ffad8ce0000 - 0x00007ffad8d07000 	C:\Windows\System32\bcrypt.dll
0x00007ffad8770000 - 0x00007ffad879e000 	C:\Windows\SYSTEM32\USERENV.dll
0x00007ffad8200000 - 0x00007ffad820c000 	C:\Windows\SYSTEM32\CRYPTBASE.dll
0x00007ffad7c80000 - 0x00007ffad7cbb000 	C:\Windows\SYSTEM32\IPHLPAPI.DLL
0x00007ffada6d0000 - 0x00007ffada6d8000 	C:\Windows\System32\NSI.dll
0x00007ffacfcf0000 - 0x00007ffacfd07000 	C:\Windows\SYSTEM32\dhcpcsvc6.DLL
0x00007fface900000 - 0x00007fface91d000 	C:\Windows\SYSTEM32\dhcpcsvc.DLL
0x00007ffad7cc0000 - 0x00007ffad7d8b000 	C:\Windows\SYSTEM32\DNSAPI.dll

dbghelp: loaded successfully - version: 4.0.5 - missing functions: none
symbol engine: initialized successfully - sym options: 0x614 - pdb path: .;C:\Program Files\Android\Android Studio\jre\bin;C:\Windows\SYSTEM32;C:\Windows\WinSxS\amd64_microsoft.windows.common-controls_6595b64144ccf1df_6.0.19041.1110_none_60b5254171f9507e;C:\Program Files\Android\Android Studio\jre\bin\server;C:\Users\Lenovo\.gradle\native\8bec1ad78214c89d9ad589b4d07fe93259594b29d510b10fafb7a158f7737e5d\windows-amd64;C:\Users\Lenovo\.gradle\native\53dbd7edfb1c66fb8903c78663c9afc45aea4f116125fa6feffd364cf09443e8\windows-amd64

VM Arguments:
jvm_args: --add-opens=java.base/java.util=ALL-UNNAMED --add-opens=java.base/java.lang=ALL-UNNAMED --add-opens=java.base/java.lang.invoke=ALL-UNNAMED --add-opens=java.base/java.util=ALL-UNNAMED --add-opens=java.prefs/java.util.prefs=ALL-UNNAMED --add-opens=java.prefs/java.util.prefs=ALL-UNNAMED --add-opens=java.base/java.nio.charset=ALL-UNNAMED --add-opens=java.base/java.net=ALL-UNNAMED --add-opens=java.base/java.util.concurrent.atomic=ALL-UNNAMED -Xmx2048m -Dfile.encoding=UTF-8 -Duser.country=ID -Duser.language=en -Duser.variant 
java_command: org.gradle.launcher.daemon.bootstrap.GradleDaemon 7.0.2
java_class_path (initial): C:\Users\Lenovo\.gradle\wrapper\dists\gradle-7.0.2-bin\857tjihv64xamwrf0h14cai3r\gradle-7.0.2\lib\gradle-launcher-7.0.2.jar
Launcher Type: SUN_STANDARD

[Global flags]
     intx CICompilerCount                          = 3                                         {product} {ergonomic}
     uint ConcGCThreads                            = 1                                         {product} {ergonomic}
     uint G1ConcRefinementThreads                  = 4                                         {product} {ergonomic}
   size_t G1HeapRegionSize                         = 1048576                                   {product} {ergonomic}
    uintx GCDrainStackTargetSize                   = 64                                        {product} {ergonomic}
   size_t InitialHeapSize                          = 65011712                                  {product} {ergonomic}
   size_t MarkStackSize                            = 4194304                                   {product} {ergonomic}
   size_t MaxHeapSize                              = 2147483648                                {product} {command line}
   size_t MaxNewSize                               = 1287651328                                {product} {ergonomic}
   size_t MinHeapDeltaBytes                        = 1048576                                   {product} {ergonomic}
    uintx NonNMethodCodeHeapSize                   = 5830732                                {pd product} {ergonomic}
    uintx NonProfiledCodeHeapSize                  = 122913754                              {pd product} {ergonomic}
    uintx ProfiledCodeHeapSize                     = 122913754                              {pd product} {ergonomic}
    uintx ReservedCodeCacheSize                    = 251658240                              {pd product} {ergonomic}
     bool SegmentedCodeCache                       = true                                      {product} {ergonomic}
     bool UseCompressedClassPointers               = true                                 {lp64_product} {ergonomic}
     bool UseCompressedOops                        = true                                 {lp64_product} {ergonomic}
     bool UseG1GC                                  = true                                      {product} {ergonomic}
     bool UseLargePagesIndividualAllocation        = false                                  {pd product} {ergonomic}

Logging:
Log output configuration:
 #0: stdout all=warning uptime,level,tags
 #1: stderr all=off uptime,level,tags

Environment Variables:
PATH=C:\Windows\system32;C:\Windows;C:\Windows\System32\Wbem;C:\Windows\System32\WindowsPowerShell\v1.0\;C:\Windows\System32\OpenSSH\;C:\Users\Lenovo\AppData\Local\Microsoft\WindowsApps;
USERNAME=Lenovo
OS=Windows_NT
PROCESSOR_IDENTIFIER=Intel64 Family 6 Model 142 Stepping 12, GenuineIntel



---------------  S Y S T E M  ---------------

OS: Windows 10 , 64 bit Build 19041 (10.0.19041.1348)
OS uptime: 4 days 1:42 hours

CPU:total 4 (initial active 4) (2 cores per cpu, 2 threads per core) family 6 model 142 stepping 12 microcode 0xde, cmov, cx8, fxsr, mmx, sse, sse2, sse3, ssse3, sse4.1, sse4.2, popcnt, avx, avx2, aes, clmul, erms, 3dnowpref, lzcnt, ht, tsc, tscinvbit, bmi1, bmi2, adx, fma

Memory: 4k page, system-wide physical 3930M (101M free)
TotalPageFile size 16218M (AvailPageFile size 6M)
current process WorkingSet (physical memory assigned to process): 191M, peak: 191M
current process commit charge ("private bytes"): 224M, peak: 226M

vm_info: OpenJDK 64-Bit Server VM (11.0.10+0-b96-7249189) for windows-amd64 JRE (11.0.10+0-b96-7249189), built on Mar 31 2021 21:44:00 by "builder" with MS VC++ 14.0 (VS2015)

END.
