#
# There is insufficient memory for the Java Runtime Environment to continue.
# Native memory allocation (mmap) failed to map 23068672 bytes for Failed to commit area from 0x0000000086c00000 to 0x0000000088200000 of length 23068672.
# Possible reasons:
#   The system is out of physical RAM or swap space
#   The process is running with CompressedOops enabled, and the Java Heap may be blocking the growth of the native heap
# Possible solutions:
#   Reduce memory load on the system
#   Increase physical memory or swap space
#   Check if swap backing store is full
#   Decrease Java heap size (-Xmx/-Xms)
#   Decrease number of Java threads
#   Decrease Java thread stack sizes (-Xss)
#   Set larger code cache with -XX:ReservedCodeCacheSize=
#   JVM is running with Unscaled Compressed Oops mode in which the Java heap is
#     placed in the first 4GB address space. The Java Heap base address is the
#     maximum limit for the native heap growth. Please use -XX:HeapBaseMinAddress
#     to set the Java Heap base and to place the Java Heap above 4GB virtual address.
# This output file may be truncated or incomplete.
#
#  Out of Memory Error (./src/hotspot/os/windows/os_windows.cpp:3301), pid=15616, tid=13920
#
# JRE version: OpenJDK Runtime Environment (11.0.10) (build 11.0.10+0-b96-7249189)
# Java VM: OpenJDK 64-Bit Server VM (11.0.10+0-b96-7249189, mixed mode, tiered, compressed oops, g1 gc, windows-amd64)
# No core dump will be written. Minidumps are not enabled by default on client versions of Windows
#

---------------  S U M M A R Y ------------

Command Line: --add-opens=java.base/java.util=ALL-UNNAMED --add-opens=java.base/java.lang=ALL-UNNAMED --add-opens=java.base/java.lang.invoke=ALL-UNNAMED --add-opens=java.base/java.util=ALL-UNNAMED --add-opens=java.prefs/java.util.prefs=ALL-UNNAMED --add-opens=java.prefs/java.util.prefs=ALL-UNNAMED --add-opens=java.base/java.nio.charset=ALL-UNNAMED --add-opens=java.base/java.net=ALL-UNNAMED --add-opens=java.base/java.util.concurrent.atomic=ALL-UNNAMED -Xmx2048m -Dfile.encoding=UTF-8 -Duser.country=ID -Duser.language=en -Duser.variant org.gradle.launcher.daemon.bootstrap.GradleDaemon 7.0.2

Host: Intel(R) Core(TM) i3-10110U CPU @ 2.10GHz, 4 cores, 3G,  Windows 10 , 64 bit Build 19041 (10.0.19041.1348)
Time: Sun Dec 19 23:47:56 2021 SE Asia Standard Time elapsed time: 6.322635 seconds (0d 0h 0m 6s)

---------------  T H R E A D  ---------------

Current thread (0x0000023e54231000):  VMThread "VM Thread" [stack: 0x0000004ee3500000,0x0000004ee3600000] [id=13920]

Stack: [0x0000004ee3500000,0x0000004ee3600000]
[error occurred during error reporting (printing stack bounds), id 0xc0000005, EXCEPTION_ACCESS_VIOLATION (0xc0000005) at pc=0x0000023e3da50f2d]

Native frames: (J=compiled Java code, j=interpreted, Vv=VM code, C=native code)
V  [jvm.dll+0x5ecfaa]
V  [jvm.dll+0x722bd5]
V  [jvm.dll+0x72412d]
V  [jvm.dll+0x724745]
V  [jvm.dll+0x7246fb]
V  [jvm.dll+0x5ec348]
V  [jvm.dll+0x5ecad8]
C  [ntdll.dll+0xa20cf]
C  [ntdll.dll+0x51454]
C  [ntdll.dll+0xa0bfe]
C  0x0000023e3da50f2d

VM_Operation (0x0000004ee47f2d50): G1CollectForAllocation, mode: safepoint, requested by thread 0x0000023e561aa800


---------------  P R O C E S S  ---------------

Threads class SMR info:
_java_thread_list=0x0000023e5ac9be30, length=40, elements={
0x0000023e3873b000, 0x0000023e54234800, 0x0000023e54240000, 0x0000023e54290800,
0x0000023e54293000, 0x0000023e54295000, 0x0000023e54298800, 0x0000023e542a4800,
0x0000023e542ad000, 0x0000023e54d10000, 0x0000023e559ee800, 0x0000023e55ecb800,
0x0000023e55bef800, 0x0000023e55dc7000, 0x0000023e56172800, 0x0000023e563b6800,
0x0000023e561aa800, 0x0000023e5655f800, 0x0000023e56e32000, 0x0000023e56e56000,
0x0000023e56e5a000, 0x0000023e56e56800, 0x0000023e56e57800, 0x0000023e56e58800,
0x0000023e56e59000, 0x0000023e56e54800, 0x0000023e56e5b000, 0x0000023e56e55000,
0x0000023e58cdb000, 0x0000023e58cdd000, 0x0000023e58cdf000, 0x0000023e58cdf800,
0x0000023e58cde000, 0x0000023e58cdb800, 0x0000023e58ce0800, 0x0000023e58ce2000,
0x0000023e58cdc800, 0x0000023e58ce8000, 0x0000023e58ce8800, 0x0000023e58ce5800
}

Java Threads: ( => current thread )
  0x0000023e3873b000 JavaThread "main" [_thread_blocked, id=16532, stack(0x0000004ee2f00000,0x0000004ee3000000)]
  0x0000023e54234800 JavaThread "Reference Handler" daemon [_thread_blocked, id=14328, stack(0x0000004ee3600000,0x0000004ee3700000)]
  0x0000023e54240000 JavaThread "Finalizer" daemon [_thread_blocked, id=8928, stack(0x0000004ee3700000,0x0000004ee3800000)]
  0x0000023e54290800 JavaThread "Signal Dispatcher" daemon [_thread_blocked, id=5536, stack(0x0000004ee3800000,0x0000004ee3900000)]
  0x0000023e54293000 JavaThread "Attach Listener" daemon [_thread_blocked, id=4064, stack(0x0000004ee3900000,0x0000004ee3a00000)]
  0x0000023e54295000 JavaThread "Service Thread" daemon [_thread_blocked, id=12320, stack(0x0000004ee3a00000,0x0000004ee3b00000)]
  0x0000023e54298800 JavaThread "C2 CompilerThread0" daemon [_thread_in_native, id=4712, stack(0x0000004ee3b00000,0x0000004ee3c00000)]
  0x0000023e542a4800 JavaThread "C1 CompilerThread0" daemon [_thread_blocked, id=5448, stack(0x0000004ee3c00000,0x0000004ee3d00000)]
  0x0000023e542ad000 JavaThread "Sweeper thread" daemon [_thread_blocked, id=14200, stack(0x0000004ee3d00000,0x0000004ee3e00000)]
  0x0000023e54d10000 JavaThread "Common-Cleaner" daemon [_thread_blocked, id=6464, stack(0x0000004ee3e00000,0x0000004ee3f00000)]
  0x0000023e559ee800 JavaThread "Daemon health stats" [_thread_blocked, id=6508, stack(0x0000004ee4100000,0x0000004ee4200000)]
  0x0000023e55ecb800 JavaThread "Incoming local TCP Connector on port 56955" [_thread_in_native, id=7300, stack(0x0000004ee4200000,0x0000004ee4300000)]
  0x0000023e55bef800 JavaThread "Daemon periodic checks" [_thread_blocked, id=6860, stack(0x0000004ee4300000,0x0000004ee4400000)]
  0x0000023e55dc7000 JavaThread "Daemon" [_thread_blocked, id=4468, stack(0x0000004ee4400000,0x0000004ee4500000)]
  0x0000023e56172800 JavaThread "Handler for socket connection from /127.0.0.1:56955 to /127.0.0.1:56956" [_thread_in_native, id=17244, stack(0x0000004ee4500000,0x0000004ee4600000)]
  0x0000023e563b6800 JavaThread "Cancel handler" [_thread_blocked, id=17252, stack(0x0000004ee4600000,0x0000004ee4700000)]
  0x0000023e561aa800 JavaThread "Daemon worker" [_thread_blocked, id=13848, stack(0x0000004ee4700000,0x0000004ee4800000)]
  0x0000023e5655f800 JavaThread "Asynchronous log dispatcher for DefaultDaemonConnection: socket connection from /127.0.0.1:56955 to /127.0.0.1:56956" [_thread_blocked, id=16124, stack(0x0000004ee4800000,0x0000004ee4900000)]
  0x0000023e56e32000 JavaThread "Stdin handler" [_thread_blocked, id=17052, stack(0x0000004ee4900000,0x0000004ee4a00000)]
  0x0000023e56e56000 JavaThread "Daemon client event forwarder" [_thread_blocked, id=16036, stack(0x0000004ee4a00000,0x0000004ee4b00000)]
  0x0000023e56e5a000 JavaThread "Cache worker for file hash cache (C:\Users\Lenovo\.gradle\caches\7.0.2\fileHashes)" [_thread_blocked, id=1724, stack(0x0000004ee4d00000,0x0000004ee4e00000)]
  0x0000023e56e56800 JavaThread "File lock request listener" [_thread_in_native, id=17132, stack(0x0000004ee4e00000,0x0000004ee4f00000)]
  0x0000023e56e57800 JavaThread "Cache worker for journal cache (C:\Users\Lenovo\.gradle\caches\journal-1)" [_thread_blocked, id=9576, stack(0x0000004ee4f00000,0x0000004ee5000000)]
  0x0000023e56e58800 JavaThread "Cache worker for file hash cache (C:\Users\Lenovo\AndroidStudioProjects\SAMPRI\.gradle\7.0.2\fileHashes)" [_thread_blocked, id=9696, stack(0x0000004ee5000000,0x0000004ee5100000)]
  0x0000023e56e59000 JavaThread "File watcher server" daemon [_thread_in_native, id=6016, stack(0x0000004ee5100000,0x0000004ee5200000)]
  0x0000023e56e54800 JavaThread "File watcher consumer" daemon [_thread_blocked, id=4896, stack(0x0000004ee5200000,0x0000004ee5300000)]
  0x0000023e56e5b000 JavaThread "jar transforms" [_thread_blocked, id=11656, stack(0x0000004ee5300000,0x0000004ee5400000)]
  0x0000023e56e55000 JavaThread "jar transforms Thread 2" [_thread_blocked, id=7800, stack(0x0000004ee5400000,0x0000004ee5500000)]
  0x0000023e58cdb000 JavaThread "jar transforms Thread 3" [_thread_blocked, id=12496, stack(0x0000004ee5500000,0x0000004ee5600000)]
  0x0000023e58cdd000 JavaThread "jar transforms Thread 4" [_thread_blocked, id=10080, stack(0x0000004ee5600000,0x0000004ee5700000)]
  0x0000023e58cdf000 JavaThread "Cache worker for checksums cache (C:\Users\Lenovo\AndroidStudioProjects\SAMPRI\.gradle\checksums)" [_thread_blocked, id=3364, stack(0x0000004ee5700000,0x0000004ee5800000)]
  0x0000023e58cdf800 JavaThread "Cache worker for cache directory md-supplier (C:\Users\Lenovo\.gradle\caches\7.0.2\md-supplier)" [_thread_blocked, id=17320, stack(0x0000004ee5800000,0x0000004ee5900000)]
  0x0000023e58cde000 JavaThread "Cache worker for cache directory md-rule (C:\Users\Lenovo\.gradle\caches\7.0.2\md-rule)" [_thread_blocked, id=17352, stack(0x0000004ee5900000,0x0000004ee5a00000)]
  0x0000023e58cdb800 JavaThread "Cache worker for execution history cache (C:\Users\Lenovo\.gradle\caches\7.0.2\executionHistory)" [_thread_blocked, id=1544, stack(0x0000004ee5a00000,0x0000004ee5b00000)]
  0x0000023e58ce0800 JavaThread "Cache worker for file content cache (C:\Users\Lenovo\.gradle\caches\7.0.2\fileContent)" [_thread_blocked, id=11288, stack(0x0000004ee5b00000,0x0000004ee5c00000)]
  0x0000023e58ce2000 JavaThread "Cache worker for dependencies-accessors (C:\Users\Lenovo\AndroidStudioProjects\SAMPRI\.gradle\7.0.2\dependencies-accessors)" [_thread_blocked, id=9000, stack(0x0000004ee5c00000,0x0000004ee5d00000)]
  0x0000023e58cdc800 JavaThread "Cache worker for Build Output Cleanup Cache (C:\Users\Lenovo\AndroidStudioProjects\SAMPRI\.gradle\buildOutputCleanup)" [_thread_blocked, id=14868, stack(0x0000004ee5d00000,0x0000004ee5e00000)]
  0x0000023e58ce8000 JavaThread "Build operations" [_thread_blocked, id=13484, stack(0x0000004ee5e00000,0x0000004ee5f00000)]
  0x0000023e58ce8800 JavaThread "Build operations Thread 2" [_thread_blocked, id=6096, stack(0x0000004ee5f00000,0x0000004ee6000000)]
  0x0000023e58ce5800 JavaThread "Build operations Thread 3" [_thread_blocked, id=14112, stack(0x0000004ee6000000,0x0000004ee6100000)]

Other Threads:
=>0x0000023e54231000 VMThread "VM Thread" [stack: 0x0000004ee3500000,0x0000004ee3600000] [id=13920]
  0x0000023e54d4c800 WatcherThread [stack: 0x0000004ee3f00000,0x0000004ee4000000] [id=15376]
  0x0000023e38754000 GCTaskThread "GC Thread#0" [stack: 0x0000004ee3000000,0x0000004ee3100000] [id=14792]
  0x0000023e550a3800 GCTaskThread "GC Thread#1" [stack: 0x0000004ee4000000,0x0000004ee4100000] [id=13328]
  0x0000023e56e36800 GCTaskThread "GC Thread#2" [stack: 0x0000004ee4b00000,0x0000004ee4c00000] [id=12628]
  0x0000023e56e39800 GCTaskThread "GC Thread#3" [stack: 0x0000004ee4c00000,0x0000004ee4d00000] [id=15996]
  0x0000023e38784800 ConcurrentGCThread "G1 Main Marker" [stack: 0x0000004ee3100000,0x0000004ee3200000] [id=9828]
  0x0000023e38787000 ConcurrentGCThread "G1 Conc#0" [stack: 0x0000004ee3200000,0x0000004ee3300000] [id=5384]
  0x0000023e387e1800 ConcurrentGCThread "G1 Refine#0" [stack: 0x0000004ee3300000,0x0000004ee3400000] [id=9776]
  0x0000023e387e2800 ConcurrentGCThread "G1 Young RemSet Sampling" [stack: 0x0000004ee3400000,0x0000004ee3500000] [id=11644]

Threads with active compile tasks:
C2 CompilerThread0   6342 4837  s!   4       jdk.internal.loader.URLClassPath::getLoader (194 bytes)

VM state:at safepoint (normal execution)

VM Mutex/Monitor currently owned by a thread:  ([mutex/lock_event])
[0x0000023e387380e0] Threads_lock - owner thread: 0x0000023e54231000
[0x0000023e38738d40] Heap_lock - owner thread: 0x0000023e561aa800

Heap address: 0x0000000080000000, size: 2048 MB, Compressed Oops mode: 32-bit
Narrow klass base: 0x0000000000000000, Narrow klass shift: 3
Compressed class space size: 1073741824 Address: 0x0000000100000000

Heap:
 garbage-first heap   total 133120K, used 58730K [0x0000000080000000, 0x0000000100000000)
  region size 1024K, 4 young (4096K), 4 survivors (4096K)
 Metaspace       used 52536K, capacity 54034K, committed 54144K, reserved 1095680K
  class space    used 6733K, capacity 7212K, committed 7296K, reserved 1048576K
Heap Regions: E=young(eden), S=young(survivor), O=old, HS=humongous(starts), HC=humongous(continues), CS=collection set, F=free, A=archive, TAMS=top-at-mark-start (previous, next)
|   0|0x0000000080000000, 0x0000000080100000, 0x0000000080100000|100%| O|  |TAMS 0x0000000080100000, 0x0000000080000000| Untracked 
|   1|0x0000000080100000, 0x0000000080200000, 0x0000000080200000|100%| O|  |TAMS 0x0000000080200000, 0x0000000080100000| Untracked 
|   2|0x0000000080200000, 0x0000000080300000, 0x0000000080300000|100%| O|  |TAMS 0x0000000080300000, 0x0000000080200000| Untracked 
|   3|0x0000000080300000, 0x0000000080400000, 0x0000000080400000|100%|HS|  |TAMS 0x0000000080400000, 0x0000000080300000| Complete 
|   4|0x0000000080400000, 0x0000000080500000, 0x0000000080500000|100%|HC|  |TAMS 0x0000000080500000, 0x0000000080400000| Complete 
|   5|0x0000000080500000, 0x0000000080600000, 0x0000000080600000|100%|HC|  |TAMS 0x0000000080600000, 0x0000000080500000| Complete 
|   6|0x0000000080600000, 0x0000000080700000, 0x0000000080700000|100%| O|  |TAMS 0x0000000080700000, 0x0000000080600000| Untracked 
|   7|0x0000000080700000, 0x0000000080800000, 0x0000000080800000|100%| O|  |TAMS 0x0000000080800000, 0x0000000080700000| Untracked 
|   8|0x0000000080800000, 0x0000000080900000, 0x0000000080900000|100%| O|  |TAMS 0x0000000080900000, 0x0000000080800000| Untracked 
|   9|0x0000000080900000, 0x0000000080a00000, 0x0000000080a00000|100%| O|  |TAMS 0x0000000080a00000, 0x0000000080900000| Untracked 
|  10|0x0000000080a00000, 0x0000000080b00000, 0x0000000080b00000|100%| O|  |TAMS 0x0000000080b00000, 0x0000000080a00000| Untracked 
|  11|0x0000000080b00000, 0x0000000080c00000, 0x0000000080c00000|100%| O|  |TAMS 0x0000000080c00000, 0x0000000080b00000| Untracked 
|  12|0x0000000080c00000, 0x0000000080d00000, 0x0000000080d00000|100%| O|  |TAMS 0x0000000080d00000, 0x0000000080c00000| Untracked 
|  13|0x0000000080d00000, 0x0000000080e00000, 0x0000000080e00000|100%| O|  |TAMS 0x0000000080e00000, 0x0000000080d00000| Untracked 
|  14|0x0000000080e00000, 0x0000000080f00000, 0x0000000080f00000|100%| O|  |TAMS 0x0000000080f00000, 0x0000000080e00000| Untracked 
|  15|0x0000000080f00000, 0x0000000081000000, 0x0000000081000000|100%| O|  |TAMS 0x0000000081000000, 0x0000000080f00000| Untracked 
|  16|0x0000000081000000, 0x0000000081100000, 0x0000000081100000|100%|HS|  |TAMS 0x0000000081100000, 0x0000000081000000| Complete 
|  17|0x0000000081100000, 0x0000000081200000, 0x0000000081200000|100%|HC|  |TAMS 0x0000000081200000, 0x0000000081100000| Complete 
|  18|0x0000000081200000, 0x0000000081300000, 0x0000000081300000|100%|HS|  |TAMS 0x0000000081300000, 0x0000000081200000| Complete 
|  19|0x0000000081300000, 0x0000000081400000, 0x0000000081400000|100%|HC|  |TAMS 0x0000000081400000, 0x0000000081300000| Complete 
|  20|0x0000000081400000, 0x0000000081500000, 0x0000000081500000|100%|HC|  |TAMS 0x0000000081500000, 0x0000000081400000| Complete 
|  21|0x0000000081500000, 0x0000000081600000, 0x0000000081600000|100%|HS|  |TAMS 0x0000000081600000, 0x0000000081500000| Complete 
|  22|0x0000000081600000, 0x0000000081700000, 0x0000000081700000|100%|HC|  |TAMS 0x0000000081700000, 0x0000000081600000| Complete 
|  23|0x0000000081700000, 0x0000000081800000, 0x0000000081800000|100%|HC|  |TAMS 0x0000000081800000, 0x0000000081700000| Complete 
|  24|0x0000000081800000, 0x0000000081900000, 0x0000000081900000|100%|HC|  |TAMS 0x0000000081900000, 0x0000000081800000| Complete 
|  25|0x0000000081900000, 0x0000000081a00000, 0x0000000081a00000|100%|HC|  |TAMS 0x0000000081a00000, 0x0000000081900000| Complete 
|  26|0x0000000081a00000, 0x0000000081b00000, 0x0000000081b00000|100%| O|  |TAMS 0x0000000081b00000, 0x0000000081a00000| Untracked 
|  27|0x0000000081b00000, 0x0000000081c00000, 0x0000000081c00000|100%| O|  |TAMS 0x0000000081c00000, 0x0000000081b00000| Untracked 
|  28|0x0000000081c00000, 0x0000000081d00000, 0x0000000081d00000|100%| O|  |TAMS 0x0000000081d00000, 0x0000000081c00000| Untracked 
|  29|0x0000000081d00000, 0x0000000081e00000, 0x0000000081e00000|100%| O|  |TAMS 0x0000000081e00000, 0x0000000081d00000| Untracked 
|  30|0x0000000081e00000, 0x0000000081f00000, 0x0000000081f00000|100%| O|  |TAMS 0x0000000081f00000, 0x0000000081e00000| Untracked 
|  31|0x0000000081f00000, 0x0000000082000000, 0x0000000082000000|100%| O|  |TAMS 0x0000000082000000, 0x0000000081f00000| Untracked 
|  32|0x0000000082000000, 0x0000000082100000, 0x0000000082100000|100%| O|  |TAMS 0x0000000082100000, 0x0000000082000000| Untracked 
|  33|0x0000000082100000, 0x0000000082200000, 0x0000000082200000|100%| O|  |TAMS 0x0000000082200000, 0x0000000082100000| Untracked 
|  34|0x0000000082200000, 0x0000000082300000, 0x0000000082300000|100%| O|  |TAMS 0x0000000082300000, 0x0000000082200000| Untracked 
|  35|0x0000000082300000, 0x0000000082400000, 0x0000000082400000|100%| O|  |TAMS 0x0000000082400000, 0x0000000082300000| Untracked 
|  36|0x0000000082400000, 0x0000000082500000, 0x0000000082500000|100%| O|  |TAMS 0x0000000082500000, 0x0000000082400000| Untracked 
|  37|0x0000000082500000, 0x0000000082600000, 0x0000000082600000|100%| O|  |TAMS 0x0000000082600000, 0x0000000082500000| Untracked 
|  38|0x0000000082600000, 0x0000000082700000, 0x0000000082700000|100%| O|  |TAMS 0x0000000082700000, 0x0000000082600000| Untracked 
|  39|0x0000000082700000, 0x0000000082800000, 0x0000000082800000|100%|HS|  |TAMS 0x0000000082800000, 0x0000000082700000| Complete 
|  40|0x0000000082800000, 0x0000000082900000, 0x0000000082900000|100%|HC|  |TAMS 0x0000000082900000, 0x0000000082800000| Complete 
|  41|0x0000000082900000, 0x0000000082a00000, 0x0000000082a00000|100%|HC|  |TAMS 0x0000000082a00000, 0x0000000082900000| Complete 
|  42|0x0000000082a00000, 0x0000000082b00000, 0x0000000082b00000|100%|HC|  |TAMS 0x0000000082b00000, 0x0000000082a00000| Complete 
|  43|0x0000000082b00000, 0x0000000082c00000, 0x0000000082c00000|100%|HC|  |TAMS 0x0000000082c00000, 0x0000000082b00000| Complete 
|  44|0x0000000082c00000, 0x0000000082d00000, 0x0000000082d00000|100%|HS|  |TAMS 0x0000000082d00000, 0x0000000082c00000| Complete 
|  45|0x0000000082d00000, 0x0000000082e00000, 0x0000000082e00000|100%|HC|  |TAMS 0x0000000082e00000, 0x0000000082d00000| Complete 
|  46|0x0000000082e00000, 0x0000000082f00000, 0x0000000082f00000|100%|HC|  |TAMS 0x0000000082f00000, 0x0000000082e00000| Complete 
|  47|0x0000000082f00000, 0x0000000083000000, 0x0000000083000000|100%| O|  |TAMS 0x0000000083000000, 0x0000000082f00000| Untracked 
|  48|0x0000000083000000, 0x0000000083100000, 0x0000000083100000|100%| O|  |TAMS 0x0000000083100000, 0x0000000083000000| Untracked 
|  49|0x0000000083100000, 0x0000000083200000, 0x0000000083200000|100%| O|  |TAMS 0x0000000083200000, 0x0000000083100000| Untracked 
|  50|0x0000000083200000, 0x0000000083300000, 0x0000000083300000|100%| O|  |TAMS 0x0000000083300000, 0x0000000083200000| Untracked 
|  51|0x0000000083300000, 0x0000000083400000, 0x0000000083400000|100%| O|  |TAMS 0x0000000083386200, 0x0000000083300000| Untracked 
|  52|0x0000000083400000, 0x0000000083500000, 0x0000000083500000|100%| O|  |TAMS 0x0000000083400000, 0x0000000083400000| Untracked 
|  53|0x0000000083500000, 0x000000008355a800, 0x0000000083600000| 35%| O|  |TAMS 0x0000000083500000, 0x0000000083500000| Untracked 
|  54|0x0000000083600000, 0x0000000083600000, 0x0000000083700000|  0%| F|  |TAMS 0x0000000083600000, 0x0000000083600000| Untracked 
|  55|0x0000000083700000, 0x0000000083700000, 0x0000000083800000|  0%| F|  |TAMS 0x0000000083700000, 0x0000000083700000| Untracked 
|  56|0x0000000083800000, 0x0000000083800000, 0x0000000083900000|  0%| F|  |TAMS 0x0000000083800000, 0x0000000083800000| Untracked 
|  57|0x0000000083900000, 0x0000000083900000, 0x0000000083a00000|  0%| F|  |TAMS 0x0000000083900000, 0x0000000083900000| Untracked 
|  58|0x0000000083a00000, 0x0000000083a00000, 0x0000000083b00000|  0%| F|  |TAMS 0x0000000083a00000, 0x0000000083a00000| Untracked 
|  59|0x0000000083b00000, 0x0000000083b00000, 0x0000000083c00000|  0%| F|  |TAMS 0x0000000083b00000, 0x0000000083b00000| Untracked 
|  60|0x0000000083c00000, 0x0000000083c00000, 0x0000000083d00000|  0%| F|  |TAMS 0x0000000083c00000, 0x0000000083c00000| Untracked 
|  61|0x0000000083d00000, 0x0000000083d00000, 0x0000000083e00000|  0%| F|  |TAMS 0x0000000083d00000, 0x0000000083d00000| Untracked 
|  62|0x0000000083e00000, 0x0000000083e00000, 0x0000000083f00000|  0%| F|  |TAMS 0x0000000083e00000, 0x0000000083e00000| Untracked 
|  63|0x0000000083f00000, 0x0000000083f00000, 0x0000000084000000|  0%| F|  |TAMS 0x0000000083f00000, 0x0000000083f00000| Untracked 
|  64|0x0000000084000000, 0x0000000084000000, 0x0000000084100000|  0%| F|  |TAMS 0x0000000084000000, 0x0000000084000000| Untracked 
|  65|0x0000000084100000, 0x0000000084100000, 0x0000000084200000|  0%| F|  |TAMS 0x0000000084100000, 0x0000000084100000| Untracked 
|  66|0x0000000084200000, 0x0000000084200000, 0x0000000084300000|  0%| F|  |TAMS 0x0000000084200000, 0x0000000084200000| Untracked 
|  67|0x0000000084300000, 0x0000000084300000, 0x0000000084400000|  0%| F|  |TAMS 0x0000000084300000, 0x0000000084300000| Untracked 
|  68|0x0000000084400000, 0x0000000084400000, 0x0000000084500000|  0%| F|  |TAMS 0x0000000084400000, 0x0000000084400000| Untracked 
|  69|0x0000000084500000, 0x0000000084500000, 0x0000000084600000|  0%| F|  |TAMS 0x0000000084500000, 0x0000000084500000| Untracked 
|  70|0x0000000084600000, 0x0000000084600000, 0x0000000084700000|  0%| F|  |TAMS 0x0000000084600000, 0x0000000084600000| Untracked 
|  71|0x0000000084700000, 0x0000000084800000, 0x0000000084800000|100%| S|CS|TAMS 0x0000000084700000, 0x0000000084700000| Complete 
|  72|0x0000000084800000, 0x0000000084900000, 0x0000000084900000|100%| S|CS|TAMS 0x0000000084800000, 0x0000000084800000| Complete 
|  73|0x0000000084900000, 0x0000000084a00000, 0x0000000084a00000|100%| S|CS|TAMS 0x0000000084900000, 0x0000000084900000| Complete 
|  74|0x0000000084a00000, 0x0000000084b00000, 0x0000000084b00000|100%| S|CS|TAMS 0x0000000084a00000, 0x0000000084a00000| Complete 
|  75|0x0000000084b00000, 0x0000000084b00000, 0x0000000084c00000|  0%| F|  |TAMS 0x0000000084b00000, 0x0000000084b00000| Untracked 
|  76|0x0000000084c00000, 0x0000000084c00000, 0x0000000084d00000|  0%| F|  |TAMS 0x0000000084c00000, 0x0000000084c00000| Untracked 
|  77|0x0000000084d00000, 0x0000000084d00000, 0x0000000084e00000|  0%| F|  |TAMS 0x0000000084d00000, 0x0000000084d00000| Untracked 
|  78|0x0000000084e00000, 0x0000000084e00000, 0x0000000084f00000|  0%| F|  |TAMS 0x0000000084e00000, 0x0000000084e00000| Untracked 
|  79|0x0000000084f00000, 0x0000000084f00000, 0x0000000085000000|  0%| F|  |TAMS 0x0000000084f00000, 0x0000000084f00000| Untracked 
|  80|0x0000000085000000, 0x0000000085000000, 0x0000000085100000|  0%| F|  |TAMS 0x0000000085000000, 0x0000000085000000| Untracked 
|  81|0x0000000085100000, 0x0000000085100000, 0x0000000085200000|  0%| F|  |TAMS 0x0000000085100000, 0x0000000085100000| Untracked 
|  82|0x0000000085200000, 0x0000000085200000, 0x0000000085300000|  0%| F|  |TAMS 0x0000000085200000, 0x0000000085200000| Untracked 
|  83|0x0000000085300000, 0x0000000085300000, 0x0000000085400000|  0%| F|  |TAMS 0x0000000085300000, 0x0000000085300000| Untracked 
|  84|0x0000000085400000, 0x0000000085400000, 0x0000000085500000|  0%| F|  |TAMS 0x0000000085400000, 0x0000000085400000| Untracked 
|  85|0x0000000085500000, 0x0000000085500000, 0x0000000085600000|  0%| F|  |TAMS 0x0000000085500000, 0x0000000085500000| Untracked 
|  86|0x0000000085600000, 0x0000000085600000, 0x0000000085700000|  0%| F|  |TAMS 0x0000000085600000, 0x0000000085600000| Untracked 
|  87|0x0000000085700000, 0x0000000085700000, 0x0000000085800000|  0%| F|  |TAMS 0x0000000085700000, 0x0000000085700000| Untracked 
|  88|0x0000000085800000, 0x0000000085800000, 0x0000000085900000|  0%| F|  |TAMS 0x0000000085800000, 0x0000000085800000| Untracked 
|  89|0x0000000085900000, 0x0000000085900000, 0x0000000085a00000|  0%| F|  |TAMS 0x0000000085900000, 0x0000000085900000| Untracked 
|  90|0x0000000085a00000, 0x0000000085a00000, 0x0000000085b00000|  0%| F|  |TAMS 0x0000000085a00000, 0x0000000085a00000| Untracked 
|  91|0x0000000085b00000, 0x0000000085b00000, 0x0000000085c00000|  0%| F|  |TAMS 0x0000000085b00000, 0x0000000085b00000| Untracked 
|  92|0x0000000085c00000, 0x0000000085c00000, 0x0000000085d00000|  0%| F|  |TAMS 0x0000000085c00000, 0x0000000085c00000| Untracked 
|  93|0x0000000085d00000, 0x0000000085d00000, 0x0000000085e00000|  0%| F|  |TAMS 0x0000000085d00000, 0x0000000085d00000| Untracked 
|  94|0x0000000085e00000, 0x0000000085e00000, 0x0000000085f00000|  0%| F|  |TAMS 0x0000000085e00000, 0x0000000085e00000| Untracked 
|  95|0x0000000085f00000, 0x0000000085f00000, 0x0000000086000000|  0%| F|  |TAMS 0x0000000085f00000, 0x0000000085f00000| Untracked 
|  96|0x0000000086000000, 0x0000000086000000, 0x0000000086100000|  0%| F|  |TAMS 0x0000000086000000, 0x0000000086000000| Untracked 
|  97|0x0000000086100000, 0x0000000086100000, 0x0000000086200000|  0%| F|  |TAMS 0x0000000086100000, 0x0000000086100000| Untracked 
|  98|0x0000000086200000, 0x0000000086200000, 0x0000000086300000|  0%| F|  |TAMS 0x0000000086200000, 0x0000000086200000| Untracked 
|  99|0x0000000086300000, 0x0000000086300000, 0x0000000086400000|  0%| F|  |TAMS 0x0000000086300000, 0x0000000086300000| Untracked 
| 100|0x0000000086400000, 0x0000000086400000, 0x0000000086500000|  0%| F|  |TAMS 0x0000000086400000, 0x0000000086400000| Untracked 
| 101|0x0000000086500000, 0x0000000086500000, 0x0000000086600000|  0%| F|  |TAMS 0x0000000086500000, 0x0000000086500000| Untracked 
| 102|0x0000000086600000, 0x0000000086600000, 0x0000000086700000|  0%| F|  |TAMS 0x0000000086600000, 0x0000000086600000| Untracked 
| 103|0x0000000086700000, 0x0000000086700000, 0x0000000086800000|  0%| F|  |TAMS 0x0000000086700000, 0x0000000086700000| Untracked 
| 104|0x0000000086800000, 0x0000000086800000, 0x0000000086900000|  0%| F|  |TAMS 0x0000000086800000, 0x0000000086800000| Untracked 
| 105|0x0000000086900000, 0x0000000086900000, 0x0000000086a00000|  0%| F|  |TAMS 0x0000000086900000, 0x0000000086900000| Untracked 
| 106|0x0000000086a00000, 0x0000000086a00000, 0x0000000086b00000|  0%| F|  |TAMS 0x0000000086a00000, 0x0000000086a00000| Untracked 
| 107|0x0000000086b00000, 0x0000000086b00000, 0x0000000086c00000|  0%| F|  |TAMS 0x0000000086b00000, 0x0000000086b00000| Untracked 

Card table byte_map: [0x0000023e4d480000,0x0000023e4d880000] _byte_map_base: 0x0000023e4d080000

Marking Bits (Prev, Next): (CMBitMap*) 0x0000023e3877bc28, (CMBitMap*) 0x0000023e3877bc60
 Prev Bits: [0x0000023e4dc80000, 0x0000023e4fc80000)
 Next Bits: [0x0000023e4fc80000, 0x0000023e51c80000)

Polling page: 0x0000023e385a0000

Metaspace:

Usage:
  Non-class:     45.72 MB capacity,    44.73 MB ( 98%) used,   889.22 KB (  2%) free+waste,   130.38 KB ( <1%) overhead. 
      Class:      7.04 MB capacity,     6.58 MB ( 93%) used,   415.60 KB (  6%) free+waste,    62.44 KB ( <1%) overhead. 
       Both:     52.77 MB capacity,    51.31 MB ( 97%) used,     1.27 MB (  2%) free+waste,   192.81 KB ( <1%) overhead. 

Virtual space:
  Non-class space:       46.00 MB reserved,      45.75 MB (>99%) committed 
      Class space:        1.00 GB reserved,       7.13 MB ( <1%) committed 
             Both:        1.04 GB reserved,      52.88 MB (  5%) committed 

Chunk freelists:
   Non-Class:  26.00 KB
       Class:  20.00 KB
        Both:  46.00 KB

MaxMetaspaceSize: 17179869184.00 GB
CompressedClassSpaceSize: 1.00 GB

CodeHeap 'non-profiled nmethods': size=120064Kb used=2084Kb max_used=2084Kb free=117979Kb
 bounds [0x0000023e45510000, 0x0000023e45780000, 0x0000023e4ca50000]
CodeHeap 'profiled nmethods': size=120000Kb used=9890Kb max_used=9890Kb free=110109Kb
 bounds [0x0000023e3dfe0000, 0x0000023e3e990000, 0x0000023e45510000]
CodeHeap 'non-nmethods': size=5696Kb used=2230Kb max_used=2262Kb free=3465Kb
 bounds [0x0000023e3da50000, 0x0000023e3dcc0000, 0x0000023e3dfe0000]
 total_blobs=5629 nmethods=4821 adapters=719
 compilation: enabled
              stopped_count=0, restarted_count=0
 full_count=0

Compilation events (20 events):
Event: 6.289 Thread 0x0000023e542a4800 4874       2       java.lang.Enum::getDeclaringClass (22 bytes)
Event: 6.290 Thread 0x0000023e542a4800 nmethod 4874 0x0000023e3e985190 code [0x0000023e3e985340, 0x0000023e3e985488]
Event: 6.290 Thread 0x0000023e542a4800 4873       2       java.util.EnumSet::of (16 bytes)
Event: 6.290 Thread 0x0000023e542a4800 nmethod 4873 0x0000023e3e985590 code [0x0000023e3e985760, 0x0000023e3e9858e8]
Event: 6.298 Thread 0x0000023e542a4800 4875       2       java.util.BitSet::checkInvariants (111 bytes)
Event: 6.298 Thread 0x0000023e542a4800 nmethod 4875 0x0000023e3e985a10 code [0x0000023e3e985bc0, 0x0000023e3e985cb8]
Event: 6.298 Thread 0x0000023e542a4800 4877       2       java.util.BitSet::get (69 bytes)
Event: 6.299 Thread 0x0000023e542a4800 nmethod 4877 0x0000023e3e985d90 code [0x0000023e3e985fa0, 0x0000023e3e986468]
Event: 6.299 Thread 0x0000023e542a4800 4876       2       org.apache.http.message.ParserCursor::atEnd (17 bytes)
Event: 6.299 Thread 0x0000023e542a4800 nmethod 4876 0x0000023e3e986710 code [0x0000023e3e9868c0, 0x0000023e3e9869d8]
Event: 6.299 Thread 0x0000023e542a4800 4878       2       org.apache.http.message.ParserCursor::updatePos (100 bytes)
Event: 6.300 Thread 0x0000023e542a4800 nmethod 4878 0x0000023e3e986a90 code [0x0000023e3e986d40, 0x0000023e3e987518]
Event: 6.300 Thread 0x0000023e542a4800 4880       2       java.nio.HeapByteBuffer::put (16 bytes)
Event: 6.300 Thread 0x0000023e542a4800 nmethod 4880 0x0000023e3e987910 code [0x0000023e3e987ae0, 0x0000023e3e987c88]
Event: 6.300 Thread 0x0000023e542a4800 4881       2       java.nio.Buffer::nextPutIndex (30 bytes)
Event: 6.300 Thread 0x0000023e542a4800 nmethod 4881 0x0000023e3e987e10 code [0x0000023e3e987fc0, 0x0000023e3e988128]
Event: 6.300 Thread 0x0000023e542a4800 4882       2       java.nio.StringCharBuffer::get (19 bytes)
Event: 6.300 Thread 0x0000023e542a4800 nmethod 4882 0x0000023e3e988210 code [0x0000023e3e9883e0, 0x0000023e3e988598]
Event: 6.308 Thread 0x0000023e542a4800 4883       2       java.util.concurrent.atomic.AtomicBoolean::<init> (18 bytes)
Event: 6.308 Thread 0x0000023e542a4800 nmethod 4883 0x0000023e3e988690 code [0x0000023e3e988840, 0x0000023e3e988958]

GC Heap History (20 events):
Event: 3.925 GC heap after
{Heap after GC invocations=11 (full 0):
 garbage-first heap   total 76800K, used 34623K [0x0000000080000000, 0x0000000100000000)
  region size 1024K, 3 young (3072K), 3 survivors (3072K)
 Metaspace       used 33976K, capacity 34913K, committed 35072K, reserved 1079296K
  class space    used 4462K, capacity 4798K, committed 4864K, reserved 1048576K
}
Event: 3.954 GC heap before
{Heap before GC invocations=11 (full 0):
 garbage-first heap   total 76800K, used 34623K [0x0000000080000000, 0x0000000100000000)
  region size 1024K, 4 young (4096K), 3 survivors (3072K)
 Metaspace       used 34797K, capacity 35718K, committed 35840K, reserved 1081344K
  class space    used 4554K, capacity 4898K, committed 4992K, reserved 1048576K
}
Event: 3.959 GC heap after
{Heap after GC invocations=12 (full 0):
 garbage-first heap   total 76800K, used 34879K [0x0000000080000000, 0x0000000100000000)
  region size 1024K, 3 young (3072K), 3 survivors (3072K)
 Metaspace       used 34797K, capacity 35718K, committed 35840K, reserved 1081344K
  class space    used 4554K, capacity 4898K, committed 4992K, reserved 1048576K
}
Event: 4.185 GC heap before
{Heap before GC invocations=13 (full 0):
 garbage-first heap   total 76800K, used 51263K [0x0000000080000000, 0x0000000100000000)
  region size 1024K, 20 young (20480K), 3 survivors (3072K)
 Metaspace       used 37551K, capacity 38561K, committed 38784K, reserved 1083392K
  class space    used 4863K, capacity 5206K, committed 5248K, reserved 1048576K
}
Event: 4.193 GC heap after
{Heap after GC invocations=14 (full 0):
 garbage-first heap   total 92160K, used 37003K [0x0000000080000000, 0x0000000100000000)
  region size 1024K, 3 young (3072K), 3 survivors (3072K)
 Metaspace       used 37551K, capacity 38561K, committed 38784K, reserved 1083392K
  class space    used 4863K, capacity 5206K, committed 5248K, reserved 1048576K
}
Event: 4.393 GC heap before
{Heap before GC invocations=15 (full 0):
 garbage-first heap   total 92160K, used 64651K [0x0000000080000000, 0x0000000100000000)
  region size 1024K, 28 young (28672K), 3 survivors (3072K)
 Metaspace       used 39270K, capacity 40267K, committed 40448K, reserved 1085440K
  class space    used 5005K, capacity 5366K, committed 5376K, reserved 1048576K
}
Event: 4.398 GC heap after
{Heap after GC invocations=16 (full 0):
 garbage-first heap   total 92160K, used 38047K [0x0000000080000000, 0x0000000100000000)
  region size 1024K, 2 young (2048K), 2 survivors (2048K)
 Metaspace       used 39270K, capacity 40267K, committed 40448K, reserved 1085440K
  class space    used 5005K, capacity 5366K, committed 5376K, reserved 1048576K
}
Event: 4.622 GC heap before
{Heap before GC invocations=16 (full 0):
 garbage-first heap   total 92160K, used 63647K [0x0000000080000000, 0x0000000100000000)
  region size 1024K, 28 young (28672K), 2 survivors (2048K)
 Metaspace       used 41452K, capacity 42532K, committed 42624K, reserved 1085440K
  class space    used 5333K, capacity 5699K, committed 5760K, reserved 1048576K
}
Event: 4.626 GC heap after
{Heap after GC invocations=17 (full 0):
 garbage-first heap   total 92160K, used 38657K [0x0000000080000000, 0x0000000100000000)
  region size 1024K, 3 young (3072K), 3 survivors (3072K)
 Metaspace       used 41452K, capacity 42532K, committed 42624K, reserved 1085440K
  class space    used 5333K, capacity 5699K, committed 5760K, reserved 1048576K
}
Event: 4.892 GC heap before
{Heap before GC invocations=17 (full 0):
 garbage-first heap   total 92160K, used 52993K [0x0000000080000000, 0x0000000100000000)
  region size 1024K, 14 young (14336K), 3 survivors (3072K)
 Metaspace       used 42053K, capacity 43144K, committed 43264K, reserved 1087488K
  class space    used 5404K, capacity 5790K, committed 5888K, reserved 1048576K
}
Event: 4.897 GC heap after
{Heap after GC invocations=18 (full 0):
 garbage-first heap   total 92160K, used 45282K [0x0000000080000000, 0x0000000100000000)
  region size 1024K, 3 young (3072K), 3 survivors (3072K)
 Metaspace       used 42053K, capacity 43144K, committed 43264K, reserved 1087488K
  class space    used 5404K, capacity 5790K, committed 5888K, reserved 1048576K
}
Event: 5.044 GC heap before
{Heap before GC invocations=19 (full 0):
 garbage-first heap   total 92160K, used 60642K [0x0000000080000000, 0x0000000100000000)
  region size 1024K, 16 young (16384K), 3 survivors (3072K)
 Metaspace       used 42723K, capacity 43960K, committed 44160K, reserved 1087488K
  class space    used 5477K, capacity 5910K, committed 6016K, reserved 1048576K
}
Event: 5.050 GC heap after
{Heap after GC invocations=20 (full 0):
 garbage-first heap   total 110592K, used 51075K [0x0000000080000000, 0x0000000100000000)
  region size 1024K, 4 young (4096K), 4 survivors (4096K)
 Metaspace       used 42723K, capacity 43960K, committed 44160K, reserved 1087488K
  class space    used 5477K, capacity 5910K, committed 6016K, reserved 1048576K
}
Event: 5.301 GC heap before
{Heap before GC invocations=21 (full 0):
 garbage-first heap   total 110592K, used 81795K [0x0000000080000000, 0x0000000100000000)
  region size 1024K, 33 young (33792K), 4 survivors (4096K)
 Metaspace       used 44631K, capacity 45830K, committed 46080K, reserved 1089536K
  class space    used 5632K, capacity 6084K, committed 6144K, reserved 1048576K
}
Event: 5.306 GC heap after
{Heap after GC invocations=22 (full 0):
 garbage-first heap   total 110592K, used 52577K [0x0000000080000000, 0x0000000100000000)
  region size 1024K, 4 young (4096K), 4 survivors (4096K)
 Metaspace       used 44631K, capacity 45830K, committed 46080K, reserved 1089536K
  class space    used 5632K, capacity 6084K, committed 6144K, reserved 1048576K
}
Event: 5.572 GC heap before
{Heap before GC invocations=22 (full 0):
 garbage-first heap   total 110592K, used 82273K [0x0000000080000000, 0x0000000100000000)
  region size 1024K, 33 young (33792K), 4 survivors (4096K)
 Metaspace       used 46598K, capacity 47933K, committed 48256K, reserved 1091584K
  class space    used 5948K, capacity 6403K, committed 6528K, reserved 1048576K
}
Event: 5.578 GC heap after
{Heap after GC invocations=23 (full 0):
 garbage-first heap   total 110592K, used 54678K [0x0000000080000000, 0x0000000100000000)
  region size 1024K, 5 young (5120K), 5 survivors (5120K)
 Metaspace       used 46598K, capacity 47933K, committed 48256K, reserved 1091584K
  class space    used 5948K, capacity 6403K, committed 6528K, reserved 1048576K
}
Event: 5.863 GC heap before
{Heap before GC invocations=23 (full 0):
 garbage-first heap   total 110592K, used 83350K [0x0000000080000000, 0x0000000100000000)
  region size 1024K, 33 young (33792K), 5 survivors (5120K)
 Metaspace       used 48594K, capacity 50006K, committed 50304K, reserved 1093632K
  class space    used 6254K, capacity 6708K, committed 6784K, reserved 1048576K
}
Event: 5.871 GC heap after
{Heap after GC invocations=24 (full 0):
 garbage-first heap   total 110592K, used 55832K [0x0000000080000000, 0x0000000100000000)
  region size 1024K, 3 young (3072K), 3 survivors (3072K)
 Metaspace       used 48594K, capacity 50006K, committed 50304K, reserved 1093632K
  class space    used 6254K, capacity 6708K, committed 6784K, reserved 1048576K
}
Event: 6.311 GC heap before
{Heap before GC invocations=25 (full 0):
 garbage-first heap   total 110592K, used 86552K [0x0000000080000000, 0x0000000100000000)
  region size 1024K, 33 young (33792K), 3 survivors (3072K)
 Metaspace       used 52536K, capacity 54034K, committed 54144K, reserved 1095680K
  class space    used 6733K, capacity 7212K, committed 7296K, reserved 1048576K
}

Deoptimization events (20 events):
Event: 6.224 Thread 0x0000023e561aa800 DEOPT PACKING pc=0x0000023e3e97269b sp=0x0000004ee47f5fd0
Event: 6.224 Thread 0x0000023e561aa800 DEOPT UNPACKING pc=0x0000023e3da776ce sp=0x0000004ee47f5440 mode 0
Event: 6.224 Thread 0x0000023e561aa800 DEOPT PACKING pc=0x0000023e3e97269b sp=0x0000004ee47f5fd0
Event: 6.224 Thread 0x0000023e561aa800 DEOPT UNPACKING pc=0x0000023e3da776ce sp=0x0000004ee47f5440 mode 0
Event: 6.224 Thread 0x0000023e561aa800 DEOPT PACKING pc=0x0000023e3e97269b sp=0x0000004ee47f5fd0
Event: 6.224 Thread 0x0000023e561aa800 DEOPT UNPACKING pc=0x0000023e3da776ce sp=0x0000004ee47f5440 mode 0
Event: 6.224 Thread 0x0000023e561aa800 DEOPT PACKING pc=0x0000023e3e97269b sp=0x0000004ee47f5fd0
Event: 6.224 Thread 0x0000023e561aa800 DEOPT UNPACKING pc=0x0000023e3da776ce sp=0x0000004ee47f5440 mode 0
Event: 6.225 Thread 0x0000023e561aa800 DEOPT PACKING pc=0x0000023e3e97269b sp=0x0000004ee47f5fd0
Event: 6.225 Thread 0x0000023e561aa800 DEOPT UNPACKING pc=0x0000023e3da776ce sp=0x0000004ee47f5440 mode 0
Event: 6.225 Thread 0x0000023e561aa800 DEOPT PACKING pc=0x0000023e3e97269b sp=0x0000004ee47f5fd0
Event: 6.225 Thread 0x0000023e561aa800 DEOPT UNPACKING pc=0x0000023e3da776ce sp=0x0000004ee47f5440 mode 0
Event: 6.226 Thread 0x0000023e561aa800 Uncommon trap: trap_request=0xffffff4d fr.pc=0x0000023e45516010 relative=0x00000000000001f0
Event: 6.226 Thread 0x0000023e561aa800 Uncommon trap: reason=unstable_if action=reinterpret pc=0x0000023e45516010 method=java.lang.String.isLatin1()Z @ 10 c2
Event: 6.226 Thread 0x0000023e561aa800 DEOPT PACKING pc=0x0000023e45516010 sp=0x0000004ee47f6060
Event: 6.226 Thread 0x0000023e561aa800 DEOPT UNPACKING pc=0x0000023e3da778af sp=0x0000004ee47f5f88 mode 2
Event: 6.228 Thread 0x0000023e561aa800 Uncommon trap: trap_request=0xffffff4d fr.pc=0x0000023e455e6c30 relative=0x0000000000001230
Event: 6.229 Thread 0x0000023e561aa800 Uncommon trap: reason=unstable_if action=reinterpret pc=0x0000023e455e6c30 method=java.util.concurrent.ConcurrentHashMap.transfer([Ljava/util/concurrent/ConcurrentHashMap$Node;[Ljava/util/concurrent/ConcurrentHashMap$Node;)V @ 352 c2
Event: 6.229 Thread 0x0000023e561aa800 DEOPT PACKING pc=0x0000023e455e6c30 sp=0x0000004ee47f5ed0
Event: 6.229 Thread 0x0000023e561aa800 DEOPT UNPACKING pc=0x0000023e3da778af sp=0x0000004ee47f5e68 mode 2

Classes redefined (0 events):
No events

Internal exceptions (20 events):
Event: 5.565 Thread 0x0000023e561aa800 Exception <a 'java/lang/ClassNotFoundException'{0x0000000085019288}: org/gradle/tooling/provider/model/internal/DefaultToolingModelBuilderRegistryCustomizer> (0x0000000085019288) thrown at [./src/hotspot/share/classfile/systemDictionary.cpp, line 231]
Event: 5.570 Thread 0x0000023e561aa800 Exception <a 'java/lang/ClassNotFoundException'{0x0000000084fb9278}: org/codehaus/groovy/reflection/CachedFieldBeanInfo> (0x0000000084fb9278) thrown at [./src/hotspot/share/classfile/systemDictionary.cpp, line 231]
Event: 5.571 Thread 0x0000023e561aa800 Exception <a 'java/lang/ClassNotFoundException'{0x0000000084fda668}: groovy/lang/MetaPropertyBeanInfo> (0x0000000084fda668) thrown at [./src/hotspot/share/classfile/systemDictionary.cpp, line 231]
Event: 5.572 Thread 0x0000023e561aa800 Exception <a 'java/lang/ClassNotFoundException'{0x0000000084ffc2a8}: groovy/lang/MetaPropertyCustomizer> (0x0000000084ffc2a8) thrown at [./src/hotspot/share/classfile/systemDictionary.cpp, line 231]
Event: 5.581 Thread 0x0000023e561aa800 Exception <a 'java/lang/ClassNotFoundException'{0x0000000086a86830}: org/codehaus/groovy/reflection/CachedFieldCustomizer> (0x0000000086a86830) thrown at [./src/hotspot/share/classfile/systemDictionary.cpp, line 231]
Event: 5.585 Thread 0x0000023e561aa800 Exception <a 'java/lang/ClassNotFoundException'{0x00000000869ac760}: java/util/ArrayListBeanInfo> (0x00000000869ac760) thrown at [./src/hotspot/share/classfile/systemDictionary.cpp, line 231]
Event: 5.585 Thread 0x0000023e561aa800 Exception <a 'java/lang/ClassNotFoundException'{0x00000000869b7558}: java/util/AbstractListBeanInfo> (0x00000000869b7558) thrown at [./src/hotspot/share/classfile/systemDictionary.cpp, line 231]
Event: 5.585 Thread 0x0000023e561aa800 Exception <a 'java/lang/ClassNotFoundException'{0x00000000869c2608}: java/util/AbstractListCustomizer> (0x00000000869c2608) thrown at [./src/hotspot/share/classfile/systemDictionary.cpp, line 231]
Event: 5.586 Thread 0x0000023e561aa800 Exception <a 'java/lang/ClassNotFoundException'{0x00000000869d80d0}: java/util/ArrayListCustomizer> (0x00000000869d80d0) thrown at [./src/hotspot/share/classfile/systemDictionary.cpp, line 231]
Event: 5.588 Thread 0x0000023e561aa800 Exception <a 'java/lang/ClassNotFoundException'{0x000000008685cab8}: java/util/CollectionBeanInfo> (0x000000008685cab8) thrown at [./src/hotspot/share/classfile/systemDictionary.cpp, line 231]
Event: 5.589 Thread 0x0000023e561aa800 Exception <a 'java/lang/ClassNotFoundException'{0x0000000086867b28}: java/util/CollectionCustomizer> (0x0000000086867b28) thrown at [./src/hotspot/share/classfile/systemDictionary.cpp, line 231]
Event: 5.665 Thread 0x0000023e561aa800 Exception <a 'java/lang/ClassNotFoundException'{0x0000000086185830}: build_bn2t4do31ea59b0fvioy9wfkrBeanInfo> (0x0000000086185830) thrown at [./src/hotspot/share/classfile/systemDictionary.cpp, line 231]
Event: 5.665 Thread 0x0000023e561aa800 Exception <a 'java/lang/ClassNotFoundException'{0x000000008619b678}: org/gradle/api/internal/project/ProjectScriptBeanInfo> (0x000000008619b678) thrown at [./src/hotspot/share/classfile/systemDictionary.cpp, line 231]
Event: 5.666 Thread 0x0000023e561aa800 Exception <a 'java/lang/ClassNotFoundException'{0x00000000861b1920}: org/gradle/api/internal/project/ProjectScriptCustomizer> (0x00000000861b1920) thrown at [./src/hotspot/share/classfile/systemDictionary.cpp, line 231]
Event: 5.666 Thread 0x0000023e561aa800 Exception <a 'java/lang/ClassNotFoundException'{0x00000000861ccb10}: build_bn2t4do31ea59b0fvioy9wfkrCustomizer> (0x00000000861ccb10) thrown at [./src/hotspot/share/classfile/systemDictionary.cpp, line 231]
Event: 6.019 Thread 0x0000023e58ce8000 Implicit null exception at 0x0000023e45540674 to 0x0000023e45540bac
Event: 6.019 Thread 0x0000023e58ce8800 Implicit null exception at 0x0000023e45540674 to 0x0000023e45540bac
Event: 6.019 Thread 0x0000023e561aa800 Implicit null exception at 0x0000023e45540674 to 0x0000023e45540bac
Event: 6.090 Thread 0x0000023e561aa800 Exception <a 'sun/nio/fs/WindowsException'{0x00000000863193c0}> (0x00000000863193c0) thrown at [./src/hotspot/share/prims/jni.cpp, line 615]
Event: 6.095 Thread 0x0000023e561aa800 Implicit null exception at 0x0000023e45657768 to 0x0000023e4565a328

Events (20 events):
Event: 6.308 loading class org/apache/http/impl/conn/PoolingHttpClientConnectionManager$1 done
Event: 6.309 loading class org/apache/http/util/LangUtils
Event: 6.309 loading class org/apache/http/util/LangUtils done
Event: 6.309 loading class org/apache/http/config/ConnectionConfig
Event: 6.309 loading class org/apache/http/config/ConnectionConfig done
Event: 6.309 loading class org/apache/http/config/ConnectionConfig$Builder
Event: 6.309 loading class org/apache/http/config/ConnectionConfig$Builder done
Event: 6.310 loading class org/apache/http/impl/conn/LoggingManagedHttpClientConnection
Event: 6.310 loading class org/apache/http/impl/conn/LoggingManagedHttpClientConnection done
Event: 6.310 loading class org/apache/http/io/HttpTransportMetrics
Event: 6.310 loading class org/apache/http/io/HttpTransportMetrics done
Event: 6.310 loading class org/apache/http/ConnectionClosedException
Event: 6.310 loading class org/apache/http/ConnectionClosedException done
Event: 6.311 loading class org/apache/http/HttpConnectionMetrics
Event: 6.311 loading class org/apache/http/HttpConnectionMetrics done
Event: 6.311 loading class org/apache/http/io/SessionOutputBuffer
Event: 6.311 loading class org/apache/http/io/SessionOutputBuffer done
Event: 6.311 loading class org/apache/http/io/SessionInputBuffer
Event: 6.311 loading class org/apache/http/io/SessionInputBuffer done
Event: 6.311 Executing VM operation: G1CollectForAllocation


Dynamic libraries:
0x00007ff7ab0a0000 - 0x00007ff7ab0aa000 	C:\Program Files\Android\Android Studio\jre\bin\java.exe
0x00007ffadb190000 - 0x00007ffadb385000 	C:\Windows\SYSTEM32\ntdll.dll
0x00007ffadaff0000 - 0x00007ffadb0ae000 	C:\Windows\System32\KERNEL32.DLL
0x00007ffad88b0000 - 0x00007ffad8b78000 	C:\Windows\System32\KERNELBASE.dll
0x00007ffad8b80000 - 0x00007ffad8c80000 	C:\Windows\System32\ucrtbase.dll
0x00007ffac6c40000 - 0x00007ffac6c57000 	C:\Program Files\Android\Android Studio\jre\bin\VCRUNTIME140.dll
0x00007ffac86d0000 - 0x00007ffac86e9000 	C:\Program Files\Android\Android Studio\jre\bin\jli.dll
0x00007ffada000000 - 0x00007ffada1a1000 	C:\Windows\System32\USER32.dll
0x00007ffac6180000 - 0x00007ffac641a000 	C:\Windows\WinSxS\amd64_microsoft.windows.common-controls_6595b64144ccf1df_6.0.19041.1110_none_60b5254171f9507e\COMCTL32.dll
0x00007ffad9120000 - 0x00007ffad9142000 	C:\Windows\System32\win32u.dll
0x00007ffad9540000 - 0x00007ffad95de000 	C:\Windows\System32\msvcrt.dll
0x00007ffadb0b0000 - 0x00007ffadb0db000 	C:\Windows\System32\GDI32.dll
0x00007ffad8db0000 - 0x00007ffad8ebb000 	C:\Windows\System32\gdi32full.dll
0x00007ffad8d10000 - 0x00007ffad8dad000 	C:\Windows\System32\msvcp_win.dll
0x00007ffad95e0000 - 0x00007ffad9610000 	C:\Windows\System32\IMM32.DLL
0x00007ffa8e750000 - 0x00007ffa8e7ed000 	C:\Program Files\Android\Android Studio\jre\bin\msvcp140.dll
0x00007ffa47350000 - 0x00007ffa47e1f000 	C:\Program Files\Android\Android Studio\jre\bin\server\jvm.dll
0x00007ffada460000 - 0x00007ffada50c000 	C:\Windows\System32\ADVAPI32.dll
0x00007ffad96d0000 - 0x00007ffad976b000 	C:\Windows\System32\sechost.dll
0x00007ffada510000 - 0x00007ffada63a000 	C:\Windows\System32\RPCRT4.dll
0x00007ffad9610000 - 0x00007ffad9618000 	C:\Windows\System32\PSAPI.DLL
0x00007ffacfd10000 - 0x00007ffacfd1a000 	C:\Windows\SYSTEM32\VERSION.dll
0x00007ffac3690000 - 0x00007ffac36b7000 	C:\Windows\SYSTEM32\WINMM.dll
0x00007ffabefd0000 - 0x00007ffabefd9000 	C:\Windows\SYSTEM32\WSOCK32.dll
0x00007ffadb0e0000 - 0x00007ffadb14b000 	C:\Windows\System32\WS2_32.dll
0x00007ffad67b0000 - 0x00007ffad67c2000 	C:\Windows\SYSTEM32\kernel.appcore.dll
0x00007ffad25e0000 - 0x00007ffad25f1000 	C:\Program Files\Android\Android Studio\jre\bin\verify.dll
0x00007ffac9870000 - 0x00007ffac9a54000 	C:\Windows\SYSTEM32\DBGHELP.DLL
0x00007ffac10a0000 - 0x00007ffac10cc000 	C:\Windows\SYSTEM32\dbgcore.DLL
0x00007ffad9150000 - 0x00007ffad91d3000 	C:\Windows\System32\bcryptPrimitives.dll
0x00007ffad25b0000 - 0x00007ffad25d9000 	C:\Program Files\Android\Android Studio\jre\bin\java.dll
0x00007ffad3290000 - 0x00007ffad329b000 	C:\Program Files\Android\Android Studio\jre\bin\jimage.dll
0x00007ffad2590000 - 0x00007ffad25a8000 	C:\Program Files\Android\Android Studio\jre\bin\zip.dll
0x00007ffada6e0000 - 0x00007ffadae1f000 	C:\Windows\System32\SHELL32.dll
0x00007ffad69b0000 - 0x00007ffad7140000 	C:\Windows\SYSTEM32\windows.storage.dll
0x00007ffad91e0000 - 0x00007ffad9535000 	C:\Windows\System32\combase.dll
0x00007ffad8290000 - 0x00007ffad82be000 	C:\Windows\SYSTEM32\Wldp.dll
0x00007ffad9620000 - 0x00007ffad96cd000 	C:\Windows\System32\SHCORE.dll
0x00007ffadaf90000 - 0x00007ffadafe5000 	C:\Windows\System32\shlwapi.dll
0x00007ffad87f0000 - 0x00007ffad880f000 	C:\Windows\SYSTEM32\profapi.dll
0x00007ffad2570000 - 0x00007ffad258a000 	C:\Program Files\Android\Android Studio\jre\bin\net.dll
0x00007ffaced50000 - 0x00007ffacee5c000 	C:\Windows\SYSTEM32\WINHTTP.dll
0x00007ffad7f90000 - 0x00007ffad7ffa000 	C:\Windows\system32\mswsock.dll
0x00007ffad2550000 - 0x00007ffad2564000 	C:\Program Files\Android\Android Studio\jre\bin\nio.dll
0x00007ffac87d0000 - 0x00007ffac87f7000 	C:\Users\Lenovo\.gradle\native\8bec1ad78214c89d9ad589b4d07fe93259594b29d510b10fafb7a158f7737e5d\windows-amd64\native-platform.dll
0x00007ffaa1ce0000 - 0x00007ffaa1e1d000 	C:\Users\Lenovo\.gradle\native\53dbd7edfb1c66fb8903c78663c9afc45aea4f116125fa6feffd364cf09443e8\windows-amd64\native-platform-file-events.dll
0x00007ffad2540000 - 0x00007ffad254a000 	C:\Program Files\Android\Android Studio\jre\bin\management.dll
0x00007ffad2530000 - 0x00007ffad253c000 	C:\Program Files\Android\Android Studio\jre\bin\management_ext.dll
0x00007ffad81e0000 - 0x00007ffad81f8000 	C:\Windows\SYSTEM32\CRYPTSP.dll
0x00007ffad7910000 - 0x00007ffad7944000 	C:\Windows\system32\rsaenh.dll
0x00007ffad8ce0000 - 0x00007ffad8d07000 	C:\Windows\System32\bcrypt.dll
0x00007ffad8770000 - 0x00007ffad879e000 	C:\Windows\SYSTEM32\USERENV.dll
0x00007ffad8200000 - 0x00007ffad820c000 	C:\Windows\SYSTEM32\CRYPTBASE.dll
0x00007ffad7c80000 - 0x00007ffad7cbb000 	C:\Windows\SYSTEM32\IPHLPAPI.DLL
0x00007ffada6d0000 - 0x00007ffada6d8000 	C:\Windows\System32\NSI.dll
0x00007ffacfcf0000 - 0x00007ffacfd07000 	C:\Windows\SYSTEM32\dhcpcsvc6.DLL
0x00007fface900000 - 0x00007fface91d000 	C:\Windows\SYSTEM32\dhcpcsvc.DLL
0x00007ffad7cc0000 - 0x00007ffad7d8b000 	C:\Windows\SYSTEM32\DNSAPI.dll
0x00007ffac7600000 - 0x00007ffac7627000 	C:\Program Files\Android\Android Studio\jre\bin\sunec.dll

dbghelp: loaded successfully - version: 4.0.5 - missing functions: none
symbol engine: initialized successfully - sym options: 0x614 - pdb path: .;C:\Program Files\Android\Android Studio\jre\bin;C:\Windows\SYSTEM32;C:\Windows\WinSxS\amd64_microsoft.windows.common-controls_6595b64144ccf1df_6.0.19041.1110_none_60b5254171f9507e;C:\Program Files\Android\Android Studio\jre\bin\server;C:\Users\Lenovo\.gradle\native\8bec1ad78214c89d9ad589b4d07fe93259594b29d510b10fafb7a158f7737e5d\windows-amd64;C:\Users\Lenovo\.gradle\native\53dbd7edfb1c66fb8903c78663c9afc45aea4f116125fa6feffd364cf09443e8\windows-amd64

VM Arguments:
jvm_args: --add-opens=java.base/java.util=ALL-UNNAMED --add-opens=java.base/java.lang=ALL-UNNAMED --add-opens=java.base/java.lang.invoke=ALL-UNNAMED --add-opens=java.base/java.util=ALL-UNNAMED --add-opens=java.prefs/java.util.prefs=ALL-UNNAMED --add-opens=java.prefs/java.util.prefs=ALL-UNNAMED --add-opens=java.base/java.nio.charset=ALL-UNNAMED --add-opens=java.base/java.net=ALL-UNNAMED --add-opens=java.base/java.util.concurrent.atomic=ALL-UNNAMED -Xmx2048m -Dfile.encoding=UTF-8 -Duser.country=ID -Duser.language=en -Duser.variant 
java_command: org.gradle.launcher.daemon.bootstrap.GradleDaemon 7.0.2
java_class_path (initial): C:\Users\Lenovo\.gradle\wrapper\dists\gradle-7.0.2-bin\857tjihv64xamwrf0h14cai3r\gradle-7.0.2\lib\gradle-launcher-7.0.2.jar
Launcher Type: SUN_STANDARD

[Global flags]
     intx CICompilerCount                          = 3                                         {product} {ergonomic}
     uint ConcGCThreads                            = 1                                         {product} {ergonomic}
     uint G1ConcRefinementThreads                  = 4                                         {product} {ergonomic}
   size_t G1HeapRegionSize                         = 1048576                                   {product} {ergonomic}
    uintx GCDrainStackTargetSize                   = 64                                        {product} {ergonomic}
   size_t InitialHeapSize                          = 65011712                                  {product} {ergonomic}
   size_t MarkStackSize                            = 4194304                                   {product} {ergonomic}
   size_t MaxHeapSize                              = 2147483648                                {product} {command line}
   size_t MaxNewSize                               = 1287651328                                {product} {ergonomic}
   size_t MinHeapDeltaBytes                        = 1048576                                   {product} {ergonomic}
    uintx NonNMethodCodeHeapSize                   = 5830732                                {pd product} {ergonomic}
    uintx NonProfiledCodeHeapSize                  = 122913754                              {pd product} {ergonomic}
    uintx ProfiledCodeHeapSize                     = 122913754                              {pd product} {ergonomic}
    uintx ReservedCodeCacheSize                    = 251658240                              {pd product} {ergonomic}
     bool SegmentedCodeCache                       = true                                      {product} {ergonomic}
     bool UseCompressedClassPointers               = true                                 {lp64_product} {ergonomic}
     bool UseCompressedOops                        = true                                 {lp64_product} {ergonomic}
     bool UseG1GC                                  = true                                      {product} {ergonomic}
     bool UseLargePagesIndividualAllocation        = false                                  {pd product} {ergonomic}

Logging:
Log output configuration:
 #0: stdout all=warning uptime,level,tags
 #1: stderr all=off uptime,level,tags

Environment Variables:
PATH=C:\Windows\system32;C:\Windows;C:\Windows\System32\Wbem;C:\Windows\System32\WindowsPowerShell\v1.0\;C:\Windows\System32\OpenSSH\;C:\Users\Lenovo\AppData\Local\Microsoft\WindowsApps;
USERNAME=Lenovo
OS=Windows_NT
PROCESSOR_IDENTIFIER=Intel64 Family 6 Model 142 Stepping 12, GenuineIntel



---------------  S Y S T E M  ---------------

OS: Windows 10 , 64 bit Build 19041 (10.0.19041.1348)
OS uptime: 4 days 1:38 hours

CPU:total 4 (initial active 4) (2 cores per cpu, 2 threads per core) family 6 model 142 stepping 12 microcode 0xde, cmov, cx8, fxsr, mmx, sse, sse2, sse3, ssse3, sse4.1, sse4.2, popcnt, avx, avx2, aes, clmul, erms, 3dnowpref, lzcnt, ht, tsc, tscinvbit, bmi1, bmi2, adx, fma

Memory: 4k page, system-wide physical 3930M (288M free)
TotalPageFile size 16218M (AvailPageFile size 21M)
current process WorkingSet (physical memory assigned to process): 266M, peak: 266M
current process commit charge ("private bytes"): 294M, peak: 316M

vm_info: OpenJDK 64-Bit Server VM (11.0.10+0-b96-7249189) for windows-amd64 JRE (11.0.10+0-b96-7249189), built on Mar 31 2021 21:44:00 by "builder" with MS VC++ 14.0 (VS2015)

END.
