#
# There is insufficient memory for the Java Runtime Environment to continue.
# Native memory allocation (malloc) failed to allocate 719936 bytes for Chunk::new
# Possible reasons:
#   The system is out of physical RAM or swap space
#   The process is running with CompressedOops enabled, and the Java Heap may be blocking the growth of the native heap
# Possible solutions:
#   Reduce memory load on the system
#   Increase physical memory or swap space
#   Check if swap backing store is full
#   Decrease Java heap size (-Xmx/-Xms)
#   Decrease number of Java threads
#   Decrease Java thread stack sizes (-Xss)
#   Set larger code cache with -XX:ReservedCodeCacheSize=
#   JVM is running with Unscaled Compressed Oops mode in which the Java heap is
#     placed in the first 4GB address space. The Java Heap base address is the
#     maximum limit for the native heap growth. Please use -XX:HeapBaseMinAddress
#     to set the Java Heap base and to place the Java Heap above 4GB virtual address.
# This output file may be truncated or incomplete.
#
#  Out of Memory Error (./src/hotspot/share/memory/arena.cpp:197), pid=7436, tid=1932
#
# JRE version: OpenJDK Runtime Environment (11.0.10) (build 11.0.10+0-b96-7249189)
# Java VM: OpenJDK 64-Bit Server VM (11.0.10+0-b96-7249189, mixed mode, tiered, compressed oops, g1 gc, windows-amd64)
# No core dump will be written. Minidumps are not enabled by default on client versions of Windows
#

---------------  S U M M A R Y ------------

Command Line: --add-opens=java.base/java.util=ALL-UNNAMED --add-opens=java.base/java.lang=ALL-UNNAMED --add-opens=java.base/java.lang.invoke=ALL-UNNAMED --add-opens=java.base/java.util=ALL-UNNAMED --add-opens=java.prefs/java.util.prefs=ALL-UNNAMED --add-opens=java.prefs/java.util.prefs=ALL-UNNAMED --add-opens=java.base/java.nio.charset=ALL-UNNAMED --add-opens=java.base/java.net=ALL-UNNAMED --add-opens=java.base/java.util.concurrent.atomic=ALL-UNNAMED -Xmx2048m -Dfile.encoding=UTF-8 -Duser.country=ID -Duser.language=en -Duser.variant org.gradle.launcher.daemon.bootstrap.GradleDaemon 7.0.2

Host: Intel(R) Core(TM) i3-10110U CPU @ 2.10GHz, 4 cores, 3G,  Windows 10 , 64 bit Build 19041 (10.0.19041.1348)
Time: Sun Dec 19 23:06:10 2021 SE Asia Standard Time elapsed time: 43.075164 seconds (0d 0h 0m 43s)

---------------  T H R E A D  ---------------

Current thread (0x00000260ae757000):  JavaThread "C2 CompilerThread0" daemon [_thread_in_native, id=1932, stack(0x000000af0ab00000,0x000000af0ac00000)]


Current CompileTask:
C2:  43075 9790       4       org.apache.ivy.core.IvyPatternHelper::substituteVariables (20 bytes)

Stack: [0x000000af0ab00000,0x000000af0ac00000]
Native frames: (J=compiled Java code, j=interpreted, Vv=VM code, C=native code)
V  [jvm.dll+0x5ecfaa]
V  [jvm.dll+0x722bd5]
V  [jvm.dll+0x72412d]
V  [jvm.dll+0x7247e3]
V  [jvm.dll+0x242928]
V  [jvm.dll+0xbc4fc]
V  [jvm.dll+0xbca0c]
V  [jvm.dll+0x2b4fd4]
V  [jvm.dll+0x506028]
V  [jvm.dll+0x1fc985]
V  [jvm.dll+0x1fa77f]
V  [jvm.dll+0x18354c]
V  [jvm.dll+0x208ee7]
V  [jvm.dll+0x207731]
V  [jvm.dll+0x6eb1cf]
V  [jvm.dll+0x6e3d45]
V  [jvm.dll+0x5ebe96]
C  [ucrtbase.dll+0x21bb2]
C  [KERNEL32.DLL+0x17034]
C  [ntdll.dll+0x52651]


---------------  P R O C E S S  ---------------

Threads class SMR info:
_java_thread_list=0x00000260b5707690, length=41, elements={
0x0000026092bcb000, 0x00000260ae6f5000, 0x00000260ae6ff000, 0x00000260ae74f800,
0x00000260ae752000, 0x00000260ae754000, 0x00000260ae757000, 0x00000260ae759000,
0x00000260ae75f800, 0x00000260af1c2800, 0x00000260b036c800, 0x00000260b03a8800,
0x00000260b03a9000, 0x00000260b0888800, 0x00000260b0889000, 0x00000260b0a1e800,
0x00000260b0a18800, 0x00000260afbce800, 0x00000260afedc000, 0x00000260b1272000,
0x00000260b1271800, 0x00000260b1273000, 0x00000260b1275800, 0x00000260b1277000,
0x00000260b1274800, 0x00000260b1276000, 0x00000260b1273800, 0x00000260b1278000,
0x00000260b15ce000, 0x00000260b15cd800, 0x00000260b15ca000, 0x00000260b15c9000,
0x00000260b15d0000, 0x00000260b15cb800, 0x00000260b15cc800, 0x00000260b3375800,
0x00000260b3378000, 0x00000260b3377000, 0x00000260b3378800, 0x00000260b3373000,
0x00000260b3373800
}

Java Threads: ( => current thread )
  0x0000026092bcb000 JavaThread "main" [_thread_blocked, id=10152, stack(0x000000af09f00000,0x000000af0a000000)]
  0x00000260ae6f5000 JavaThread "Reference Handler" daemon [_thread_blocked, id=9656, stack(0x000000af0a600000,0x000000af0a700000)]
  0x00000260ae6ff000 JavaThread "Finalizer" daemon [_thread_blocked, id=7100, stack(0x000000af0a700000,0x000000af0a800000)]
  0x00000260ae74f800 JavaThread "Signal Dispatcher" daemon [_thread_blocked, id=1512, stack(0x000000af0a800000,0x000000af0a900000)]
  0x00000260ae752000 JavaThread "Attach Listener" daemon [_thread_blocked, id=14292, stack(0x000000af0a900000,0x000000af0aa00000)]
  0x00000260ae754000 JavaThread "Service Thread" daemon [_thread_blocked, id=17352, stack(0x000000af0aa00000,0x000000af0ab00000)]
=>0x00000260ae757000 JavaThread "C2 CompilerThread0" daemon [_thread_in_native, id=1932, stack(0x000000af0ab00000,0x000000af0ac00000)]
  0x00000260ae759000 JavaThread "C1 CompilerThread0" daemon [_thread_blocked, id=13732, stack(0x000000af0ac00000,0x000000af0ad00000)]
  0x00000260ae75f800 JavaThread "Sweeper thread" daemon [_thread_blocked, id=976, stack(0x000000af0ad00000,0x000000af0ae00000)]
  0x00000260af1c2800 JavaThread "Common-Cleaner" daemon [_thread_blocked, id=12364, stack(0x000000af0ae00000,0x000000af0af00000)]
  0x00000260b036c800 JavaThread "Daemon health stats" [_thread_blocked, id=11180, stack(0x000000af0b100000,0x000000af0b200000)]
  0x00000260b03a8800 JavaThread "Incoming local TCP Connector on port 56522" [_thread_in_native, id=11376, stack(0x000000af0b200000,0x000000af0b300000)]
  0x00000260b03a9000 JavaThread "Daemon periodic checks" [_thread_blocked, id=6760, stack(0x000000af0b300000,0x000000af0b400000)]
  0x00000260b0888800 JavaThread "Daemon" [_thread_blocked, id=13924, stack(0x000000af0b400000,0x000000af0b500000)]
  0x00000260b0889000 JavaThread "Handler for socket connection from /127.0.0.1:56522 to /127.0.0.1:56523" [_thread_in_native, id=5752, stack(0x000000af0b500000,0x000000af0b600000)]
  0x00000260b0a1e800 JavaThread "Cancel handler" [_thread_blocked, id=16112, stack(0x000000af0b600000,0x000000af0b700000)]
  0x00000260b0a18800 JavaThread "Daemon worker" [_thread_in_native, id=15064, stack(0x000000af0b700000,0x000000af0b800000)]
  0x00000260afbce800 JavaThread "Asynchronous log dispatcher for DefaultDaemonConnection: socket connection from /127.0.0.1:56522 to /127.0.0.1:56523" [_thread_blocked, id=8160, stack(0x000000af0b800000,0x000000af0b900000)]
  0x00000260afedc000 JavaThread "Stdin handler" [_thread_blocked, id=3964, stack(0x000000af0b900000,0x000000af0ba00000)]
  0x00000260b1272000 JavaThread "Daemon client event forwarder" [_thread_blocked, id=4900, stack(0x000000af0ba00000,0x000000af0bb00000)]
  0x00000260b1271800 JavaThread "Cache worker for file hash cache (C:\Users\Lenovo\.gradle\caches\7.0.2\fileHashes)" [_thread_blocked, id=6220, stack(0x000000af0bd00000,0x000000af0be00000)]
  0x00000260b1273000 JavaThread "File lock request listener" [_thread_in_native, id=1228, stack(0x000000af0be00000,0x000000af0bf00000)]
  0x00000260b1275800 JavaThread "Cache worker for journal cache (C:\Users\Lenovo\.gradle\caches\journal-1)" [_thread_blocked, id=13904, stack(0x000000af0bf00000,0x000000af0c000000)]
  0x00000260b1277000 JavaThread "Cache worker for file hash cache (C:\Users\Lenovo\AndroidStudioProjects\SAMPRI\.gradle\7.0.2\fileHashes)" [_thread_blocked, id=14796, stack(0x000000af0c000000,0x000000af0c100000)]
  0x00000260b1274800 JavaThread "File watcher server" daemon [_thread_in_native, id=3620, stack(0x000000af0c100000,0x000000af0c200000)]
  0x00000260b1276000 JavaThread "File watcher consumer" daemon [_thread_blocked, id=5348, stack(0x000000af0c200000,0x000000af0c300000)]
  0x00000260b1273800 JavaThread "jar transforms" [_thread_blocked, id=9864, stack(0x000000af0c300000,0x000000af0c400000)]
  0x00000260b1278000 JavaThread "jar transforms Thread 2" [_thread_blocked, id=5720, stack(0x000000af0c400000,0x000000af0c500000)]
  0x00000260b15ce000 JavaThread "jar transforms Thread 3" [_thread_blocked, id=12836, stack(0x000000af0c500000,0x000000af0c600000)]
  0x00000260b15cd800 JavaThread "jar transforms Thread 4" [_thread_blocked, id=10852, stack(0x000000af0c600000,0x000000af0c700000)]
  0x00000260b15ca000 JavaThread "Cache worker for checksums cache (C:\Users\Lenovo\AndroidStudioProjects\SAMPRI\.gradle\checksums)" [_thread_blocked, id=1652, stack(0x000000af0c700000,0x000000af0c800000)]
  0x00000260b15c9000 JavaThread "Cache worker for cache directory md-supplier (C:\Users\Lenovo\.gradle\caches\7.0.2\md-supplier)" [_thread_blocked, id=14424, stack(0x000000af0c800000,0x000000af0c900000)]
  0x00000260b15d0000 JavaThread "Cache worker for cache directory md-rule (C:\Users\Lenovo\.gradle\caches\7.0.2\md-rule)" [_thread_blocked, id=11208, stack(0x000000af0c900000,0x000000af0ca00000)]
  0x00000260b15cb800 JavaThread "Cache worker for execution history cache (C:\Users\Lenovo\.gradle\caches\7.0.2\executionHistory)" [_thread_blocked, id=16416, stack(0x000000af0ca00000,0x000000af0cb00000)]
  0x00000260b15cc800 JavaThread "Cache worker for file content cache (C:\Users\Lenovo\.gradle\caches\7.0.2\fileContent)" [_thread_blocked, id=10672, stack(0x000000af0cb00000,0x000000af0cc00000)]
  0x00000260b3375800 JavaThread "Cache worker for dependencies-accessors (C:\Users\Lenovo\AndroidStudioProjects\SAMPRI\.gradle\7.0.2\dependencies-accessors)" [_thread_blocked, id=4668, stack(0x000000af0cc00000,0x000000af0cd00000)]
  0x00000260b3378000 JavaThread "Cache worker for Build Output Cleanup Cache (C:\Users\Lenovo\AndroidStudioProjects\SAMPRI\.gradle\buildOutputCleanup)" [_thread_blocked, id=11384, stack(0x000000af0cd00000,0x000000af0ce00000)]
  0x00000260b3377000 JavaThread "Build operations" [_thread_in_native, id=13100, stack(0x000000af0cf00000,0x000000af0d000000)]
  0x00000260b3378800 JavaThread "Build operations Thread 2" [_thread_blocked, id=15524, stack(0x000000af0d000000,0x000000af0d100000)]
  0x00000260b3373000 JavaThread "Build operations Thread 3" [_thread_blocked, id=7644, stack(0x000000af0d100000,0x000000af0d200000)]
  0x00000260b3373800 JavaThread "Build operations Thread 4" [_thread_in_native, id=5800, stack(0x000000af0d200000,0x000000af0d300000)]

Other Threads:
  0x00000260ae6ef800 VMThread "VM Thread" [stack: 0x000000af0a500000,0x000000af0a600000] [id=11216]
  0x00000260af1d1800 WatcherThread [stack: 0x000000af0af00000,0x000000af0b000000] [id=7552]
  0x0000026092be4800 GCTaskThread "GC Thread#0" [stack: 0x000000af0a000000,0x000000af0a100000] [id=13192]
  0x00000260af3d8800 GCTaskThread "GC Thread#1" [stack: 0x000000af0b000000,0x000000af0b100000] [id=9496]
  0x00000260b0556000 GCTaskThread "GC Thread#2" [stack: 0x000000af0bb00000,0x000000af0bc00000] [id=10624]
  0x00000260b099c800 GCTaskThread "GC Thread#3" [stack: 0x000000af0bc00000,0x000000af0bd00000] [id=6372]
  0x0000026092c14800 ConcurrentGCThread "G1 Main Marker" [stack: 0x000000af0a100000,0x000000af0a200000] [id=4596]
  0x0000026092c16800 ConcurrentGCThread "G1 Conc#0" [stack: 0x000000af0a200000,0x000000af0a300000] [id=10492]
  0x0000026092c6e800 ConcurrentGCThread "G1 Refine#0" [stack: 0x000000af0a300000,0x000000af0a400000] [id=3716]
  0x0000026092c6f800 ConcurrentGCThread "G1 Young RemSet Sampling" [stack: 0x000000af0a400000,0x000000af0a500000] [id=16984]

Threads with active compile tasks:
C2 CompilerThread0  43109 9790       4       org.apache.ivy.core.IvyPatternHelper::substituteVariables (20 bytes)

VM state:not at safepoint (normal execution)

VM Mutex/Monitor currently owned by a thread: None

Heap address: 0x0000000080000000, size: 2048 MB, Compressed Oops mode: 32-bit
Narrow klass base: 0x0000000000000000, Narrow klass shift: 3
Compressed class space size: 1073741824 Address: 0x0000000100000000

Heap:
 garbage-first heap   total 307200K, used 212972K [0x0000000080000000, 0x0000000100000000)
  region size 1024K, 156 young (159744K), 12 survivors (12288K)
 Metaspace       used 65509K, capacity 67377K, committed 67712K, reserved 1107968K
  class space    used 8127K, capacity 8740K, committed 8832K, reserved 1048576K
Heap Regions: E=young(eden), S=young(survivor), O=old, HS=humongous(starts), HC=humongous(continues), CS=collection set, F=free, A=archive, TAMS=top-at-mark-start (previous, next)
|   0|0x0000000080000000, 0x0000000080100000, 0x0000000080100000|100%| O|  |TAMS 0x0000000080100000, 0x0000000080000000| Untracked 
|   1|0x0000000080100000, 0x0000000080200000, 0x0000000080200000|100%| O|  |TAMS 0x0000000080200000, 0x0000000080100000| Untracked 
|   2|0x0000000080200000, 0x0000000080300000, 0x0000000080300000|100%| O|  |TAMS 0x0000000080300000, 0x0000000080200000| Untracked 
|   3|0x0000000080300000, 0x0000000080400000, 0x0000000080400000|100%|HS|  |TAMS 0x0000000080400000, 0x0000000080300000| Complete 
|   4|0x0000000080400000, 0x0000000080500000, 0x0000000080500000|100%|HC|  |TAMS 0x0000000080500000, 0x0000000080400000| Complete 
|   5|0x0000000080500000, 0x0000000080600000, 0x0000000080600000|100%|HC|  |TAMS 0x0000000080600000, 0x0000000080500000| Complete 
|   6|0x0000000080600000, 0x0000000080700000, 0x0000000080700000|100%| O|  |TAMS 0x0000000080700000, 0x0000000080600000| Untracked 
|   7|0x0000000080700000, 0x00000000807ffff8, 0x0000000080800000| 99%| O|  |TAMS 0x00000000807ffff8, 0x0000000080700000| Untracked 
|   8|0x0000000080800000, 0x0000000080900000, 0x0000000080900000|100%| O|  |TAMS 0x0000000080900000, 0x0000000080800000| Untracked 
|   9|0x0000000080900000, 0x0000000080a00000, 0x0000000080a00000|100%| O|  |TAMS 0x0000000080a00000, 0x0000000080900000| Untracked 
|  10|0x0000000080a00000, 0x0000000080b00000, 0x0000000080b00000|100%| O|  |TAMS 0x0000000080b00000, 0x0000000080a00000| Untracked 
|  11|0x0000000080b00000, 0x0000000080c00000, 0x0000000080c00000|100%| O|  |TAMS 0x0000000080c00000, 0x0000000080b00000| Untracked 
|  12|0x0000000080c00000, 0x0000000080d00000, 0x0000000080d00000|100%| O|  |TAMS 0x0000000080d00000, 0x0000000080c00000| Untracked 
|  13|0x0000000080d00000, 0x0000000080e00000, 0x0000000080e00000|100%| O|  |TAMS 0x0000000080e00000, 0x0000000080d00000| Untracked 
|  14|0x0000000080e00000, 0x0000000080f00000, 0x0000000080f00000|100%| O|  |TAMS 0x0000000080f00000, 0x0000000080e00000| Untracked 
|  15|0x0000000080f00000, 0x0000000081000000, 0x0000000081000000|100%| O|  |TAMS 0x0000000081000000, 0x0000000080f00000| Untracked 
|  16|0x0000000081000000, 0x0000000081100000, 0x0000000081100000|100%| O|  |TAMS 0x0000000081100000, 0x0000000081000000| Untracked 
|  17|0x0000000081100000, 0x0000000081200000, 0x0000000081200000|100%|HS|  |TAMS 0x0000000081200000, 0x0000000081100000| Complete 
|  18|0x0000000081200000, 0x0000000081300000, 0x0000000081300000|100%|HC|  |TAMS 0x0000000081300000, 0x0000000081200000| Complete 
|  19|0x0000000081300000, 0x0000000081400000, 0x0000000081400000|100%|HS|  |TAMS 0x0000000081400000, 0x0000000081300000| Complete 
|  20|0x0000000081400000, 0x0000000081500000, 0x0000000081500000|100%|HC|  |TAMS 0x0000000081500000, 0x0000000081400000| Complete 
|  21|0x0000000081500000, 0x0000000081600000, 0x0000000081600000|100%|HC|  |TAMS 0x0000000081600000, 0x0000000081500000| Complete 
|  22|0x0000000081600000, 0x0000000081700000, 0x0000000081700000|100%|HS|  |TAMS 0x0000000081700000, 0x0000000081600000| Complete 
|  23|0x0000000081700000, 0x0000000081800000, 0x0000000081800000|100%|HC|  |TAMS 0x0000000081800000, 0x0000000081700000| Complete 
|  24|0x0000000081800000, 0x0000000081900000, 0x0000000081900000|100%|HC|  |TAMS 0x0000000081900000, 0x0000000081800000| Complete 
|  25|0x0000000081900000, 0x0000000081a00000, 0x0000000081a00000|100%|HC|  |TAMS 0x0000000081a00000, 0x0000000081900000| Complete 
|  26|0x0000000081a00000, 0x0000000081b00000, 0x0000000081b00000|100%|HC|  |TAMS 0x0000000081b00000, 0x0000000081a00000| Complete 
|  27|0x0000000081b00000, 0x0000000081c00000, 0x0000000081c00000|100%| O|  |TAMS 0x0000000081c00000, 0x0000000081b00000| Untracked 
|  28|0x0000000081c00000, 0x0000000081d00000, 0x0000000081d00000|100%| O|  |TAMS 0x0000000081d00000, 0x0000000081c00000| Untracked 
|  29|0x0000000081d00000, 0x0000000081e00000, 0x0000000081e00000|100%| O|  |TAMS 0x0000000081e00000, 0x0000000081d00000| Untracked 
|  30|0x0000000081e00000, 0x0000000081f00000, 0x0000000081f00000|100%| O|  |TAMS 0x0000000081f00000, 0x0000000081e00000| Untracked 
|  31|0x0000000081f00000, 0x0000000082000000, 0x0000000082000000|100%| O|  |TAMS 0x0000000082000000, 0x0000000081f00000| Untracked 
|  32|0x0000000082000000, 0x0000000082100000, 0x0000000082100000|100%| O|  |TAMS 0x0000000082100000, 0x0000000082000000| Untracked 
|  33|0x0000000082100000, 0x0000000082200000, 0x0000000082200000|100%| O|  |TAMS 0x0000000082200000, 0x0000000082100000| Untracked 
|  34|0x0000000082200000, 0x0000000082300000, 0x0000000082300000|100%| O|  |TAMS 0x0000000082300000, 0x0000000082200000| Untracked 
|  35|0x0000000082300000, 0x0000000082400000, 0x0000000082400000|100%| O|  |TAMS 0x0000000082400000, 0x0000000082300000| Untracked 
|  36|0x0000000082400000, 0x0000000082500000, 0x0000000082500000|100%| O|  |TAMS 0x0000000082500000, 0x0000000082400000| Untracked 
|  37|0x0000000082500000, 0x0000000082600000, 0x0000000082600000|100%| O|  |TAMS 0x0000000082600000, 0x0000000082500000| Untracked 
|  38|0x0000000082600000, 0x0000000082700000, 0x0000000082700000|100%| O|  |TAMS 0x0000000082700000, 0x0000000082600000| Untracked 
|  39|0x0000000082700000, 0x0000000082800000, 0x0000000082800000|100%| O|  |TAMS 0x0000000082800000, 0x0000000082700000| Untracked 
|  40|0x0000000082800000, 0x0000000082900000, 0x0000000082900000|100%| O|  |TAMS 0x0000000082900000, 0x0000000082800000| Untracked 
|  41|0x0000000082900000, 0x00000000829c4200, 0x0000000082a00000| 76%| O|  |TAMS 0x0000000082900000, 0x0000000082900000| Untracked 
|  42|0x0000000082a00000, 0x0000000082b00000, 0x0000000082b00000|100%| O|  |TAMS 0x0000000082a3d400, 0x0000000082a00000| Untracked 
|  43|0x0000000082b00000, 0x0000000082c00000, 0x0000000082c00000|100%| O|  |TAMS 0x0000000082c00000, 0x0000000082b00000| Untracked 
|  44|0x0000000082c00000, 0x0000000082d00000, 0x0000000082d00000|100%|HS|  |TAMS 0x0000000082c00000, 0x0000000082c00000| Complete 
|  45|0x0000000082d00000, 0x0000000082e00000, 0x0000000082e00000|100%|HC|  |TAMS 0x0000000082d00000, 0x0000000082d00000| Complete 
|  46|0x0000000082e00000, 0x0000000082f00000, 0x0000000082f00000|100%|HC|  |TAMS 0x0000000082e00000, 0x0000000082e00000| Complete 
|  47|0x0000000082f00000, 0x0000000083000000, 0x0000000083000000|100%|HC|  |TAMS 0x0000000082f00000, 0x0000000082f00000| Complete 
|  48|0x0000000083000000, 0x0000000083100000, 0x0000000083100000|100%|HC|  |TAMS 0x0000000083000000, 0x0000000083000000| Complete 
|  49|0x0000000083100000, 0x0000000083100000, 0x0000000083200000|  0%| F|  |TAMS 0x0000000083100000, 0x0000000083100000| Untracked 
|  50|0x0000000083200000, 0x0000000083300000, 0x0000000083300000|100%| O|  |TAMS 0x0000000083300000, 0x0000000083200000| Untracked 
|  51|0x0000000083300000, 0x0000000083400000, 0x0000000083400000|100%| O|  |TAMS 0x0000000083400000, 0x0000000083300000| Untracked 
|  52|0x0000000083400000, 0x0000000083500000, 0x0000000083500000|100%| O|  |TAMS 0x0000000083500000, 0x0000000083400000| Untracked 
|  53|0x0000000083500000, 0x0000000083600000, 0x0000000083600000|100%|HS|  |TAMS 0x0000000083500000, 0x0000000083500000| Complete 
|  54|0x0000000083600000, 0x0000000083700000, 0x0000000083700000|100%|HC|  |TAMS 0x0000000083600000, 0x0000000083600000| Complete 
|  55|0x0000000083700000, 0x0000000083800000, 0x0000000083800000|100%|HC|  |TAMS 0x0000000083700000, 0x0000000083700000| Complete 
|  56|0x0000000083800000, 0x0000000083800000, 0x0000000083900000|  0%| F|  |TAMS 0x0000000083800000, 0x0000000083800000| Untracked 
|  57|0x0000000083900000, 0x0000000083900000, 0x0000000083a00000|  0%| F|  |TAMS 0x0000000083900000, 0x0000000083900000| Untracked 
|  58|0x0000000083a00000, 0x0000000083a00000, 0x0000000083b00000|  0%| F|  |TAMS 0x0000000083a00000, 0x0000000083a00000| Untracked 
|  59|0x0000000083b00000, 0x0000000083b00000, 0x0000000083c00000|  0%| F|  |TAMS 0x0000000083b00000, 0x0000000083b00000| Untracked 
|  60|0x0000000083c00000, 0x0000000083c00000, 0x0000000083d00000|  0%| F|  |TAMS 0x0000000083c00000, 0x0000000083c00000| Untracked 
|  61|0x0000000083d00000, 0x0000000083d00000, 0x0000000083e00000|  0%| F|  |TAMS 0x0000000083d00000, 0x0000000083d00000| Untracked 
|  62|0x0000000083e00000, 0x0000000083e00000, 0x0000000083f00000|  0%| F|  |TAMS 0x0000000083e00000, 0x0000000083e00000| Untracked 
|  63|0x0000000083f00000, 0x0000000083f00000, 0x0000000084000000|  0%| F|  |TAMS 0x0000000083f00000, 0x0000000083f00000| Untracked 
|  64|0x0000000084000000, 0x0000000084000000, 0x0000000084100000|  0%| F|  |TAMS 0x0000000084000000, 0x0000000084000000| Untracked 
|  65|0x0000000084100000, 0x0000000084100000, 0x0000000084200000|  0%| F|  |TAMS 0x0000000084100000, 0x0000000084100000| Untracked 
|  66|0x0000000084200000, 0x0000000084200000, 0x0000000084300000|  0%| F|  |TAMS 0x0000000084200000, 0x0000000084200000| Untracked 
|  67|0x0000000084300000, 0x0000000084300000, 0x0000000084400000|  0%| F|  |TAMS 0x0000000084300000, 0x0000000084300000| Untracked 
|  68|0x0000000084400000, 0x0000000084400000, 0x0000000084500000|  0%| F|  |TAMS 0x0000000084400000, 0x0000000084400000| Untracked 
|  69|0x0000000084500000, 0x0000000084500000, 0x0000000084600000|  0%| F|  |TAMS 0x0000000084500000, 0x0000000084500000| Untracked 
|  70|0x0000000084600000, 0x0000000084600000, 0x0000000084700000|  0%| F|  |TAMS 0x0000000084600000, 0x0000000084600000| Untracked 
|  71|0x0000000084700000, 0x0000000084700000, 0x0000000084800000|  0%| F|  |TAMS 0x0000000084700000, 0x0000000084700000| Untracked 
|  72|0x0000000084800000, 0x0000000084800000, 0x0000000084900000|  0%| F|  |TAMS 0x0000000084800000, 0x0000000084800000| Untracked 
|  73|0x0000000084900000, 0x0000000084900000, 0x0000000084a00000|  0%| F|  |TAMS 0x0000000084900000, 0x0000000084900000| Untracked 
|  74|0x0000000084a00000, 0x0000000084a00000, 0x0000000084b00000|  0%| F|  |TAMS 0x0000000084a00000, 0x0000000084a00000| Untracked 
|  75|0x0000000084b00000, 0x0000000084b00000, 0x0000000084c00000|  0%| F|  |TAMS 0x0000000084b00000, 0x0000000084b00000| Untracked 
|  76|0x0000000084c00000, 0x0000000084c00000, 0x0000000084d00000|  0%| F|  |TAMS 0x0000000084c00000, 0x0000000084c00000| Untracked 
|  77|0x0000000084d00000, 0x0000000084d00000, 0x0000000084e00000|  0%| F|  |TAMS 0x0000000084d00000, 0x0000000084d00000| Untracked 
|  78|0x0000000084e00000, 0x0000000084e00000, 0x0000000084f00000|  0%| F|  |TAMS 0x0000000084e00000, 0x0000000084e00000| Untracked 
|  79|0x0000000084f00000, 0x0000000084f00000, 0x0000000085000000|  0%| F|  |TAMS 0x0000000084f00000, 0x0000000084f00000| Untracked 
|  80|0x0000000085000000, 0x0000000085000000, 0x0000000085100000|  0%| F|  |TAMS 0x0000000085000000, 0x0000000085000000| Untracked 
|  81|0x0000000085100000, 0x0000000085100000, 0x0000000085200000|  0%| F|  |TAMS 0x0000000085100000, 0x0000000085100000| Untracked 
|  82|0x0000000085200000, 0x0000000085200000, 0x0000000085300000|  0%| F|  |TAMS 0x0000000085200000, 0x0000000085200000| Untracked 
|  83|0x0000000085300000, 0x0000000085300000, 0x0000000085400000|  0%| F|  |TAMS 0x0000000085300000, 0x0000000085300000| Untracked 
|  84|0x0000000085400000, 0x0000000085400000, 0x0000000085500000|  0%| F|  |TAMS 0x0000000085400000, 0x0000000085400000| Untracked 
|  85|0x0000000085500000, 0x0000000085500000, 0x0000000085600000|  0%| F|  |TAMS 0x0000000085500000, 0x0000000085500000| Untracked 
|  86|0x0000000085600000, 0x0000000085600000, 0x0000000085700000|  0%| F|  |TAMS 0x0000000085600000, 0x0000000085600000| Untracked 
|  87|0x0000000085700000, 0x0000000085700000, 0x0000000085800000|  0%| F|  |TAMS 0x0000000085700000, 0x0000000085700000| Untracked 
|  88|0x0000000085800000, 0x0000000085800000, 0x0000000085900000|  0%| F|  |TAMS 0x0000000085800000, 0x0000000085800000| Untracked 
|  89|0x0000000085900000, 0x0000000085900000, 0x0000000085a00000|  0%| F|  |TAMS 0x0000000085900000, 0x0000000085900000| Untracked 
|  90|0x0000000085a00000, 0x0000000085a00000, 0x0000000085b00000|  0%| F|  |TAMS 0x0000000085a00000, 0x0000000085a00000| Untracked 
|  91|0x0000000085b00000, 0x0000000085b00000, 0x0000000085c00000|  0%| F|  |TAMS 0x0000000085b00000, 0x0000000085b00000| Untracked 
|  92|0x0000000085c00000, 0x0000000085c00000, 0x0000000085d00000|  0%| F|  |TAMS 0x0000000085c00000, 0x0000000085c00000| Untracked 
|  93|0x0000000085d00000, 0x0000000085d00000, 0x0000000085e00000|  0%| F|  |TAMS 0x0000000085d00000, 0x0000000085d00000| Untracked 
|  94|0x0000000085e00000, 0x0000000085e00000, 0x0000000085f00000|  0%| F|  |TAMS 0x0000000085e00000, 0x0000000085e00000| Untracked 
|  95|0x0000000085f00000, 0x0000000085f00000, 0x0000000086000000|  0%| F|  |TAMS 0x0000000085f00000, 0x0000000085f00000| Untracked 
|  96|0x0000000086000000, 0x0000000086000000, 0x0000000086100000|  0%| F|  |TAMS 0x0000000086000000, 0x0000000086000000| Untracked 
|  97|0x0000000086100000, 0x0000000086100000, 0x0000000086200000|  0%| F|  |TAMS 0x0000000086100000, 0x0000000086100000| Untracked 
|  98|0x0000000086200000, 0x0000000086200000, 0x0000000086300000|  0%| F|  |TAMS 0x0000000086200000, 0x0000000086200000| Untracked 
|  99|0x0000000086300000, 0x0000000086300000, 0x0000000086400000|  0%| F|  |TAMS 0x0000000086300000, 0x0000000086300000| Untracked 
| 100|0x0000000086400000, 0x0000000086400000, 0x0000000086500000|  0%| F|  |TAMS 0x0000000086400000, 0x0000000086400000| Untracked 
| 101|0x0000000086500000, 0x0000000086500000, 0x0000000086600000|  0%| F|  |TAMS 0x0000000086500000, 0x0000000086500000| Untracked 
| 102|0x0000000086600000, 0x0000000086600000, 0x0000000086700000|  0%| F|  |TAMS 0x0000000086600000, 0x0000000086600000| Untracked 
| 103|0x0000000086700000, 0x0000000086700000, 0x0000000086800000|  0%| F|  |TAMS 0x0000000086700000, 0x0000000086700000| Untracked 
| 104|0x0000000086800000, 0x0000000086800000, 0x0000000086900000|  0%| F|  |TAMS 0x0000000086800000, 0x0000000086800000| Untracked 
| 105|0x0000000086900000, 0x0000000086900000, 0x0000000086a00000|  0%| F|  |TAMS 0x0000000086900000, 0x0000000086900000| Untracked 
| 106|0x0000000086a00000, 0x0000000086a00000, 0x0000000086b00000|  0%| F|  |TAMS 0x0000000086a00000, 0x0000000086a00000| Untracked 
| 107|0x0000000086b00000, 0x0000000086b00000, 0x0000000086c00000|  0%| F|  |TAMS 0x0000000086b00000, 0x0000000086b00000| Untracked 
| 108|0x0000000086c00000, 0x0000000086c37008, 0x0000000086d00000| 21%| S|CS|TAMS 0x0000000086c00000, 0x0000000086c00000| Complete 
| 109|0x0000000086d00000, 0x0000000086e00000, 0x0000000086e00000|100%| S|CS|TAMS 0x0000000086d00000, 0x0000000086d00000| Complete 
| 110|0x0000000086e00000, 0x0000000086f00000, 0x0000000086f00000|100%| S|CS|TAMS 0x0000000086e00000, 0x0000000086e00000| Complete 
| 111|0x0000000086f00000, 0x0000000087000000, 0x0000000087000000|100%| S|CS|TAMS 0x0000000086f00000, 0x0000000086f00000| Complete 
| 112|0x0000000087000000, 0x0000000087100000, 0x0000000087100000|100%| S|CS|TAMS 0x0000000087000000, 0x0000000087000000| Complete 
| 113|0x0000000087100000, 0x0000000087200000, 0x0000000087200000|100%| S|CS|TAMS 0x0000000087100000, 0x0000000087100000| Complete 
| 114|0x0000000087200000, 0x0000000087300000, 0x0000000087300000|100%| S|CS|TAMS 0x0000000087200000, 0x0000000087200000| Complete 
| 115|0x0000000087300000, 0x0000000087300000, 0x0000000087400000|  0%| F|  |TAMS 0x0000000087300000, 0x0000000087300000| Untracked 
| 116|0x0000000087400000, 0x0000000087400000, 0x0000000087500000|  0%| F|  |TAMS 0x0000000087400000, 0x0000000087400000| Untracked 
| 117|0x0000000087500000, 0x0000000087500000, 0x0000000087600000|  0%| F|  |TAMS 0x0000000087500000, 0x0000000087500000| Untracked 
| 118|0x0000000087600000, 0x0000000087600000, 0x0000000087700000|  0%| F|  |TAMS 0x0000000087600000, 0x0000000087600000| Untracked 
| 119|0x0000000087700000, 0x0000000087700000, 0x0000000087800000|  0%| F|  |TAMS 0x0000000087700000, 0x0000000087700000| Untracked 
| 120|0x0000000087800000, 0x0000000087900000, 0x0000000087900000|100%| S|CS|TAMS 0x0000000087800000, 0x0000000087800000| Complete 
| 121|0x0000000087900000, 0x0000000087a00000, 0x0000000087a00000|100%| S|CS|TAMS 0x0000000087900000, 0x0000000087900000| Complete 
| 122|0x0000000087a00000, 0x0000000087b00000, 0x0000000087b00000|100%| S|CS|TAMS 0x0000000087a00000, 0x0000000087a00000| Complete 
| 123|0x0000000087b00000, 0x0000000087c00000, 0x0000000087c00000|100%| S|CS|TAMS 0x0000000087b00000, 0x0000000087b00000| Complete 
| 124|0x0000000087c00000, 0x0000000087d00000, 0x0000000087d00000|100%| S|CS|TAMS 0x0000000087c00000, 0x0000000087c00000| Complete 
| 125|0x0000000087d00000, 0x0000000087d00000, 0x0000000087e00000|  0%| F|  |TAMS 0x0000000087d00000, 0x0000000087d00000| Untracked 
| 126|0x0000000087e00000, 0x0000000087e00000, 0x0000000087f00000|  0%| F|  |TAMS 0x0000000087e00000, 0x0000000087e00000| Untracked 
| 127|0x0000000087f00000, 0x0000000087f00000, 0x0000000088000000|  0%| F|  |TAMS 0x0000000087f00000, 0x0000000087f00000| Untracked 
| 128|0x0000000088000000, 0x0000000088000000, 0x0000000088100000|  0%| F|  |TAMS 0x0000000088000000, 0x0000000088000000| Untracked 
| 129|0x0000000088100000, 0x0000000088100000, 0x0000000088200000|  0%| F|  |TAMS 0x0000000088100000, 0x0000000088100000| Untracked 
| 130|0x0000000088200000, 0x0000000088200000, 0x0000000088300000|  0%| F|  |TAMS 0x0000000088200000, 0x0000000088200000| Untracked 
| 131|0x0000000088300000, 0x0000000088300000, 0x0000000088400000|  0%| F|  |TAMS 0x0000000088300000, 0x0000000088300000| Untracked 
| 132|0x0000000088400000, 0x0000000088400000, 0x0000000088500000|  0%| F|  |TAMS 0x0000000088400000, 0x0000000088400000| Untracked 
| 133|0x0000000088500000, 0x0000000088500000, 0x0000000088600000|  0%| F|  |TAMS 0x0000000088500000, 0x0000000088500000| Untracked 
| 134|0x0000000088600000, 0x0000000088600000, 0x0000000088700000|  0%| F|  |TAMS 0x0000000088600000, 0x0000000088600000| Untracked 
| 135|0x0000000088700000, 0x0000000088700000, 0x0000000088800000|  0%| F|  |TAMS 0x0000000088700000, 0x0000000088700000| Untracked 
| 136|0x0000000088800000, 0x0000000088800000, 0x0000000088900000|  0%| F|  |TAMS 0x0000000088800000, 0x0000000088800000| Untracked 
| 137|0x0000000088900000, 0x0000000088900000, 0x0000000088a00000|  0%| F|  |TAMS 0x0000000088900000, 0x0000000088900000| Untracked 
| 138|0x0000000088a00000, 0x0000000088a00000, 0x0000000088b00000|  0%| F|  |TAMS 0x0000000088a00000, 0x0000000088a00000| Untracked 
| 139|0x0000000088b00000, 0x0000000088b00000, 0x0000000088c00000|  0%| F|  |TAMS 0x0000000088b00000, 0x0000000088b00000| Untracked 
| 140|0x0000000088c00000, 0x0000000088c00000, 0x0000000088d00000|  0%| F|  |TAMS 0x0000000088c00000, 0x0000000088c00000| Untracked 
| 141|0x0000000088d00000, 0x0000000088d00000, 0x0000000088e00000|  0%| F|  |TAMS 0x0000000088d00000, 0x0000000088d00000| Untracked 
| 142|0x0000000088e00000, 0x0000000088e00000, 0x0000000088f00000|  0%| F|  |TAMS 0x0000000088e00000, 0x0000000088e00000| Untracked 
| 143|0x0000000088f00000, 0x0000000088f00000, 0x0000000089000000|  0%| F|  |TAMS 0x0000000088f00000, 0x0000000088f00000| Untracked 
| 144|0x0000000089000000, 0x0000000089000000, 0x0000000089100000|  0%| F|  |TAMS 0x0000000089000000, 0x0000000089000000| Untracked 
| 145|0x0000000089100000, 0x0000000089100000, 0x0000000089200000|  0%| F|  |TAMS 0x0000000089100000, 0x0000000089100000| Untracked 
| 146|0x0000000089200000, 0x0000000089200000, 0x0000000089300000|  0%| F|  |TAMS 0x0000000089200000, 0x0000000089200000| Untracked 
| 147|0x0000000089300000, 0x0000000089300000, 0x0000000089400000|  0%| F|  |TAMS 0x0000000089300000, 0x0000000089300000| Untracked 
| 148|0x0000000089400000, 0x0000000089400000, 0x0000000089500000|  0%| F|  |TAMS 0x0000000089400000, 0x0000000089400000| Untracked 
| 149|0x0000000089500000, 0x0000000089500000, 0x0000000089600000|  0%| F|  |TAMS 0x0000000089500000, 0x0000000089500000| Untracked 
| 150|0x0000000089600000, 0x0000000089600000, 0x0000000089700000|  0%| F|  |TAMS 0x0000000089600000, 0x0000000089600000| Untracked 
| 151|0x0000000089700000, 0x0000000089700000, 0x0000000089800000|  0%| F|  |TAMS 0x0000000089700000, 0x0000000089700000| Untracked 
| 152|0x0000000089800000, 0x0000000089800000, 0x0000000089900000|  0%| F|  |TAMS 0x0000000089800000, 0x0000000089800000| Untracked 
| 153|0x0000000089900000, 0x0000000089900000, 0x0000000089a00000|  0%| F|  |TAMS 0x0000000089900000, 0x0000000089900000| Untracked 
| 154|0x0000000089a00000, 0x0000000089a00000, 0x0000000089b00000|  0%| F|  |TAMS 0x0000000089a00000, 0x0000000089a00000| Untracked 
| 155|0x0000000089b00000, 0x0000000089b00000, 0x0000000089c00000|  0%| F|  |TAMS 0x0000000089b00000, 0x0000000089b00000| Untracked 
| 156|0x0000000089c00000, 0x0000000089cec0b0, 0x0000000089d00000| 92%| E|  |TAMS 0x0000000089c00000, 0x0000000089c00000| Complete 
| 157|0x0000000089d00000, 0x0000000089e00000, 0x0000000089e00000|100%| E|CS|TAMS 0x0000000089d00000, 0x0000000089d00000| Complete 
| 158|0x0000000089e00000, 0x0000000089f00000, 0x0000000089f00000|100%| E|CS|TAMS 0x0000000089e00000, 0x0000000089e00000| Complete 
| 159|0x0000000089f00000, 0x000000008a000000, 0x000000008a000000|100%| E|CS|TAMS 0x0000000089f00000, 0x0000000089f00000| Complete 
| 160|0x000000008a000000, 0x000000008a100000, 0x000000008a100000|100%| E|CS|TAMS 0x000000008a000000, 0x000000008a000000| Complete 
| 161|0x000000008a100000, 0x000000008a200000, 0x000000008a200000|100%| E|CS|TAMS 0x000000008a100000, 0x000000008a100000| Complete 
| 162|0x000000008a200000, 0x000000008a300000, 0x000000008a300000|100%| E|CS|TAMS 0x000000008a200000, 0x000000008a200000| Complete 
| 163|0x000000008a300000, 0x000000008a400000, 0x000000008a400000|100%| E|CS|TAMS 0x000000008a300000, 0x000000008a300000| Complete 
| 164|0x000000008a400000, 0x000000008a500000, 0x000000008a500000|100%| E|CS|TAMS 0x000000008a400000, 0x000000008a400000| Complete 
| 165|0x000000008a500000, 0x000000008a600000, 0x000000008a600000|100%| E|CS|TAMS 0x000000008a500000, 0x000000008a500000| Complete 
| 166|0x000000008a600000, 0x000000008a700000, 0x000000008a700000|100%| E|CS|TAMS 0x000000008a600000, 0x000000008a600000| Complete 
| 167|0x000000008a700000, 0x000000008a800000, 0x000000008a800000|100%| E|CS|TAMS 0x000000008a700000, 0x000000008a700000| Complete 
| 168|0x000000008a800000, 0x000000008a900000, 0x000000008a900000|100%| E|CS|TAMS 0x000000008a800000, 0x000000008a800000| Complete 
| 169|0x000000008a900000, 0x000000008aa00000, 0x000000008aa00000|100%| E|CS|TAMS 0x000000008a900000, 0x000000008a900000| Complete 
| 170|0x000000008aa00000, 0x000000008ab00000, 0x000000008ab00000|100%| E|CS|TAMS 0x000000008aa00000, 0x000000008aa00000| Complete 
| 171|0x000000008ab00000, 0x000000008ac00000, 0x000000008ac00000|100%| E|CS|TAMS 0x000000008ab00000, 0x000000008ab00000| Complete 
| 172|0x000000008ac00000, 0x000000008ad00000, 0x000000008ad00000|100%| E|CS|TAMS 0x000000008ac00000, 0x000000008ac00000| Complete 
| 173|0x000000008ad00000, 0x000000008ae00000, 0x000000008ae00000|100%| E|CS|TAMS 0x000000008ad00000, 0x000000008ad00000| Complete 
| 174|0x000000008ae00000, 0x000000008af00000, 0x000000008af00000|100%| E|CS|TAMS 0x000000008ae00000, 0x000000008ae00000| Complete 
| 175|0x000000008af00000, 0x000000008b000000, 0x000000008b000000|100%| E|CS|TAMS 0x000000008af00000, 0x000000008af00000| Complete 
| 176|0x000000008b000000, 0x000000008b100000, 0x000000008b100000|100%| E|CS|TAMS 0x000000008b000000, 0x000000008b000000| Complete 
| 177|0x000000008b100000, 0x000000008b200000, 0x000000008b200000|100%| E|CS|TAMS 0x000000008b100000, 0x000000008b100000| Complete 
| 178|0x000000008b200000, 0x000000008b300000, 0x000000008b300000|100%| E|CS|TAMS 0x000000008b200000, 0x000000008b200000| Complete 
| 179|0x000000008b300000, 0x000000008b400000, 0x000000008b400000|100%| E|CS|TAMS 0x000000008b300000, 0x000000008b300000| Complete 
| 180|0x000000008b400000, 0x000000008b500000, 0x000000008b500000|100%| E|CS|TAMS 0x000000008b400000, 0x000000008b400000| Complete 
| 181|0x000000008b500000, 0x000000008b600000, 0x000000008b600000|100%| E|CS|TAMS 0x000000008b500000, 0x000000008b500000| Complete 
| 182|0x000000008b600000, 0x000000008b700000, 0x000000008b700000|100%| E|CS|TAMS 0x000000008b600000, 0x000000008b600000| Complete 
| 183|0x000000008b700000, 0x000000008b800000, 0x000000008b800000|100%| E|CS|TAMS 0x000000008b700000, 0x000000008b700000| Complete 
| 184|0x000000008b800000, 0x000000008b900000, 0x000000008b900000|100%| E|CS|TAMS 0x000000008b800000, 0x000000008b800000| Complete 
| 185|0x000000008b900000, 0x000000008ba00000, 0x000000008ba00000|100%| E|CS|TAMS 0x000000008b900000, 0x000000008b900000| Complete 
| 186|0x000000008ba00000, 0x000000008bb00000, 0x000000008bb00000|100%| E|CS|TAMS 0x000000008ba00000, 0x000000008ba00000| Complete 
| 187|0x000000008bb00000, 0x000000008bc00000, 0x000000008bc00000|100%| E|CS|TAMS 0x000000008bb00000, 0x000000008bb00000| Complete 
| 188|0x000000008bc00000, 0x000000008bd00000, 0x000000008bd00000|100%| E|CS|TAMS 0x000000008bc00000, 0x000000008bc00000| Complete 
| 189|0x000000008bd00000, 0x000000008be00000, 0x000000008be00000|100%| E|CS|TAMS 0x000000008bd00000, 0x000000008bd00000| Complete 
| 190|0x000000008be00000, 0x000000008bf00000, 0x000000008bf00000|100%| E|CS|TAMS 0x000000008be00000, 0x000000008be00000| Complete 
| 191|0x000000008bf00000, 0x000000008c000000, 0x000000008c000000|100%| E|CS|TAMS 0x000000008bf00000, 0x000000008bf00000| Complete 
| 192|0x000000008c000000, 0x000000008c100000, 0x000000008c100000|100%| E|CS|TAMS 0x000000008c000000, 0x000000008c000000| Complete 
| 193|0x000000008c100000, 0x000000008c200000, 0x000000008c200000|100%| E|CS|TAMS 0x000000008c100000, 0x000000008c100000| Complete 
| 194|0x000000008c200000, 0x000000008c300000, 0x000000008c300000|100%| E|CS|TAMS 0x000000008c200000, 0x000000008c200000| Complete 
| 195|0x000000008c300000, 0x000000008c400000, 0x000000008c400000|100%| E|CS|TAMS 0x000000008c300000, 0x000000008c300000| Complete 
| 196|0x000000008c400000, 0x000000008c500000, 0x000000008c500000|100%| E|CS|TAMS 0x000000008c400000, 0x000000008c400000| Complete 
| 197|0x000000008c500000, 0x000000008c600000, 0x000000008c600000|100%| E|CS|TAMS 0x000000008c500000, 0x000000008c500000| Complete 
| 198|0x000000008c600000, 0x000000008c700000, 0x000000008c700000|100%| E|CS|TAMS 0x000000008c600000, 0x000000008c600000| Complete 
| 199|0x000000008c700000, 0x000000008c800000, 0x000000008c800000|100%| E|CS|TAMS 0x000000008c700000, 0x000000008c700000| Complete 
| 200|0x000000008c800000, 0x000000008c900000, 0x000000008c900000|100%| E|CS|TAMS 0x000000008c800000, 0x000000008c800000| Complete 
| 201|0x000000008c900000, 0x000000008ca00000, 0x000000008ca00000|100%| E|CS|TAMS 0x000000008c900000, 0x000000008c900000| Complete 
| 202|0x000000008ca00000, 0x000000008cb00000, 0x000000008cb00000|100%| E|CS|TAMS 0x000000008ca00000, 0x000000008ca00000| Complete 
| 203|0x000000008cb00000, 0x000000008cc00000, 0x000000008cc00000|100%| E|CS|TAMS 0x000000008cb00000, 0x000000008cb00000| Complete 
| 204|0x000000008cc00000, 0x000000008cd00000, 0x000000008cd00000|100%| E|CS|TAMS 0x000000008cc00000, 0x000000008cc00000| Complete 
| 205|0x000000008cd00000, 0x000000008ce00000, 0x000000008ce00000|100%| E|CS|TAMS 0x000000008cd00000, 0x000000008cd00000| Complete 
| 206|0x000000008ce00000, 0x000000008cf00000, 0x000000008cf00000|100%| E|CS|TAMS 0x000000008ce00000, 0x000000008ce00000| Complete 
| 207|0x000000008cf00000, 0x000000008d000000, 0x000000008d000000|100%| E|CS|TAMS 0x000000008cf00000, 0x000000008cf00000| Complete 
| 208|0x000000008d000000, 0x000000008d100000, 0x000000008d100000|100%| E|CS|TAMS 0x000000008d000000, 0x000000008d000000| Complete 
| 209|0x000000008d100000, 0x000000008d200000, 0x000000008d200000|100%| E|CS|TAMS 0x000000008d100000, 0x000000008d100000| Complete 
| 210|0x000000008d200000, 0x000000008d300000, 0x000000008d300000|100%| E|CS|TAMS 0x000000008d200000, 0x000000008d200000| Complete 
| 211|0x000000008d300000, 0x000000008d400000, 0x000000008d400000|100%| E|CS|TAMS 0x000000008d300000, 0x000000008d300000| Complete 
| 212|0x000000008d400000, 0x000000008d500000, 0x000000008d500000|100%| E|CS|TAMS 0x000000008d400000, 0x000000008d400000| Complete 
| 213|0x000000008d500000, 0x000000008d600000, 0x000000008d600000|100%| E|CS|TAMS 0x000000008d500000, 0x000000008d500000| Complete 
| 214|0x000000008d600000, 0x000000008d700000, 0x000000008d700000|100%| E|CS|TAMS 0x000000008d600000, 0x000000008d600000| Complete 
| 215|0x000000008d700000, 0x000000008d800000, 0x000000008d800000|100%| E|CS|TAMS 0x000000008d700000, 0x000000008d700000| Complete 
| 216|0x000000008d800000, 0x000000008d900000, 0x000000008d900000|100%| E|CS|TAMS 0x000000008d800000, 0x000000008d800000| Complete 
| 217|0x000000008d900000, 0x000000008da00000, 0x000000008da00000|100%| E|CS|TAMS 0x000000008d900000, 0x000000008d900000| Complete 
| 218|0x000000008da00000, 0x000000008db00000, 0x000000008db00000|100%| E|CS|TAMS 0x000000008da00000, 0x000000008da00000| Complete 
| 219|0x000000008db00000, 0x000000008dc00000, 0x000000008dc00000|100%| E|CS|TAMS 0x000000008db00000, 0x000000008db00000| Complete 
| 220|0x000000008dc00000, 0x000000008dd00000, 0x000000008dd00000|100%| E|CS|TAMS 0x000000008dc00000, 0x000000008dc00000| Complete 
| 221|0x000000008dd00000, 0x000000008de00000, 0x000000008de00000|100%| E|CS|TAMS 0x000000008dd00000, 0x000000008dd00000| Complete 
| 222|0x000000008de00000, 0x000000008df00000, 0x000000008df00000|100%| E|CS|TAMS 0x000000008de00000, 0x000000008de00000| Complete 
| 223|0x000000008df00000, 0x000000008e000000, 0x000000008e000000|100%| E|CS|TAMS 0x000000008df00000, 0x000000008df00000| Complete 
| 224|0x000000008e000000, 0x000000008e100000, 0x000000008e100000|100%| E|CS|TAMS 0x000000008e000000, 0x000000008e000000| Complete 
| 225|0x000000008e100000, 0x000000008e200000, 0x000000008e200000|100%| E|CS|TAMS 0x000000008e100000, 0x000000008e100000| Complete 
| 226|0x000000008e200000, 0x000000008e300000, 0x000000008e300000|100%| E|CS|TAMS 0x000000008e200000, 0x000000008e200000| Complete 
| 227|0x000000008e300000, 0x000000008e400000, 0x000000008e400000|100%| E|CS|TAMS 0x000000008e300000, 0x000000008e300000| Complete 
| 228|0x000000008e400000, 0x000000008e500000, 0x000000008e500000|100%| E|CS|TAMS 0x000000008e400000, 0x000000008e400000| Complete 
| 229|0x000000008e500000, 0x000000008e600000, 0x000000008e600000|100%| E|CS|TAMS 0x000000008e500000, 0x000000008e500000| Complete 
| 230|0x000000008e600000, 0x000000008e700000, 0x000000008e700000|100%| E|CS|TAMS 0x000000008e600000, 0x000000008e600000| Complete 
| 231|0x000000008e700000, 0x000000008e800000, 0x000000008e800000|100%| E|CS|TAMS 0x000000008e700000, 0x000000008e700000| Complete 
| 232|0x000000008e800000, 0x000000008e900000, 0x000000008e900000|100%| E|CS|TAMS 0x000000008e800000, 0x000000008e800000| Complete 
| 233|0x000000008e900000, 0x000000008ea00000, 0x000000008ea00000|100%| E|CS|TAMS 0x000000008e900000, 0x000000008e900000| Complete 
| 234|0x000000008ea00000, 0x000000008eb00000, 0x000000008eb00000|100%| E|CS|TAMS 0x000000008ea00000, 0x000000008ea00000| Complete 
| 235|0x000000008eb00000, 0x000000008ec00000, 0x000000008ec00000|100%| E|CS|TAMS 0x000000008eb00000, 0x000000008eb00000| Complete 
| 236|0x000000008ec00000, 0x000000008ed00000, 0x000000008ed00000|100%| E|CS|TAMS 0x000000008ec00000, 0x000000008ec00000| Complete 
| 237|0x000000008ed00000, 0x000000008ee00000, 0x000000008ee00000|100%| E|CS|TAMS 0x000000008ed00000, 0x000000008ed00000| Complete 
| 238|0x000000008ee00000, 0x000000008ef00000, 0x000000008ef00000|100%| E|CS|TAMS 0x000000008ee00000, 0x000000008ee00000| Complete 
| 239|0x000000008ef00000, 0x000000008f000000, 0x000000008f000000|100%| E|CS|TAMS 0x000000008ef00000, 0x000000008ef00000| Complete 
| 240|0x000000008f000000, 0x000000008f100000, 0x000000008f100000|100%| E|CS|TAMS 0x000000008f000000, 0x000000008f000000| Complete 
| 241|0x000000008f100000, 0x000000008f200000, 0x000000008f200000|100%| E|CS|TAMS 0x000000008f100000, 0x000000008f100000| Complete 
| 242|0x000000008f200000, 0x000000008f300000, 0x000000008f300000|100%| E|CS|TAMS 0x000000008f200000, 0x000000008f200000| Complete 
| 243|0x000000008f300000, 0x000000008f400000, 0x000000008f400000|100%| E|CS|TAMS 0x000000008f300000, 0x000000008f300000| Complete 
| 244|0x000000008f400000, 0x000000008f500000, 0x000000008f500000|100%| E|CS|TAMS 0x000000008f400000, 0x000000008f400000| Complete 
| 245|0x000000008f500000, 0x000000008f600000, 0x000000008f600000|100%| E|CS|TAMS 0x000000008f500000, 0x000000008f500000| Complete 
| 246|0x000000008f600000, 0x000000008f700000, 0x000000008f700000|100%| E|CS|TAMS 0x000000008f600000, 0x000000008f600000| Complete 
| 247|0x000000008f700000, 0x000000008f800000, 0x000000008f800000|100%| E|  |TAMS 0x000000008f700000, 0x000000008f700000| Complete 
| 248|0x000000008f800000, 0x000000008f900000, 0x000000008f900000|100%| E|CS|TAMS 0x000000008f800000, 0x000000008f800000| Complete 
| 249|0x000000008f900000, 0x000000008fa00000, 0x000000008fa00000|100%| E|CS|TAMS 0x000000008f900000, 0x000000008f900000| Complete 
| 250|0x000000008fa00000, 0x000000008fb00000, 0x000000008fb00000|100%| E|CS|TAMS 0x000000008fa00000, 0x000000008fa00000| Complete 
| 251|0x000000008fb00000, 0x000000008fc00000, 0x000000008fc00000|100%| E|CS|TAMS 0x000000008fb00000, 0x000000008fb00000| Complete 
| 252|0x000000008fc00000, 0x000000008fd00000, 0x000000008fd00000|100%| E|CS|TAMS 0x000000008fc00000, 0x000000008fc00000| Complete 
| 253|0x000000008fd00000, 0x000000008fe00000, 0x000000008fe00000|100%| E|CS|TAMS 0x000000008fd00000, 0x000000008fd00000| Complete 
| 254|0x000000008fe00000, 0x000000008ff00000, 0x000000008ff00000|100%| E|CS|TAMS 0x000000008fe00000, 0x000000008fe00000| Complete 
| 255|0x000000008ff00000, 0x0000000090000000, 0x0000000090000000|100%| E|CS|TAMS 0x000000008ff00000, 0x000000008ff00000| Complete 
| 256|0x0000000090000000, 0x0000000090100000, 0x0000000090100000|100%| E|CS|TAMS 0x0000000090000000, 0x0000000090000000| Complete 
| 257|0x0000000090100000, 0x0000000090200000, 0x0000000090200000|100%| E|CS|TAMS 0x0000000090100000, 0x0000000090100000| Complete 
| 258|0x0000000090200000, 0x0000000090300000, 0x0000000090300000|100%| E|CS|TAMS 0x0000000090200000, 0x0000000090200000| Complete 
| 259|0x0000000090300000, 0x0000000090400000, 0x0000000090400000|100%| E|CS|TAMS 0x0000000090300000, 0x0000000090300000| Complete 
| 260|0x0000000090400000, 0x0000000090500000, 0x0000000090500000|100%| E|CS|TAMS 0x0000000090400000, 0x0000000090400000| Complete 
| 261|0x0000000090500000, 0x0000000090600000, 0x0000000090600000|100%| E|CS|TAMS 0x0000000090500000, 0x0000000090500000| Complete 
| 262|0x0000000090600000, 0x0000000090700000, 0x0000000090700000|100%| E|CS|TAMS 0x0000000090600000, 0x0000000090600000| Complete 
| 263|0x0000000090700000, 0x0000000090800000, 0x0000000090800000|100%| E|CS|TAMS 0x0000000090700000, 0x0000000090700000| Complete 
| 264|0x0000000090800000, 0x0000000090900000, 0x0000000090900000|100%| E|CS|TAMS 0x0000000090800000, 0x0000000090800000| Complete 
| 265|0x0000000090900000, 0x0000000090a00000, 0x0000000090a00000|100%| E|CS|TAMS 0x0000000090900000, 0x0000000090900000| Complete 
| 266|0x0000000090a00000, 0x0000000090b00000, 0x0000000090b00000|100%| E|CS|TAMS 0x0000000090a00000, 0x0000000090a00000| Complete 
| 267|0x0000000090b00000, 0x0000000090c00000, 0x0000000090c00000|100%| E|CS|TAMS 0x0000000090b00000, 0x0000000090b00000| Complete 
| 268|0x0000000090c00000, 0x0000000090d00000, 0x0000000090d00000|100%| E|CS|TAMS 0x0000000090c00000, 0x0000000090c00000| Complete 
| 269|0x0000000090d00000, 0x0000000090e00000, 0x0000000090e00000|100%| E|CS|TAMS 0x0000000090d00000, 0x0000000090d00000| Complete 
| 270|0x0000000090e00000, 0x0000000090f00000, 0x0000000090f00000|100%| E|CS|TAMS 0x0000000090e00000, 0x0000000090e00000| Complete 
| 271|0x0000000090f00000, 0x0000000091000000, 0x0000000091000000|100%| E|CS|TAMS 0x0000000090f00000, 0x0000000090f00000| Complete 
| 272|0x0000000091000000, 0x0000000091100000, 0x0000000091100000|100%| E|CS|TAMS 0x0000000091000000, 0x0000000091000000| Complete 
| 273|0x0000000091100000, 0x0000000091200000, 0x0000000091200000|100%| E|CS|TAMS 0x0000000091100000, 0x0000000091100000| Complete 
| 274|0x0000000091200000, 0x0000000091300000, 0x0000000091300000|100%| E|CS|TAMS 0x0000000091200000, 0x0000000091200000| Complete 
| 275|0x0000000091300000, 0x0000000091400000, 0x0000000091400000|100%| E|CS|TAMS 0x0000000091300000, 0x0000000091300000| Complete 
| 276|0x0000000091400000, 0x0000000091500000, 0x0000000091500000|100%| E|CS|TAMS 0x0000000091400000, 0x0000000091400000| Complete 
| 277|0x0000000091500000, 0x0000000091600000, 0x0000000091600000|100%| E|CS|TAMS 0x0000000091500000, 0x0000000091500000| Complete 
| 278|0x0000000091600000, 0x0000000091700000, 0x0000000091700000|100%| E|CS|TAMS 0x0000000091600000, 0x0000000091600000| Complete 
| 279|0x0000000091700000, 0x0000000091800000, 0x0000000091800000|100%| E|CS|TAMS 0x0000000091700000, 0x0000000091700000| Complete 
| 280|0x0000000091800000, 0x0000000091900000, 0x0000000091900000|100%| E|CS|TAMS 0x0000000091800000, 0x0000000091800000| Complete 
| 281|0x0000000091900000, 0x0000000091a00000, 0x0000000091a00000|100%| E|CS|TAMS 0x0000000091900000, 0x0000000091900000| Complete 
| 282|0x0000000091a00000, 0x0000000091b00000, 0x0000000091b00000|100%| E|CS|TAMS 0x0000000091a00000, 0x0000000091a00000| Complete 
| 283|0x0000000091b00000, 0x0000000091c00000, 0x0000000091c00000|100%| E|CS|TAMS 0x0000000091b00000, 0x0000000091b00000| Complete 
| 284|0x0000000091c00000, 0x0000000091d00000, 0x0000000091d00000|100%| E|CS|TAMS 0x0000000091c00000, 0x0000000091c00000| Complete 
| 285|0x0000000091d00000, 0x0000000091e00000, 0x0000000091e00000|100%| E|CS|TAMS 0x0000000091d00000, 0x0000000091d00000| Complete 
| 286|0x0000000091e00000, 0x0000000091f00000, 0x0000000091f00000|100%| E|CS|TAMS 0x0000000091e00000, 0x0000000091e00000| Complete 
| 287|0x0000000091f00000, 0x0000000092000000, 0x0000000092000000|100%| E|CS|TAMS 0x0000000091f00000, 0x0000000091f00000| Complete 
| 288|0x0000000092000000, 0x0000000092100000, 0x0000000092100000|100%| E|CS|TAMS 0x0000000092000000, 0x0000000092000000| Complete 
| 289|0x0000000092100000, 0x0000000092200000, 0x0000000092200000|100%| E|CS|TAMS 0x0000000092100000, 0x0000000092100000| Complete 
| 290|0x0000000092200000, 0x0000000092300000, 0x0000000092300000|100%| E|CS|TAMS 0x0000000092200000, 0x0000000092200000| Complete 
| 291|0x0000000092300000, 0x0000000092400000, 0x0000000092400000|100%| E|CS|TAMS 0x0000000092300000, 0x0000000092300000| Complete 
| 292|0x0000000092400000, 0x0000000092500000, 0x0000000092500000|100%| E|CS|TAMS 0x0000000092400000, 0x0000000092400000| Complete 
| 293|0x0000000092500000, 0x0000000092600000, 0x0000000092600000|100%| E|CS|TAMS 0x0000000092500000, 0x0000000092500000| Complete 
| 294|0x0000000092600000, 0x0000000092700000, 0x0000000092700000|100%| E|CS|TAMS 0x0000000092600000, 0x0000000092600000| Complete 
| 295|0x0000000092700000, 0x0000000092800000, 0x0000000092800000|100%| E|CS|TAMS 0x0000000092700000, 0x0000000092700000| Complete 
| 296|0x0000000092800000, 0x0000000092900000, 0x0000000092900000|100%| E|CS|TAMS 0x0000000092800000, 0x0000000092800000| Complete 
| 297|0x0000000092900000, 0x0000000092a00000, 0x0000000092a00000|100%| E|CS|TAMS 0x0000000092900000, 0x0000000092900000| Complete 
| 298|0x0000000092a00000, 0x0000000092b00000, 0x0000000092b00000|100%| E|CS|TAMS 0x0000000092a00000, 0x0000000092a00000| Complete 
| 299|0x0000000092b00000, 0x0000000092c00000, 0x0000000092c00000|100%| E|CS|TAMS 0x0000000092b00000, 0x0000000092b00000| Complete 

Card table byte_map: [0x00000260a78f0000,0x00000260a7cf0000] _byte_map_base: 0x00000260a74f0000

Marking Bits (Prev, Next): (CMBitMap*) 0x0000026092c0b888, (CMBitMap*) 0x0000026092c0b8c0
 Prev Bits: [0x00000260a80f0000, 0x00000260aa0f0000)
 Next Bits: [0x00000260aa0f0000, 0x00000260ac0f0000)

Polling page: 0x0000026092cb0000

Metaspace:

Usage:
  Non-class:     57.26 MB capacity,    56.04 MB ( 98%) used,     1.06 MB (  2%) free+waste,   171.31 KB ( <1%) overhead. 
      Class:      8.54 MB capacity,     7.94 MB ( 93%) used,   532.70 KB (  6%) free+waste,    79.44 KB ( <1%) overhead. 
       Both:     65.80 MB capacity,    63.97 MB ( 97%) used,     1.58 MB (  2%) free+waste,   250.75 KB ( <1%) overhead. 

Virtual space:
  Non-class space:       58.00 MB reserved,      57.50 MB (>99%) committed 
      Class space:        1.00 GB reserved,       8.63 MB ( <1%) committed 
             Both:        1.06 GB reserved,      66.13 MB (  6%) committed 

Chunk freelists:
   Non-Class:  51.00 KB
       Class:  28.00 KB
        Both:  79.00 KB

MaxMetaspaceSize: 17179869184.00 GB
CompressedClassSpaceSize: 1.00 GB

CodeHeap 'non-profiled nmethods': size=120064Kb used=6880Kb max_used=6880Kb free=113183Kb
 bounds [0x000002609f990000, 0x00000260a0050000, 0x00000260a6ed0000]
CodeHeap 'profiled nmethods': size=120000Kb used=21815Kb max_used=21815Kb free=98184Kb
 bounds [0x0000026098460000, 0x00000260999b0000, 0x000002609f990000]
CodeHeap 'non-nmethods': size=5696Kb used=2266Kb max_used=2309Kb free=3429Kb
 bounds [0x0000026097ed0000, 0x0000026098140000, 0x0000026098460000]
 total_blobs=10534 nmethods=9669 adapters=776
 compilation: enabled
              stopped_count=0, restarted_count=0
 full_count=0

Compilation events (20 events):
Event: 43.053 Thread 0x00000260ae759000 9813       3       com.sun.org.apache.xerces.internal.impl.XMLDocumentScannerImpl$PrologDriver::<init> (10 bytes)
Event: 43.053 Thread 0x00000260ae759000 nmethod 9813 0x0000026099995290 code [0x0000026099995440, 0x00000260999955f8]
Event: 43.053 Thread 0x00000260ae759000 9814       3       com.sun.org.apache.xerces.internal.impl.XMLDocumentScannerImpl$TrailingMiscDriver::<init> (10 bytes)
Event: 43.054 Thread 0x00000260ae759000 nmethod 9814 0x0000026099995690 code [0x0000026099995840, 0x00000260999959f8]
Event: 43.054 Thread 0x00000260ae759000 9815       3       com.sun.org.apache.xerces.internal.impl.XMLDocumentScannerImpl::getRecognizedFeatures (54 bytes)
Event: 43.054 Thread 0x00000260ae759000 nmethod 9815 0x0000026099995a90 code [0x0000026099995ca0, 0x0000026099996248]
Event: 43.054 Thread 0x00000260ae759000 9817       3       com.sun.org.apache.xerces.internal.impl.dtd.XMLDTDValidator::reset (297 bytes)
Event: 43.056 Thread 0x00000260ae759000 nmethod 9817 0x0000026099996410 code [0x0000026099996960, 0x000002609999a028]
Event: 43.056 Thread 0x00000260ae759000 9818       3       com.sun.org.apache.xerces.internal.impl.validation.ValidationState::resetIDTables (11 bytes)
Event: 43.057 Thread 0x00000260ae759000 nmethod 9818 0x000002609999b010 code [0x000002609999b1c0, 0x000002609999b318]
Event: 43.057 Thread 0x00000260ae759000 9819       3       com.sun.org.apache.xerces.internal.impl.XMLEntityManager::getEncodingInfo (318 bytes)
Event: 43.058 Thread 0x00000260ae759000 nmethod 9819 0x000002609999b390 code [0x000002609999b5c0, 0x000002609999c158]
Event: 43.058 Thread 0x00000260ae759000 9820       3       com.sun.org.apache.xerces.internal.impl.XMLEntityManager::createReader (577 bytes)
Event: 43.061 Thread 0x00000260ae759000 nmethod 9820 0x000002609999c290 code [0x000002609999c800, 0x000002609999f288]
Event: 43.061 Thread 0x00000260ae759000 9822       3       com.sun.org.apache.xerces.internal.impl.XMLScanner::endEntity (18 bytes)
Event: 43.062 Thread 0x00000260ae759000 nmethod 9822 0x00000260999a0010 code [0x00000260999a01c0, 0x00000260999a02f8]
Event: 43.062 Thread 0x00000260ae759000 9816       3       com.sun.org.apache.xerces.internal.impl.XMLDocumentScannerImpl::<init> (126 bytes)
Event: 43.062 Thread 0x00000260ae759000 nmethod 9816 0x00000260999a0390 code [0x00000260999a0620, 0x00000260999a1758]
Event: 43.062 Thread 0x00000260ae759000 9821       3       com.sun.org.apache.xerces.internal.impl.io.UTF8Reader::<init> (65 bytes)
Event: 43.063 Thread 0x00000260ae759000 nmethod 9821 0x00000260999a1b10 code [0x00000260999a1d00, 0x00000260999a22f8]

GC Heap History (20 events):
Event: 19.097 GC heap before
{Heap before GC invocations=46 (full 0):
 garbage-first heap   total 307200K, used 242213K [0x0000000080000000, 0x0000000100000000)
  region size 1024K, 180 young (184320K), 5 survivors (5120K)
 Metaspace       used 48029K, capacity 49314K, committed 49408K, reserved 1091584K
  class space    used 6170K, capacity 6630K, committed 6656K, reserved 1048576K
}
Event: 19.105 GC heap after
{Heap after GC invocations=47 (full 0):
 garbage-first heap   total 307200K, used 61626K [0x0000000080000000, 0x0000000100000000)
  region size 1024K, 7 young (7168K), 7 survivors (7168K)
 Metaspace       used 48029K, capacity 49314K, committed 49408K, reserved 1091584K
  class space    used 6170K, capacity 6630K, committed 6656K, reserved 1048576K
}
Event: 19.639 GC heap before
{Heap before GC invocations=47 (full 0):
 garbage-first heap   total 307200K, used 237754K [0x0000000080000000, 0x0000000100000000)
  region size 1024K, 180 young (184320K), 7 survivors (7168K)
 Metaspace       used 48037K, capacity 49314K, committed 49408K, reserved 1091584K
  class space    used 6170K, capacity 6630K, committed 6656K, reserved 1048576K
}
Event: 19.645 GC heap after
{Heap after GC invocations=48 (full 0):
 garbage-first heap   total 307200K, used 61121K [0x0000000080000000, 0x0000000100000000)
  region size 1024K, 6 young (6144K), 6 survivors (6144K)
 Metaspace       used 48037K, capacity 49314K, committed 49408K, reserved 1091584K
  class space    used 6170K, capacity 6630K, committed 6656K, reserved 1048576K
}
Event: 20.268 GC heap before
{Heap before GC invocations=48 (full 0):
 garbage-first heap   total 307200K, used 239297K [0x0000000080000000, 0x0000000100000000)
  region size 1024K, 180 young (184320K), 6 survivors (6144K)
 Metaspace       used 48039K, capacity 49314K, committed 49408K, reserved 1091584K
  class space    used 6170K, capacity 6630K, committed 6656K, reserved 1048576K
}
Event: 20.276 GC heap after
{Heap after GC invocations=49 (full 0):
 garbage-first heap   total 307200K, used 62956K [0x0000000080000000, 0x0000000100000000)
  region size 1024K, 8 young (8192K), 8 survivors (8192K)
 Metaspace       used 48039K, capacity 49314K, committed 49408K, reserved 1091584K
  class space    used 6170K, capacity 6630K, committed 6656K, reserved 1048576K
}
Event: 21.016 GC heap before
{Heap before GC invocations=49 (full 0):
 garbage-first heap   total 307200K, used 239084K [0x0000000080000000, 0x0000000100000000)
  region size 1024K, 180 young (184320K), 8 survivors (8192K)
 Metaspace       used 48044K, capacity 49314K, committed 49408K, reserved 1091584K
  class space    used 6170K, capacity 6630K, committed 6656K, reserved 1048576K
}
Event: 21.025 GC heap after
{Heap after GC invocations=50 (full 0):
 garbage-first heap   total 307200K, used 64339K [0x0000000080000000, 0x0000000100000000)
  region size 1024K, 9 young (9216K), 9 survivors (9216K)
 Metaspace       used 48044K, capacity 49314K, committed 49408K, reserved 1091584K
  class space    used 6170K, capacity 6630K, committed 6656K, reserved 1048576K
}
Event: 21.974 GC heap before
{Heap before GC invocations=50 (full 0):
 garbage-first heap   total 307200K, used 239443K [0x0000000080000000, 0x0000000100000000)
  region size 1024K, 180 young (184320K), 9 survivors (9216K)
 Metaspace       used 48044K, capacity 49314K, committed 49408K, reserved 1091584K
  class space    used 6170K, capacity 6630K, committed 6656K, reserved 1048576K
}
Event: 21.984 GC heap after
{Heap after GC invocations=51 (full 0):
 garbage-first heap   total 307200K, used 65726K [0x0000000080000000, 0x0000000100000000)
  region size 1024K, 11 young (11264K), 11 survivors (11264K)
 Metaspace       used 48044K, capacity 49314K, committed 49408K, reserved 1091584K
  class space    used 6170K, capacity 6630K, committed 6656K, reserved 1048576K
}
Event: 23.303 GC heap before
{Heap before GC invocations=51 (full 0):
 garbage-first heap   total 307200K, used 238782K [0x0000000080000000, 0x0000000100000000)
  region size 1024K, 180 young (184320K), 11 survivors (11264K)
 Metaspace       used 48045K, capacity 49314K, committed 49408K, reserved 1091584K
  class space    used 6170K, capacity 6630K, committed 6656K, reserved 1048576K
}
Event: 23.321 GC heap after
{Heap after GC invocations=52 (full 0):
 garbage-first heap   total 307200K, used 67476K [0x0000000080000000, 0x0000000100000000)
  region size 1024K, 12 young (12288K), 12 survivors (12288K)
 Metaspace       used 48045K, capacity 49314K, committed 49408K, reserved 1091584K
  class space    used 6170K, capacity 6630K, committed 6656K, reserved 1048576K
}
Event: 23.960 GC heap before
{Heap before GC invocations=52 (full 0):
 garbage-first heap   total 307200K, used 239508K [0x0000000080000000, 0x0000000100000000)
  region size 1024K, 180 young (184320K), 12 survivors (12288K)
 Metaspace       used 48046K, capacity 49314K, committed 49408K, reserved 1091584K
  class space    used 6170K, capacity 6630K, committed 6656K, reserved 1048576K
}
Event: 23.971 GC heap after
{Heap after GC invocations=53 (full 0):
 garbage-first heap   total 307200K, used 66034K [0x0000000080000000, 0x0000000100000000)
  region size 1024K, 14 young (14336K), 14 survivors (14336K)
 Metaspace       used 48046K, capacity 49314K, committed 49408K, reserved 1091584K
  class space    used 6170K, capacity 6630K, committed 6656K, reserved 1048576K
}
Event: 25.248 GC heap before
{Heap before GC invocations=53 (full 0):
 garbage-first heap   total 307200K, used 239090K [0x0000000080000000, 0x0000000100000000)
  region size 1024K, 180 young (184320K), 14 survivors (14336K)
 Metaspace       used 48059K, capacity 49314K, committed 49408K, reserved 1091584K
  class space    used 6170K, capacity 6630K, committed 6656K, reserved 1048576K
}
Event: 25.257 GC heap after
{Heap after GC invocations=54 (full 0):
 garbage-first heap   total 307200K, used 63248K [0x0000000080000000, 0x0000000100000000)
  region size 1024K, 7 young (7168K), 7 survivors (7168K)
 Metaspace       used 48059K, capacity 49314K, committed 49408K, reserved 1091584K
  class space    used 6170K, capacity 6630K, committed 6656K, reserved 1048576K
}
Event: 25.562 GC heap before
{Heap before GC invocations=54 (full 0):
 garbage-first heap   total 307200K, used 240400K [0x0000000080000000, 0x0000000100000000)
  region size 1024K, 180 young (184320K), 7 survivors (7168K)
 Metaspace       used 48064K, capacity 49315K, committed 49408K, reserved 1091584K
  class space    used 6170K, capacity 6630K, committed 6656K, reserved 1048576K
}
Event: 25.566 GC heap after
{Heap after GC invocations=55 (full 0):
 garbage-first heap   total 307200K, used 57460K [0x0000000080000000, 0x0000000100000000)
  region size 1024K, 5 young (5120K), 5 survivors (5120K)
 Metaspace       used 48064K, capacity 49315K, committed 49408K, reserved 1091584K
  class space    used 6170K, capacity 6630K, committed 6656K, reserved 1048576K
}
Event: 28.300 GC heap before
{Heap before GC invocations=55 (full 0):
 garbage-first heap   total 307200K, used 239732K [0x0000000080000000, 0x0000000100000000)
  region size 1024K, 180 young (184320K), 5 survivors (5120K)
 Metaspace       used 55806K, capacity 57427K, committed 57728K, reserved 1099776K
  class space    used 7157K, capacity 7707K, committed 7808K, reserved 1048576K
}
Event: 28.353 GC heap after
{Heap after GC invocations=56 (full 0):
 garbage-first heap   total 307200K, used 67564K [0x0000000080000000, 0x0000000100000000)
  region size 1024K, 12 young (12288K), 12 survivors (12288K)
 Metaspace       used 55806K, capacity 57427K, committed 57728K, reserved 1099776K
  class space    used 7157K, capacity 7707K, committed 7808K, reserved 1048576K
}

Deoptimization events (20 events):
Event: 39.977 Thread 0x00000260b0a18800 Uncommon trap: trap_request=0xffffffbe fr.pc=0x00000260a00174a0 relative=0x0000000000000940
Event: 39.977 Thread 0x00000260b0a18800 Uncommon trap: reason=profile_predicate action=maybe_recompile pc=0x00000260a00174a0 method=com.sun.org.apache.xerces.internal.util.URI.initializePath(Ljava/lang/String;I)V @ 56 c2
Event: 39.977 Thread 0x00000260b0a18800 DEOPT PACKING pc=0x00000260a00174a0 sp=0x000000af0b7f6b40
Event: 39.977 Thread 0x00000260b0a18800 DEOPT UNPACKING pc=0x0000026097ef78af sp=0x000000af0b7f6b00 mode 2
Event: 41.653 Thread 0x00000260b3377000 DEOPT PACKING pc=0x0000026099917bf7 sp=0x000000af0cffba80
Event: 41.653 Thread 0x00000260b3377000 DEOPT UNPACKING pc=0x0000026097ef76ce sp=0x000000af0cffaf80 mode 0
Event: 42.284 Thread 0x00000260b0a18800 DEOPT PACKING pc=0x000002609981ec90 sp=0x000000af0b7f6fd0
Event: 42.284 Thread 0x00000260b0a18800 DEOPT UNPACKING pc=0x0000026097ef76ce sp=0x000000af0b7f64a8 mode 0
Event: 42.321 Thread 0x00000260b3373000 DEOPT PACKING pc=0x00000260994c05ff sp=0x000000af0d1faf00
Event: 42.321 Thread 0x00000260b3373000 DEOPT UNPACKING pc=0x0000026097ef76ce sp=0x000000af0d1fa420 mode 0
Event: 42.336 Thread 0x00000260b3377000 DEOPT PACKING pc=0x00000260997a81b2 sp=0x000000af0cffc430
Event: 42.336 Thread 0x00000260b3377000 DEOPT UNPACKING pc=0x0000026097ef76ce sp=0x000000af0cffb8e0 mode 0
Event: 42.684 Thread 0x00000260b3373000 Uncommon trap: trap_request=0xffffffbe fr.pc=0x00000260a00073e0 relative=0x0000000000000500
Event: 42.684 Thread 0x00000260b3373000 Uncommon trap: reason=profile_predicate action=maybe_recompile pc=0x00000260a00073e0 method=sun.nio.cs.ISO_8859_1$Decoder.decodeArrayLoop(Ljava/nio/ByteBuffer;Ljava/nio/CharBuffer;)Ljava/nio/charset/CoderResult; @ 133 c2
Event: 42.684 Thread 0x00000260b3373000 DEOPT PACKING pc=0x00000260a00073e0 sp=0x000000af0d1fba10
Event: 42.684 Thread 0x00000260b3373000 DEOPT UNPACKING pc=0x0000026097ef78af sp=0x000000af0d1fb980 mode 2
Event: 43.036 Thread 0x00000260b3373000 Uncommon trap: trap_request=0xffffffbe fr.pc=0x00000260a00073e0 relative=0x0000000000000500
Event: 43.036 Thread 0x00000260b3373000 Uncommon trap: reason=profile_predicate action=maybe_recompile pc=0x00000260a00073e0 method=sun.nio.cs.ISO_8859_1$Decoder.decodeArrayLoop(Ljava/nio/ByteBuffer;Ljava/nio/CharBuffer;)Ljava/nio/charset/CoderResult; @ 133 c2
Event: 43.036 Thread 0x00000260b3373000 DEOPT PACKING pc=0x00000260a00073e0 sp=0x000000af0d1fcb50
Event: 43.036 Thread 0x00000260b3373000 DEOPT UNPACKING pc=0x0000026097ef78af sp=0x000000af0d1fcac0 mode 2

Classes redefined (0 events):
No events

Internal exceptions (20 events):
Event: 27.431 Thread 0x00000260b0a18800 Implicit null exception at 0x000002609fa5e5f4 to 0x000002609fa5e80c
Event: 27.597 Thread 0x00000260b15ce000 Exception <a 'sun/nio/fs/WindowsException'{0x0000000089090dd8}> (0x0000000089090dd8) thrown at [./src/hotspot/share/prims/jni.cpp, line 615]
Event: 27.617 Thread 0x00000260b15ce000 Exception <a 'sun/nio/fs/WindowsException'{0x0000000088f4e1d0}> (0x0000000088f4e1d0) thrown at [./src/hotspot/share/prims/jni.cpp, line 615]
Event: 27.618 Thread 0x00000260b15ce000 Exception <a 'sun/nio/fs/WindowsException'{0x0000000088f4e348}> (0x0000000088f4e348) thrown at [./src/hotspot/share/prims/jni.cpp, line 615]
Event: 27.641 Thread 0x00000260b0a18800 Exception <a 'java/lang/ClassNotFoundException'{0x0000000088fedc18}: build_bn2t4do31ea59b0fvioy9wfkrBeanInfo> (0x0000000088fedc18) thrown at [./src/hotspot/share/classfile/systemDictionary.cpp, line 231]
Event: 27.641 Thread 0x00000260b0a18800 Exception <a 'java/lang/ClassNotFoundException'{0x0000000088e05288}: org/gradle/api/internal/project/ProjectScriptBeanInfo> (0x0000000088e05288) thrown at [./src/hotspot/share/classfile/systemDictionary.cpp, line 231]
Event: 27.642 Thread 0x00000260b0a18800 Exception <a 'java/lang/ClassNotFoundException'{0x0000000088e1c6e0}: org/gradle/api/internal/project/ProjectScriptCustomizer> (0x0000000088e1c6e0) thrown at [./src/hotspot/share/classfile/systemDictionary.cpp, line 231]
Event: 27.644 Thread 0x00000260b0a18800 Exception <a 'java/lang/ClassNotFoundException'{0x0000000088e38260}: build_bn2t4do31ea59b0fvioy9wfkrCustomizer> (0x0000000088e38260) thrown at [./src/hotspot/share/classfile/systemDictionary.cpp, line 231]
Event: 28.058 Thread 0x00000260b0a18800 Implicit null exception at 0x000002609f9c0d74 to 0x000002609f9c1260
Event: 28.251 Thread 0x00000260b0a18800 Exception <a 'sun/nio/fs/WindowsException'{0x0000000087d50928}> (0x0000000087d50928) thrown at [./src/hotspot/share/prims/jni.cpp, line 615]
Event: 28.263 Thread 0x00000260b0a18800 Implicit null exception at 0x000002609fe5b2e0 to 0x000002609fe5c71c
Event: 29.802 Thread 0x00000260b0a18800 Exception <a 'java/lang/NoSuchMethodError'{0x0000000090aa6580}: 'java.lang.Object java.lang.invoke.DirectMethodHandle$Holder.invokeSpecial(java.lang.Object, java.lang.Object, int, int, java.lang.Object, java.lang.Object, java.lang.Object)'> (0x0000000090aa6580) thrown at [./src/hotspot/share/interpreter/linkResolver.cpp, line 773]
Event: 29.802 Thread 0x00000260b0a18800 Exception <a 'java/lang/NoSuchMethodError'{0x0000000090aaab00}: 'java.lang.Object java.lang.invoke.DelegatingMethodHandle$Holder.reinvoke_L(java.lang.Object, int, int, java.lang.Object, java.lang.Object, java.lang.Object)'> (0x0000000090aaab00) thrown at [./src/hotspot/share/interpreter/linkResolver.cpp, line 773]
Event: 29.803 Thread 0x00000260b0a18800 Exception <a 'java/lang/NoSuchMethodError'{0x0000000090aafac8}: 'java.lang.Object java.lang.invoke.DirectMethodHandle$Holder.invokeStatic(java.lang.Object, java.lang.Object, java.lang.Object, java.lang.Object, int)'> (0x0000000090aafac8) thrown at [./src/hotspot/share/interpreter/linkResolver.cpp, line 773]
Event: 31.069 Thread 0x00000260b3377000 Implicit null exception at 0x000002609fcc7577 to 0x000002609fcc76fc
Event: 35.792 Thread 0x00000260b3378800 Exception <a 'java/net/SocketTimeoutException'{0x000000008c284408}: Read timed out> (0x000000008c284408) thrown at [./src/hotspot/share/prims/jni.cpp, line 636]
Event: 41.612 Thread 0x00000260b3377000 Exception <a 'java/net/SocketTimeoutException'{0x000000008afd34a0}: Read timed out> (0x000000008afd34a0) thrown at [./src/hotspot/share/prims/jni.cpp, line 636]
Event: 41.612 Thread 0x00000260b3373800 Exception <a 'java/net/SocketTimeoutException'{0x000000008ab69238}: Read timed out> (0x000000008ab69238) thrown at [./src/hotspot/share/prims/jni.cpp, line 636]
Event: 41.642 Thread 0x00000260b3373800 Exception <a 'java/net/SocketTimeoutException'{0x000000008aafad90}: Read timed out> (0x000000008aafad90) thrown at [./src/hotspot/share/prims/jni.cpp, line 636]
Event: 41.658 Thread 0x00000260b3377000 Exception <a 'java/net/SocketTimeoutException'{0x000000008afe1408}: Read timed out> (0x000000008afe1408) thrown at [./src/hotspot/share/prims/jni.cpp, line 636]

Events (20 events):
Event: 35.792 loading class sun/net/ConnectionResetException
Event: 35.792 loading class sun/net/ConnectionResetException done
Event: 36.563 loading class java/util/concurrent/locks/ReentrantReadWriteLock$Sync$HoldCounter
Event: 36.563 loading class java/util/concurrent/locks/ReentrantReadWriteLock$Sync$HoldCounter done
Event: 37.197 Executing VM operation: RevokeBias
Event: 37.197 Executing VM operation: RevokeBias done
Event: 37.200 Executing VM operation: RevokeBias
Event: 37.201 Executing VM operation: RevokeBias done
Event: 39.334 Executing VM operation: RevokeBias
Event: 39.334 Executing VM operation: RevokeBias done
Event: 40.950 loading class org/gradle/internal/component/external/model/ConfigurationBoundExternalDependencyMetadata
Event: 40.950 loading class org/gradle/internal/component/external/model/ConfigurationBoundExternalDependencyMetadata done
Event: 42.262 Executing VM operation: RevokeBias
Event: 42.262 Executing VM operation: RevokeBias done
Event: 42.987 Executing VM operation: RevokeBias
Event: 42.987 Executing VM operation: RevokeBias done
Event: 42.995 Executing VM operation: RevokeBias
Event: 42.995 Executing VM operation: RevokeBias done
Event: 43.001 Executing VM operation: RevokeBias
Event: 43.001 Executing VM operation: RevokeBias done


Dynamic libraries:
0x00007ff7ab0a0000 - 0x00007ff7ab0aa000 	C:\Program Files\Android\Android Studio\jre\bin\java.exe
0x00007ffadb190000 - 0x00007ffadb385000 	C:\Windows\SYSTEM32\ntdll.dll
0x00007ffadaff0000 - 0x00007ffadb0ae000 	C:\Windows\System32\KERNEL32.DLL
0x00007ffad88b0000 - 0x00007ffad8b78000 	C:\Windows\System32\KERNELBASE.dll
0x00007ffad8b80000 - 0x00007ffad8c80000 	C:\Windows\System32\ucrtbase.dll
0x00007ffac86d0000 - 0x00007ffac86e9000 	C:\Program Files\Android\Android Studio\jre\bin\jli.dll
0x00007ffac6c40000 - 0x00007ffac6c57000 	C:\Program Files\Android\Android Studio\jre\bin\VCRUNTIME140.dll
0x00007ffada000000 - 0x00007ffada1a1000 	C:\Windows\System32\USER32.dll
0x00007ffad9120000 - 0x00007ffad9142000 	C:\Windows\System32\win32u.dll
0x00007ffadb0b0000 - 0x00007ffadb0db000 	C:\Windows\System32\GDI32.dll
0x00007ffad8db0000 - 0x00007ffad8ebb000 	C:\Windows\System32\gdi32full.dll
0x00007ffad8d10000 - 0x00007ffad8dad000 	C:\Windows\System32\msvcp_win.dll
0x00007ffac6180000 - 0x00007ffac641a000 	C:\Windows\WinSxS\amd64_microsoft.windows.common-controls_6595b64144ccf1df_6.0.19041.1110_none_60b5254171f9507e\COMCTL32.dll
0x00007ffad9540000 - 0x00007ffad95de000 	C:\Windows\System32\msvcrt.dll
0x00007ffad95e0000 - 0x00007ffad9610000 	C:\Windows\System32\IMM32.DLL
0x00007ffa8e750000 - 0x00007ffa8e7ed000 	C:\Program Files\Android\Android Studio\jre\bin\msvcp140.dll
0x00007ffa47350000 - 0x00007ffa47e1f000 	C:\Program Files\Android\Android Studio\jre\bin\server\jvm.dll
0x00007ffada460000 - 0x00007ffada50c000 	C:\Windows\System32\ADVAPI32.dll
0x00007ffad96d0000 - 0x00007ffad976b000 	C:\Windows\System32\sechost.dll
0x00007ffada510000 - 0x00007ffada63a000 	C:\Windows\System32\RPCRT4.dll
0x00007ffac3690000 - 0x00007ffac36b7000 	C:\Windows\SYSTEM32\WINMM.dll
0x00007ffad9610000 - 0x00007ffad9618000 	C:\Windows\System32\PSAPI.DLL
0x00007ffacfd10000 - 0x00007ffacfd1a000 	C:\Windows\SYSTEM32\VERSION.dll
0x00007ffabefd0000 - 0x00007ffabefd9000 	C:\Windows\SYSTEM32\WSOCK32.dll
0x00007ffadb0e0000 - 0x00007ffadb14b000 	C:\Windows\System32\ws2_32.DLL
0x00007ffad67b0000 - 0x00007ffad67c2000 	C:\Windows\SYSTEM32\kernel.appcore.dll
0x00007ffad25e0000 - 0x00007ffad25f1000 	C:\Program Files\Android\Android Studio\jre\bin\verify.dll
0x00007ffac9870000 - 0x00007ffac9a54000 	C:\Windows\SYSTEM32\DBGHELP.DLL
0x00007ffac10a0000 - 0x00007ffac10cc000 	C:\Windows\SYSTEM32\dbgcore.DLL
0x00007ffad9150000 - 0x00007ffad91d3000 	C:\Windows\System32\bcryptPrimitives.dll
0x00007ffad25b0000 - 0x00007ffad25d9000 	C:\Program Files\Android\Android Studio\jre\bin\java.dll
0x00007ffad3290000 - 0x00007ffad329b000 	C:\Program Files\Android\Android Studio\jre\bin\jimage.dll
0x00007ffad2590000 - 0x00007ffad25a8000 	C:\Program Files\Android\Android Studio\jre\bin\zip.dll
0x00007ffada6e0000 - 0x00007ffadae1f000 	C:\Windows\System32\SHELL32.dll
0x00007ffad69b0000 - 0x00007ffad7140000 	C:\Windows\SYSTEM32\windows.storage.dll
0x00007ffad91e0000 - 0x00007ffad9535000 	C:\Windows\System32\combase.dll
0x00007ffad8290000 - 0x00007ffad82be000 	C:\Windows\SYSTEM32\Wldp.dll
0x00007ffad9620000 - 0x00007ffad96cd000 	C:\Windows\System32\SHCORE.dll
0x00007ffadaf90000 - 0x00007ffadafe5000 	C:\Windows\System32\shlwapi.dll
0x00007ffad87f0000 - 0x00007ffad880f000 	C:\Windows\SYSTEM32\profapi.dll
0x00007ffad2570000 - 0x00007ffad258a000 	C:\Program Files\Android\Android Studio\jre\bin\net.dll
0x00007ffaced50000 - 0x00007ffacee5c000 	C:\Windows\SYSTEM32\WINHTTP.dll
0x00007ffad7f90000 - 0x00007ffad7ffa000 	C:\Windows\system32\mswsock.dll
0x00007ffad2550000 - 0x00007ffad2564000 	C:\Program Files\Android\Android Studio\jre\bin\nio.dll
0x00007ffac87d0000 - 0x00007ffac87f7000 	C:\Users\Lenovo\.gradle\native\8bec1ad78214c89d9ad589b4d07fe93259594b29d510b10fafb7a158f7737e5d\windows-amd64\native-platform.dll
0x00007ffaa1ce0000 - 0x00007ffaa1e1d000 	C:\Users\Lenovo\.gradle\native\53dbd7edfb1c66fb8903c78663c9afc45aea4f116125fa6feffd364cf09443e8\windows-amd64\native-platform-file-events.dll
0x00007ffad2540000 - 0x00007ffad254a000 	C:\Program Files\Android\Android Studio\jre\bin\management.dll
0x00007ffad2530000 - 0x00007ffad253c000 	C:\Program Files\Android\Android Studio\jre\bin\management_ext.dll
0x00007ffad81e0000 - 0x00007ffad81f8000 	C:\Windows\SYSTEM32\CRYPTSP.dll
0x00007ffad7910000 - 0x00007ffad7944000 	C:\Windows\system32\rsaenh.dll
0x00007ffad8ce0000 - 0x00007ffad8d07000 	C:\Windows\System32\bcrypt.dll
0x00007ffad8770000 - 0x00007ffad879e000 	C:\Windows\SYSTEM32\USERENV.dll
0x00007ffad8200000 - 0x00007ffad820c000 	C:\Windows\SYSTEM32\CRYPTBASE.dll
0x00007ffad7c80000 - 0x00007ffad7cbb000 	C:\Windows\SYSTEM32\IPHLPAPI.DLL
0x00007ffada6d0000 - 0x00007ffada6d8000 	C:\Windows\System32\NSI.dll
0x00007ffacfcf0000 - 0x00007ffacfd07000 	C:\Windows\SYSTEM32\dhcpcsvc6.DLL
0x00007fface900000 - 0x00007fface91d000 	C:\Windows\SYSTEM32\dhcpcsvc.DLL
0x00007ffad7cc0000 - 0x00007ffad7d8b000 	C:\Windows\SYSTEM32\DNSAPI.dll
0x00007ffac7600000 - 0x00007ffac7627000 	C:\Program Files\Android\Android Studio\jre\bin\sunec.dll
0x00007ffaced10000 - 0x00007ffaced1a000 	C:\Windows\System32\rasadhlp.dll
0x00007ffacefd0000 - 0x00007ffacf04f000 	C:\Windows\System32\fwpuclnt.dll

dbghelp: loaded successfully - version: 4.0.5 - missing functions: none
symbol engine: initialized successfully - sym options: 0x614 - pdb path: .;C:\Program Files\Android\Android Studio\jre\bin;C:\Windows\SYSTEM32;C:\Windows\WinSxS\amd64_microsoft.windows.common-controls_6595b64144ccf1df_6.0.19041.1110_none_60b5254171f9507e;C:\Program Files\Android\Android Studio\jre\bin\server;C:\Users\Lenovo\.gradle\native\8bec1ad78214c89d9ad589b4d07fe93259594b29d510b10fafb7a158f7737e5d\windows-amd64;C:\Users\Lenovo\.gradle\native\53dbd7edfb1c66fb8903c78663c9afc45aea4f116125fa6feffd364cf09443e8\windows-amd64

VM Arguments:
jvm_args: --add-opens=java.base/java.util=ALL-UNNAMED --add-opens=java.base/java.lang=ALL-UNNAMED --add-opens=java.base/java.lang.invoke=ALL-UNNAMED --add-opens=java.base/java.util=ALL-UNNAMED --add-opens=java.prefs/java.util.prefs=ALL-UNNAMED --add-opens=java.prefs/java.util.prefs=ALL-UNNAMED --add-opens=java.base/java.nio.charset=ALL-UNNAMED --add-opens=java.base/java.net=ALL-UNNAMED --add-opens=java.base/java.util.concurrent.atomic=ALL-UNNAMED -Xmx2048m -Dfile.encoding=UTF-8 -Duser.country=ID -Duser.language=en -Duser.variant 
java_command: org.gradle.launcher.daemon.bootstrap.GradleDaemon 7.0.2
java_class_path (initial): C:\Users\Lenovo\.gradle\wrapper\dists\gradle-7.0.2-bin\857tjihv64xamwrf0h14cai3r\gradle-7.0.2\lib\gradle-launcher-7.0.2.jar
Launcher Type: SUN_STANDARD

[Global flags]
     intx CICompilerCount                          = 3                                         {product} {ergonomic}
     uint ConcGCThreads                            = 1                                         {product} {ergonomic}
     uint G1ConcRefinementThreads                  = 4                                         {product} {ergonomic}
   size_t G1HeapRegionSize                         = 1048576                                   {product} {ergonomic}
    uintx GCDrainStackTargetSize                   = 64                                        {product} {ergonomic}
   size_t InitialHeapSize                          = 65011712                                  {product} {ergonomic}
   size_t MarkStackSize                            = 4194304                                   {product} {ergonomic}
   size_t MaxHeapSize                              = 2147483648                                {product} {command line}
   size_t MaxNewSize                               = 1287651328                                {product} {ergonomic}
   size_t MinHeapDeltaBytes                        = 1048576                                   {product} {ergonomic}
    uintx NonNMethodCodeHeapSize                   = 5830732                                {pd product} {ergonomic}
    uintx NonProfiledCodeHeapSize                  = 122913754                              {pd product} {ergonomic}
    uintx ProfiledCodeHeapSize                     = 122913754                              {pd product} {ergonomic}
    uintx ReservedCodeCacheSize                    = 251658240                              {pd product} {ergonomic}
     bool SegmentedCodeCache                       = true                                      {product} {ergonomic}
     bool UseCompressedClassPointers               = true                                 {lp64_product} {ergonomic}
     bool UseCompressedOops                        = true                                 {lp64_product} {ergonomic}
     bool UseG1GC                                  = true                                      {product} {ergonomic}
     bool UseLargePagesIndividualAllocation        = false                                  {pd product} {ergonomic}

Logging:
Log output configuration:
 #0: stdout all=warning uptime,level,tags
 #1: stderr all=off uptime,level,tags

Environment Variables:
PATH=C:\Windows\system32;C:\Windows;C:\Windows\System32\Wbem;C:\Windows\System32\WindowsPowerShell\v1.0\;C:\Windows\System32\OpenSSH\;C:\Users\Lenovo\AppData\Local\Microsoft\WindowsApps;
USERNAME=Lenovo
OS=Windows_NT
PROCESSOR_IDENTIFIER=Intel64 Family 6 Model 142 Stepping 12, GenuineIntel



---------------  S Y S T E M  ---------------

OS: Windows 10 , 64 bit Build 19041 (10.0.19041.1348)
OS uptime: 4 days 0:56 hours

CPU:total 4 (initial active 4) (2 cores per cpu, 2 threads per core) family 6 model 142 stepping 12 microcode 0xde, cmov, cx8, fxsr, mmx, sse, sse2, sse3, ssse3, sse4.1, sse4.2, popcnt, avx, avx2, aes, clmul, erms, 3dnowpref, lzcnt, ht, tsc, tscinvbit, bmi1, bmi2, adx, fma

Memory: 4k page, system-wide physical 3930M (166M free)
TotalPageFile size 16218M (AvailPageFile size 4M)
current process WorkingSet (physical memory assigned to process): 261M, peak: 360M
current process commit charge ("private bytes"): 537M, peak: 540M

vm_info: OpenJDK 64-Bit Server VM (11.0.10+0-b96-7249189) for windows-amd64 JRE (11.0.10+0-b96-7249189), built on Mar 31 2021 21:44:00 by "builder" with MS VC++ 14.0 (VS2015)

END.
